#
# A fatal error has been detected by the Java Runtime Environment:
#
#  SIGBUS (0xa) at pc=0x0000000109e154f0, pid=50823, tid=36367
#
# JRE version: Java(TM) SE Runtime Environment (17.0.1+12) (build 17.0.1+12-LTS-39)
# Java VM: Java HotSpot(TM) 64-Bit Server VM (17.0.1+12-LTS-39, mixed mode, sharing, tiered, compressed oops, compressed class ptrs, g1 gc, bsd-aarch64)
# Problematic frame:
# v  ~StubRoutines::SafeFetchN
#
# No core dump will be written. Core dumps have been disabled. To enable core dumping, try "ulimit -c unlimited" before starting Java again
#
# If you would like to submit a bug report, please visit:
#   https://bugreport.java.com/bugreport/crash.jsp
# The crash happened outside the Java Virtual Machine in native code.
# See problematic frame for where to report the bug.
#

---------------  S U M M A R Y ------------

Command Line: -javaagent:/Applications/IntelliJ IDEA CE.app/Contents/lib/idea_rt.jar=54691:/Applications/IntelliJ IDEA CE.app/Contents/bin -Dfile.encoding=UTF-8 --module-path=/Users/endyyu/.m2/repository/org/openjfx/javafx-controls/17.0.1/javafx-controls-17.0.1-mac-aarch64.jar:/Users/endyyu/.m2/repository/com/gluonhq/attach/storage/4.0.9/storage-4.0.9.jar:/Users/endyyu/Desktop/middleware/Play_Cards/PlayCards/target/classes:/Users/endyyu/.m2/repository/com/gluonhq/attach/lifecycle/4.0.9/lifecycle-4.0.9.jar:/Users/endyyu/.m2/repository/com/fasterxml/jackson/core/jackson-core/2.14.0-rc3/jackson-core-2.14.0-rc3.jar:/Users/endyyu/.m2/repository/com/dlsc/formsfx/formsfx-core/11.3.2/formsfx-core-11.3.2.jar:/Users/endyyu/.m2/repository/com/github/almasb/fxgl-core/17/fxgl-core-17.jar:/Users/endyyu/.m2/repository/com/github/almasb/fxgl-gameplay/17/fxgl-gameplay-17.jar:/Users/endyyu/.m2/repository/org/kordamp/ikonli/ikonli-javafx/12.3.0/ikonli-javafx-12.3.0.jar:/Users/endyyu/.m2/repository/com/gluonhq/attach/audio/4.0.9/audio-4.0.9.jar:/Users/endyyu/.m2/repository/org/openjfx/javafx-media/17.0.1/javafx-media-17.0.1-mac-aarch64.jar:/Users/endyyu/.m2/repository/org/openjfx/javafx-base/17.0.1/javafx-base-17.0.1-mac-aarch64.jar:/Users/endyyu/.m2/repository/com/github/almasb/fxgl/17/fxgl-17.jar:/Users/endyyu/.m2/repository/eu/hansolo/tilesfx/11.48/tilesfx-11.48.jar:/Users/endyyu/.m2/repository/com/fasterxml/jackson/core/jackson-databind/2.14.0-rc3/jackson-databind-2.14.0-rc3.jar:/Users/endyyu/.m2/repository/org/openjfx/javafx-graphics/17.0.1/javafx-graphics-17.0.1-mac-aarch64.jar:/Users/endyyu/.m2/repository/org/controlsfx/controlsfx/11.1.1/controlsfx-11.1.1.jar:/Users/endyyu/.m2/repository/org/jetbrains/kotlin/kotlin-stdlib/1.5.32/kotlin-stdlib-1.5.32-modular.jar:/Users/endyyu/.m2/repository/org/kordamp/ikonli/ikonli-core/12.3.0/ikonli-core-12.3.0.jar:/Users/endyyu/.m2/repository/net/synedra/validatorfx/0.2.1/validatorfx-0.2.1.jar:/Users/endyyu/.m2/repository/com/github/almasb/fxgl-scene/17/fxgl-scene-17.jar:/Users/endyyu/.m2/repository/org/openjfx/javafx-fxml/17.0.1/javafx-fxml-17.0.1-mac-aarch64.jar:/Users/endyyu/.m2/repository/com/git-Djdk.module.main=fr.playcards fr.playcards/fr.playcards.PlayCardsApplication

Host: "MacBookAir10,1" arm64 1 MHz, 8 cores, 8G, Darwin 21.2.0, macOS 12.1 (21C52)
Time: Thu Dec  1 13:53:39 2022 CET elapsed time: 31.989378 seconds (0d 0h 0m 31s)

---------------  T H R E A D  ---------------

Current thread (0x000000012e0c2400):  JavaThread "InvokeLaterDispatcher" daemon [_thread_in_native, id=36367, stack(0x00000001722a4000,0x00000001724a7000)]

Stack: [0x00000001722a4000,0x00000001724a7000],  sp=0x00000001724a67d0,  free space=2057k
Native frames: (J=compiled Java code, j=interpreted, Vv=VM code, C=native code)
v  ~StubRoutines::SafeFetchN
V  [libjvm.dylib+0x79e208]  _ZN10OopStorage7releaseEPKP7oopDesc+0x20
V  [libjvm.dylib+0x4b8f30]  jni_DeleteGlobalRef+0xc4
C  [libglass.dylib+0xab08]  -[GlassRunnable dealloc]+0x34
C  [Foundation+0x84c7c]  -[_NSThreadPerformInfo dealloc]+0x30
C  [Foundation+0x51578]  -[NSObject(NSThreadPerformAdditions) performSelectorOnMainThread:withObject:waitUntilDone:]+0x88
C  0x8979000111a60bcc
J 4201 c1 com.sun.glass.ui.mac.MacApplication.submitForLaterInvocation(Ljava/lang/Runnable;)V javafx.graphics (6 bytes) @ 0x000000010ac58558 [0x000000010ac584c0+0x0000000000000098]
C  0x0000000780600418

Java frames: (J=compiled Java code, j=interpreted, Vv=VM code)
J 4129  com.sun.glass.ui.mac.MacApplication._submitForLaterInvocation(Ljava/lang/Runnable;)V javafx.graphics (0 bytes) @ 0x0000000111a60bcc [0x0000000111a60b40+0x000000000000008c]
J 4201 c1 com.sun.glass.ui.mac.MacApplication.submitForLaterInvocation(Ljava/lang/Runnable;)V javafx.graphics (6 bytes) @ 0x000000010ac58558 [0x000000010ac584c0+0x0000000000000098]
j  com.sun.glass.ui.InvokeLaterDispatcher.run()V+82 javafx.graphics
v  ~StubRoutines::call_stub

siginfo: si_signo: 10 (SIGBUS), si_code: 1 (BUS_ADRALN), si_addr: 0x0000000109e154f0

Register to memory mapping:

 x0=0x000000012ad04148 is a global jni handle
 x1=0x0 is NULL
 x2=0x0000000787fb5820 is an oop: com.sun.glass.ui.InvokeLaterDispatcher$Future 
{0x0000000787fb5820} - klass: 'com/sun/glass/ui/InvokeLaterDispatcher$Future'
 - ---- fields (total size 3 words):
 - private 'done' 'Z' @12  true
 - private final 'runnable' 'Ljava/lang/Runnable;' @16  a 'com/sun/javafx/tk/quantum/QuantumToolkit$$Lambda$111+0x0000000800c3a678'{0x0000000780600620} (f00c00c4)
 - final synthetic 'this$0' 'Lcom/sun/glass/ui/InvokeLaterDispatcher;' @20  a 'com/sun/glass/ui/InvokeLaterDispatcher'{0x0000000780600418} (f00c0083)
 x3=0x0 is NULL
 x4=0x00000000000130a8 is an unknown value
 x5=0x0 is NULL
 x6=0x0 is NULL
 x7=0x0 is NULL
 x8=0x0000000109e154ec is at begin+0 in a stub
StubRoutines::SafeFetchN [0x0000000109e154ec, 0x0000000109e154f8] (12 bytes)
 x9=0x0 is NULL
x10=0x2010000030300000 is an unknown value
x11=0x0000000000000007 is an unknown value
x12=0x0 is NULL
x13=0x0000600003885270 points into unknown readable memory: 0x0000000000000000 | 00 00 00 00 00 00 00 00
x14=0x0000000000000001 is an unknown value
x15=0x000000012b8a9f98: OBJC_CLASS_$_GlassRunnable+0 in /Users/endyyu/.openjfx/cache/17.0.1/libglass.dylib at 0x000000012b864000
x16=0x00000001b0ea0094: pthread_getspecific+0 in /usr/lib/system/libsystem_pthread.dylib at 0x00000001b0e9e000
x17=0x00006000032a0300 points into unknown readable memory: 0xfffffffffffffffe | fe ff ff ff ff ff ff ff
x18=0x0 is NULL
x19=0x0000600003dad500 points into unknown readable memory: 0x00006000014a9540 | 40 95 4a 01 00 60 00 00
x20=0x000000012ad03f40 points into unknown readable memory: 0x0000000004ba61dc | dc 61 ba 04 00 00 00 00
x21=0x000000012ad04148 is a global jni handle
x22=0x000000012e0c2400 is a thread
x23=0x0000000000000001 is an unknown value
x24=0x000000012ad04100 is a global jni handle
x25=0x00000001023415d8: _ZN12StubRoutines17_safefetchN_entryE+0 in /Library/Java/JavaVirtualMachines/jdk-17.0.1.jdk/Contents/Home/lib/server/libjvm.dylib at 0x00000001017b0000
x26=0x000000011f51ccd0 is pointing into metadata
x27=0x0 is NULL
x28=0x000000012e0c2400 is a thread


Registers:
 x0=0x000000012ad04148  x1=0x0000000000000000  x2=0x0000000787fb5820  x3=0x0000000000000000
 x4=0x00000000000130a8  x5=0x0000000000000000  x6=0x0000000000000000  x7=0x0000000000000000
 x8=0x0000000109e154ec  x9=0x0000000000000000 x10=0x2010000030300000 x11=0x0000000000000007
x12=0x0000000000000000 x13=0x0000600003885270 x14=0x0000000000000001 x15=0x000000012b8a9f98
x16=0x00000001b0ea0094 x17=0x00006000032a0300 x18=0x0000000000000000 x19=0x0000600003dad500
x20=0x000000012ad03f40 x21=0x000000012ad04148 x22=0x000000012e0c2400 x23=0x0000000000000001
x24=0x000000012ad04100 x25=0x00000001023415d8 x26=0x000000011f51ccd0 x27=0x0000000000000000
x28=0x000000012e0c2400  fp=0x00000001724a6810  lr=0x0000000101f4cfd8  sp=0x00000001724a67d0
pc=0x0000000109e154f0 cpsr=0x0000000060001000
Top of Stack: (sp=0x00000001724a67d0)
0x00000001724a67d0:   000000011f51ccd0 0000000000000001
0x00000001724a67e0:   0000000800c2cae8 00006000015ec2e0
0x00000001724a67f0:   0000000000000000 000000012ad04138
0x00000001724a6800:   000000012ad04138 0000600003dad500
0x00000001724a6810:   00000001724a6850 0000000101f4e208
0x00000001724a6820:   0000000000000001 000000012ad04138
0x00000001724a6830:   0000000000000000 000000012ad04138
0x00000001724a6840:   0000000000000001 000000011f842800
0x00000001724a6850:   00000001724a6880 0000000101c68f30
0x00000001724a6860:   00006000015ec910 00000001fb3d0474
0x00000001724a6870:   0000000000000000 00006000015ec910
0x00000001724a6880:   00000001724a68b0 000000012b86eb08
0x00000001724a6890:   e0a3d7c4e1e70088 0000000000000000
0x00000001724a68a0:   0000000000000000 0000600000351d00
0x00000001724a68b0:   00000001724a68f0 00000001b1e64c7c
0x00000001724a68c0:   0000000800c2cae8 00006000015ec2e0
0x00000001724a68d0:   00006000015ec910 e0a3d7c4e1e70088
0x00000001724a68e0:   0000000000000000 0000000000000000
0x00000001724a68f0:   00000001724a6930 ff770001b1e31578
0x00000001724a6900:   0000000800c2cae8 0000000109e1c7c0
0x00000001724a6910:   000000011f51c70a 0000000102348f90
0x00000001724a6920:   00000001724a6a10 00000000000000b9
0x00000001724a6930:   00000001724a6990 8979000111a60bcc
0x00000001724a6940:   0000000780615758 0000000787fb5820
0x00000001724a6950:   00000001724a6ab8 00000001b0eac530
0x00000001724a6960:   000000012e0c2400 0000000102325db0
0x00000001724a6970:   00000001724a6a20 0000000000000001
0x00000001724a6980:   00000001724a69c0 000000078201f9c0
0x00000001724a6990:   00000001724a6a80 000000010ac58558
0x00000001724a69a0:   0000000787fb5820 0000000780600620
0x00000001724a69b0:   00000001724a6a18 00000000000000b6
0x00000001724a69c0:   00000001724a6a80 806f000109e2b260 

Instructions: (pc=0x0000000109e154f0)
0x0000000109e153f0:   f2a04609 f2c00029 6d425935 1e640886
0x0000000109e15400:   0c402d31 1e6408c7 1f5654d0 1e6c1017
0x0000000109e15410:   1f5050d0 1f504cd0 1f5048d0 1e650af6
0x0000000109e15420:   1f50d8f6 1f5694d6 1f5158f6 1e762880
0x0000000109e15430:   36000501 1e614000 14000026 2e251ca5
0x0000000109e15440:   d29c3009 f2a04609 f2c00029 6d425d36
0x0000000109e15450:   1e600806 0c402d32 1f5758c7 1e6c101a
0x0000000109e15460:   1f4754c7 1e650805 1f4750c7 d2866668
0x0000000109e15470:   f2a7fa68 1f474cc7 1e6608c0 1f4748c7
0x0000000109e15480:   1e6e1019 eb08007f 540000ac 1f479400
0x0000000109e15490:   1f460340 1e603b20 1400000e d2a7fd29
0x0000000109e154a0:   eb09007f 540000ac 51480069 d3607d29
0x0000000109e154b0:   9e670121 14000002 1e6a5001 1f679417
0x0000000109e154c0:   1f668742 1e613b23 1e773857 1e773860
0x0000000109e154d0:   a8c17ff3 910003bf a8c17bfd d65f03c0
0x0000000109e154e0:   b9400001 aa0103e0 d65f03c0 f9400001
0x0000000109e154f0:   aa0103e0 d65f03c0 00000000 00000000
0x0000000109e15500:   00000000 00000000 00000000 00000000
0x0000000109e15510:   00000000 00000000 00000000 00000000
0x0000000109e15520:   00000000 00000000 00000000 00000000
0x0000000109e15530:   00000000 00000000 00000000 00000000
0x0000000109e15540:   00000000 00000000 00000000 00000000
0x0000000109e15550:   00000000 00000000 00000000 00000000
0x0000000109e15560:   00000000 00000000 00000000 00000000
0x0000000109e15570:   00000000 00000000 00000000 00000000
0x0000000109e15580:   00000000 00000000 00000000 00000000
0x0000000109e15590:   00000000 00000000 00000000 00000000
0x0000000109e155a0:   00000000 00000000 00000000 00000000
0x0000000109e155b0:   00000000 00000000 00000000 00000000
0x0000000109e155c0:   00000000 00000000 00000000 00000000
0x0000000109e155d0:   00000000 00000000 00000000 00000000
0x0000000109e155e0:   00000000 00000000 00000000 00000000 


Stack slot to memory mapping:
stack at sp + 0 slots: 0x000000011f51ccd0 is pointing into metadata
stack at sp + 1 slots: 0x0000000000000001 is an unknown value
stack at sp + 2 slots: 0x0000000800c2cae8 is a pointer to class: 
com.sun.glass.ui.mac.MacApplication {0x0000000800c2cae8}
 - instance size:     5
 - klass size:        136
 - access:            final synchronized 
 - state:             fully_initialized
 - name:              'com/sun/glass/ui/mac/MacApplication'
 - super:             'com/sun/glass/ui/Application'
 - sub:               
 - arrays:            NULL
 - methods:           Array<T>(0x000000011f4f6b90)
 - method ordering:   Array<T>(0x0000000800918908)
 - default_methods:   Array<T>(0x0000000000000000)
 - local interfaces:  Array<T>(0x000000011f4f6980)
 - trans. interfaces: Array<T>(0x000000011f4f6980)
 - constants:         constant pool [548]/operands[69] {0x000000011f4f56a0} for 'com/sun/glass/ui/mac/MacApplication' cache=0x000000011f51a668
 - class loader data:  loader data: 0x00006000027a8320 for instance a 'jdk/internal/loader/ClassLoaders$AppClassLoader'{0x00000007806001c8}
 - source file:       'MacApplication.java'
 - class annotations:       Array<T>(0x0000000000000000)
 - class type annotations:  Array<T>(0x0000000000000000)
 - field annotations:       Array<T>(0x0000000000000000)
 - field type annotations:  Array<T>(0x0000000000000000)
 - inner classes:     Array<T>(0x000000011f4f3a80)
 - nest members:     Array<T>(0x000000011f4f3ad8)
 - permitted subclasses:     Array<T>(0x00000008005c37e0)
 - java mirror:       a 'java/lang/Class'{0x00000007806156e0} = 'com/sun/glass/ui/mac/MacApplication'
 - vtable length      72  (start addr: 0x0000000800c2ccb8)
 - itable length      5 (start addr: 0x0000000800c2cef8)
 - ---- static fields (1 words):
 - static final 'BROWSER_PARENT_ID' 'J' @112 
 - ---- non-static fields (7 words):
 - private 'initialActiveEventReceived' 'Z' @12 
 - private 'terminateWhenLastWindowClosed' 'Z' @13 
 - protected 'name' 'Ljava/lang/String;' @16 
 - private 'eventHandler' 'Lcom/sun/glass/ui/Application$EventHandler;' @20 
 - private 'initialOpenedFiles' '[Ljava/lang/String;' @24 
 - private 'isTaskbarApplication' 'Z' @14 
 - private 'firstDidResignActive' 'Z' @15 
 - private final 'invokeLaterDispatcher' 'Lcom/sun/glass/ui/InvokeLaterDispatcher;' @28 
 - private 'appleMenu' 'Lcom/sun/glass/ui/Menu;' @32 
 - private final 'reactivationLatch' 'Ljava/util/concurrent/CountDownLatch;' @36 
 - non-static oop maps: 16-36 
stack at sp + 3 slots: 0x00006000015ec2e0 points into unknown readable memory: 0x0100000209f56081 | 81 60 f5 09 02 00 00 01
stack at sp + 4 slots: 0x0 is NULL
stack at sp + 5 slots: 0x000000012ad04138 is a global jni handle
stack at sp + 6 slots: 0x000000012ad04138 is a global jni handle
stack at sp + 7 slots: 0x0000600003dad500 points into unknown readable memory: 0x00006000014a9540 | 40 95 4a 01 00 60 00 00

StubRoutines::SafeFetchN [0x0000000109e154ec, 0x0000000109e154f8] (12 bytes)
[MachCode]
  0x0000000109e154ec: 0100 40f9 | e003 01aa | c003 5fd6 
[/MachCode]

---------------  P R O C E S S  ---------------

Threads class SMR info:
_java_thread_list=0x00006000017e72e0, length=30, elements={
0x000000012e00f800, 0x000000012e0c0e00, 0x000000011f80a400, 0x000000012b009400,
0x000000012b009a00, 0x000000011f808200, 0x000000011f80aa00, 0x000000012b00a000,
0x000000011f80b000, 0x000000012e809800, 0x000000012e0c4a00, 0x000000011f808800,
0x000000012f019600, 0x000000012e0c2400, 0x000000011f842800, 0x000000012e166200,
0x000000012b0ff000, 0x000000012b0ff600, 0x000000012e0b9800, 0x000000012f167c00,
0x000000012f17e600, 0x000000012b1ab000, 0x000000013804ca00, 0x000000012f38e200,
0x000000012f38e800, 0x0000000128c63a00, 0x000000012e179a00, 0x0000000128c66000,
0x000000012f163200, 0x00000001289fae00
}

Java Threads: ( => current thread )
  0x000000012e00f800 JavaThread "main" [_thread_blocked, id=9987, stack(0x000000016f89c000,0x000000016fa9f000)]
  0x000000012e0c0e00 JavaThread "Reference Handler" daemon [_thread_blocked, id=14339, stack(0x00000001706f0000,0x00000001708f3000)]
  0x000000011f80a400 JavaThread "Finalizer" daemon [_thread_blocked, id=15619, stack(0x00000001708fc000,0x0000000170aff000)]
  0x000000012b009400 JavaThread "Signal Dispatcher" daemon [_thread_blocked, id=22275, stack(0x0000000170c20000,0x0000000170e23000)]
  0x000000012b009a00 JavaThread "Service Thread" daemon [_thread_blocked, id=41731, stack(0x0000000170e2c000,0x000000017102f000)]
  0x000000011f808200 JavaThread "Monitor Deflation Thread" daemon [_thread_blocked, id=23043, stack(0x0000000171038000,0x000000017123b000)]
  0x000000011f80aa00 JavaThread "C2 CompilerThread0" daemon [_thread_blocked, id=41219, stack(0x0000000171244000,0x0000000171447000)]
  0x000000012b00a000 JavaThread "C1 CompilerThread0" daemon [_thread_blocked, id=23555, stack(0x0000000171450000,0x0000000171653000)]
  0x000000011f80b000 JavaThread "Sweeper thread" daemon [_thread_blocked, id=40963, stack(0x000000017165c000,0x000000017185f000)]
  0x000000012e809800 JavaThread "Common-Cleaner" daemon [_thread_blocked, id=24323, stack(0x0000000171868000,0x0000000171a6b000)]
  0x000000012e0c4a00 JavaThread "Monitor Ctrl-Break" daemon [_thread_in_native, id=24579, stack(0x0000000171a74000,0x0000000171c77000)]
  0x000000011f808800 JavaThread "Notification Thread" daemon [_thread_blocked, id=25091, stack(0x0000000171c80000,0x0000000171e83000)]
  0x000000012f019600 JavaThread "QuantumRenderer-0" daemon [_thread_blocked, id=40195, stack(0x0000000172098000,0x000000017229b000)]
=>0x000000012e0c2400 JavaThread "InvokeLaterDispatcher" daemon [_thread_in_native, id=36367, stack(0x00000001722a4000,0x00000001724a7000)]
  0x000000011f842800 JavaThread "JavaFX Application Thread" [_thread_in_vm, id=259, stack(0x000000016f014000,0x000000016f810000)]
  0x000000012e166200 JavaThread "JavaFX-Launcher" [_thread_blocked, id=79111, stack(0x0000000172748000,0x000000017294b000)]
  0x000000012b0ff000 JavaThread "RMI Scheduler(0)" daemon [_thread_blocked, id=55299, stack(0x0000000173390000,0x0000000173593000)]
  0x000000012b0ff600 JavaThread "RMI RenewClean-[127.0.0.1:54690]" daemon [_thread_blocked, id=55555, stack(0x000000017359c000,0x000000017379f000)]
  0x000000012e0b9800 JavaThread "RMI GC Daemon" daemon [_thread_blocked, id=55811, stack(0x00000001737a8000,0x00000001739ab000)]
  0x000000012f167c00 JavaThread "Thread-4" daemon [_thread_blocked, id=56067, stack(0x00000001739b4000,0x0000000173bb7000)]
  0x000000012f17e600 JavaThread "Prism Font Disposer" daemon [_thread_blocked, id=70199, stack(0x0000000173bc0000,0x0000000173dc3000)]
  0x000000012b1ab000 JavaThread "Cleaner-0" daemon [_thread_blocked, id=69659, stack(0x0000000173dcc000,0x0000000173fcf000)]
  0x000000013804ca00 JavaThread "Attach Listener" daemon [_thread_blocked, id=68959, stack(0x0000000173fd8000,0x00000001741db000)]
  0x000000012f38e200 JavaThread "RMI TCP Accept-0" daemon [_thread_in_native, id=89111, stack(0x0000000174270000,0x0000000174473000)]
  0x000000012f38e800 JavaThread "RMI Reaper" [_thread_blocked, id=89867, stack(0x000000017447c000,0x000000017467f000)]
  0x0000000128c63a00 JavaThread "RMI TCP Connection(1)-127.0.0.1" daemon [_thread_in_native, id=90371, stack(0x0000000175210000,0x0000000175413000)]
  0x000000012e179a00 JavaThread "RMI RenewClean-[127.0.0.1:54696]" daemon [_thread_blocked, id=173571, stack(0x00000001771ac000,0x00000001773af000)]
  0x0000000128c66000 JavaThread "RMI TCP Connection(2)-127.0.0.1" daemon [_thread_in_native, id=173059, stack(0x00000001773b8000,0x00000001775bb000)]
  0x000000012f163200 JavaThread "Thread-5" daemon [_thread_blocked, id=90627, stack(0x00000001775c4000,0x00000001777c7000)]
  0x00000001289fae00 JavaThread "PulseTimer-CVDisplayLink thread" daemon [_thread_in_native, id=65527, stack(0x000000017253c000,0x00000001725bf000)]

Other Threads:
  0x000000012de0e9d0 VMThread "VM Thread" [stack: 0x00000001704e4000,0x00000001706e7000] [id=16387]
  0x000000012ae05e10 WatcherThread [stack: 0x0000000171e8c000,0x000000017208f000] [id=25603]
  0x000000012de07740 GCTaskThread "GC Thread#0" [stack: 0x000000016faa8000,0x000000016fcab000] [id=19459]
  0x000000012ad20320 GCTaskThread "GC Thread#1" [stack: 0x0000000172954000,0x0000000172b57000] [id=74755]
  0x000000012ad207a0 GCTaskThread "GC Thread#2" [stack: 0x0000000172b60000,0x0000000172d63000] [id=74243]
  0x000000012ad20c20 GCTaskThread "GC Thread#3" [stack: 0x0000000172d6c000,0x0000000172f6f000] [id=73731]
  0x000000012ad210a0 GCTaskThread "GC Thread#4" [stack: 0x0000000172f78000,0x000000017317b000] [id=54275]
  0x000000012ad21520 GCTaskThread "GC Thread#5" [stack: 0x0000000173184000,0x0000000173387000] [id=54787]
  0x000000012fa0b8c0 GCTaskThread "GC Thread#6" [stack: 0x0000000175474000,0x0000000175677000] [id=59935]
  0x000000012fa0bd40 GCTaskThread "GC Thread#7" [stack: 0x0000000175680000,0x0000000175883000] [id=68099]
  0x000000012de07df0 ConcurrentGCThread "G1 Main Marker" [stack: 0x000000016fcb4000,0x000000016feb7000] [id=12035]
  0x000000012de08670 ConcurrentGCThread "G1 Conc#0" [stack: 0x000000016fec0000,0x00000001700c3000] [id=12547]
  0x000000012de696c0 ConcurrentGCThread "G1 Conc#1" [stack: 0x0000000175004000,0x0000000175207000] [id=90115]
  0x000000012de0a4e0 ConcurrentGCThread "G1 Refine#0" [stack: 0x00000001700cc000,0x00000001702cf000] [id=13315]
  0x000000012df0b100 ConcurrentGCThread "G1 Refine#1" [stack: 0x000000017588c000,0x0000000175a8f000] [id=67331]
  0x000000012df0b820 ConcurrentGCThread "G1 Refine#2" [stack: 0x0000000175a98000,0x0000000175c9b000] [id=67075]
  0x000000012de58610 ConcurrentGCThread "G1 Refine#3" [stack: 0x0000000175ca4000,0x0000000175ea7000] [id=60931]
  0x000000012de0ad80 ConcurrentGCThread "G1 Service" [stack: 0x00000001702d8000,0x00000001704db000] [id=13571]

Threads with active compile tasks:

VM state: not at safepoint (normal execution)

VM Mutex/Monitor currently owned by a thread: None

Heap address: 0x0000000780000000, size: 2048 MB, Compressed Oops mode: Zero based, Oop shift amount: 3

CDS archive(s) mapped at: [0x0000000800000000-0x0000000800bd4000-0x0000000800bd4000), size 12402688, SharedBaseAddress: 0x0000000800000000, ArchiveRelocationMode: 0.
Compressed class space mapped at: 0x0000000800c00000-0x0000000840c00000, reserved size: 1073741824
Narrow klass base: 0x0000000800000000, Narrow klass shift: 0, Narrow klass range: 0x100000000

GC Precious Log:
 CPUs: 8 total, 8 available
 Memory: 8192M
 Large Page Support: Disabled
 NUMA Support: Disabled
 Compressed Oops: Enabled (Zero based)
 Heap Region Size: 1M
 Heap Min Capacity: 8M
 Heap Initial Capacity: 128M
 Heap Max Capacity: 2G
 Pre-touch: Disabled
 Parallel Workers: 8
 Concurrent Workers: 2
 Concurrent Refinement Workers: 8
 Periodic GC: Disabled

Heap:
 garbage-first heap   total 58368K, used 34142K [0x0000000780000000, 0x0000000800000000)
  region size 1024K, 23 young (23552K), 5 survivors (5120K)
 Metaspace       used 23833K, committed 24064K, reserved 1073152K
  class space    used 3219K, committed 3328K, reserved 1048576K

Heap Regions: E=young(eden), S=young(survivor), O=old, HS=humongous(starts), HC=humongous(continues), CS=collection set, F=free, OA=open archive, CA=closed archive, TAMS=top-at-mark-start (previous, next)
|   0|0x0000000780000000, 0x0000000780100000, 0x0000000780100000|100%| O|  |TAMS 0x0000000780000000, 0x0000000780000000| Untracked 
|   1|0x0000000780100000, 0x0000000780200000, 0x0000000780200000|100%| O|  |TAMS 0x0000000780100000, 0x0000000780100000| Untracked 
|   2|0x0000000780200000, 0x0000000780300000, 0x0000000780300000|100%| O|  |TAMS 0x0000000780200000, 0x0000000780200000| Untracked 
|   3|0x0000000780300000, 0x0000000780400000, 0x0000000780400000|100%|HS|  |TAMS 0x0000000780400000, 0x0000000780300000| Complete 
|   4|0x0000000780400000, 0x0000000780500000, 0x0000000780500000|100%|HC|  |TAMS 0x0000000780500000, 0x0000000780400000| Complete 
|   5|0x0000000780500000, 0x0000000780600000, 0x0000000780600000|100%|HC|  |TAMS 0x0000000780600000, 0x0000000780500000| Complete 
|   6|0x0000000780600000, 0x0000000780700000, 0x0000000780700000|100%| O|  |TAMS 0x0000000780600000, 0x0000000780600000| Untracked 
|   7|0x0000000780700000, 0x00000007807cc000, 0x0000000780800000| 79%| O|  |TAMS 0x0000000780700000, 0x0000000780700000| Untracked 
|   8|0x0000000780800000, 0x00000007808cf200, 0x0000000780900000| 80%| O|  |TAMS 0x0000000780800000, 0x0000000780800000| Untracked 
|   9|0x0000000780900000, 0x0000000780900000, 0x0000000780a00000|  0%| F|  |TAMS 0x0000000780900000, 0x0000000780900000| Untracked 
|  10|0x0000000780a00000, 0x0000000780a00000, 0x0000000780b00000|  0%| F|  |TAMS 0x0000000780a00000, 0x0000000780a00000| Untracked 
|  11|0x0000000780b00000, 0x0000000780b00000, 0x0000000780c00000|  0%| F|  |TAMS 0x0000000780b00000, 0x0000000780b00000| Untracked 
|  12|0x0000000780c00000, 0x0000000780c00000, 0x0000000780d00000|  0%| F|  |TAMS 0x0000000780c00000, 0x0000000780c00000| Untracked 
|  13|0x0000000780d00000, 0x0000000780dc4740, 0x0000000780e00000| 76%| S|CS|TAMS 0x0000000780d00000, 0x0000000780d00000| Complete 
|  14|0x0000000780e00000, 0x0000000780f00000, 0x0000000780f00000|100%| S|CS|TAMS 0x0000000780e00000, 0x0000000780e00000| Complete 
|  15|0x0000000780f00000, 0x0000000781000000, 0x0000000781000000|100%| S|CS|TAMS 0x0000000780f00000, 0x0000000780f00000| Complete 
|  16|0x0000000781000000, 0x0000000781100000, 0x0000000781100000|100%| S|CS|TAMS 0x0000000781000000, 0x0000000781000000| Complete 
|  17|0x0000000781100000, 0x0000000781200000, 0x0000000781200000|100%| S|CS|TAMS 0x0000000781100000, 0x0000000781100000| Complete 
|  18|0x0000000781200000, 0x0000000781200000, 0x0000000781300000|  0%| F|  |TAMS 0x0000000781200000, 0x0000000781200000| Untracked 
|  19|0x0000000781300000, 0x0000000781300000, 0x0000000781400000|  0%| F|  |TAMS 0x0000000781300000, 0x0000000781300000| Untracked 
|  20|0x0000000781400000, 0x0000000781400000, 0x0000000781500000|  0%| F|  |TAMS 0x0000000781400000, 0x0000000781400000| Untracked 
|  21|0x0000000781500000, 0x0000000781500000, 0x0000000781600000|  0%| F|  |TAMS 0x0000000781500000, 0x0000000781500000| Untracked 
|  22|0x0000000781600000, 0x0000000781600000, 0x0000000781700000|  0%| F|  |TAMS 0x0000000781600000, 0x0000000781600000| Untracked 
|  23|0x0000000781700000, 0x0000000781700000, 0x0000000781800000|  0%| F|  |TAMS 0x0000000781700000, 0x0000000781700000| Untracked 
|  24|0x0000000781800000, 0x0000000781800000, 0x0000000781900000|  0%| F|  |TAMS 0x0000000781800000, 0x0000000781800000| Untracked 
|  25|0x0000000781900000, 0x0000000781900000, 0x0000000781a00000|  0%| F|  |TAMS 0x0000000781900000, 0x0000000781900000| Untracked 
|  26|0x0000000781a00000, 0x0000000781a00000, 0x0000000781b00000|  0%| F|  |TAMS 0x0000000781a00000, 0x0000000781a00000| Untracked 
|  27|0x0000000781b00000, 0x0000000781b00000, 0x0000000781c00000|  0%| F|  |TAMS 0x0000000781b00000, 0x0000000781b00000| Untracked 
|  28|0x0000000781c00000, 0x0000000781c00000, 0x0000000781d00000|  0%| F|  |TAMS 0x0000000781c00000, 0x0000000781c00000| Untracked 
|  29|0x0000000781d00000, 0x0000000781d00000, 0x0000000781e00000|  0%| F|  |TAMS 0x0000000781d00000, 0x0000000781d00000| Untracked 
|  30|0x0000000781e00000, 0x0000000781e00000, 0x0000000781f00000|  0%| F|  |TAMS 0x0000000781e00000, 0x0000000781e00000| Untracked 
|  31|0x0000000781f00000, 0x0000000781f00000, 0x0000000782000000|  0%| F|  |TAMS 0x0000000781f00000, 0x0000000781f00000| Untracked 
|  32|0x0000000782000000, 0x0000000782100000, 0x0000000782100000|100%| O|  |TAMS 0x0000000782100000, 0x0000000782000000| Untracked 
|  33|0x0000000782100000, 0x0000000782200000, 0x0000000782200000|100%| O|  |TAMS 0x0000000782200000, 0x0000000782100000| Untracked 
|  34|0x0000000782200000, 0x0000000782300000, 0x0000000782300000|100%| O|  |TAMS 0x00000007822fde00, 0x0000000782200000| Untracked 
|  35|0x0000000782300000, 0x0000000782300000, 0x0000000782400000|  0%| F|  |TAMS 0x0000000782300000, 0x0000000782300000| Untracked 
|  36|0x0000000782400000, 0x0000000782400000, 0x0000000782500000|  0%| F|  |TAMS 0x0000000782400000, 0x0000000782400000| Untracked 
|  37|0x0000000782500000, 0x000000078255a730, 0x0000000782600000| 35%| E|  |TAMS 0x0000000782500000, 0x0000000782500000| Complete 
|  38|0x0000000782600000, 0x0000000782700000, 0x0000000782700000|100%| E|  |TAMS 0x0000000782600000, 0x0000000782600000| Complete 
|  39|0x0000000782700000, 0x0000000782800000, 0x0000000782800000|100%| E|CS|TAMS 0x0000000782700000, 0x0000000782700000| Complete 
|  40|0x0000000782800000, 0x0000000782900000, 0x0000000782900000|100%| E|CS|TAMS 0x0000000782800000, 0x0000000782800000| Complete 
|  41|0x0000000782900000, 0x0000000782a00000, 0x0000000782a00000|100%| E|CS|TAMS 0x0000000782900000, 0x0000000782900000| Complete 
|  42|0x0000000782a00000, 0x0000000782b00000, 0x0000000782b00000|100%| E|CS|TAMS 0x0000000782a00000, 0x0000000782a00000| Complete 
|  43|0x0000000782b00000, 0x0000000782c00000, 0x0000000782c00000|100%| E|CS|TAMS 0x0000000782b00000, 0x0000000782b00000| Complete 
|  44|0x0000000782c00000, 0x0000000782d00000, 0x0000000782d00000|100%| E|CS|TAMS 0x0000000782c00000, 0x0000000782c00000| Complete 
|  45|0x0000000782d00000, 0x0000000782e00000, 0x0000000782e00000|100%| E|CS|TAMS 0x0000000782d00000, 0x0000000782d00000| Complete 
|  46|0x0000000782e00000, 0x0000000782f00000, 0x0000000782f00000|100%| E|CS|TAMS 0x0000000782e00000, 0x0000000782e00000| Complete 
|  47|0x0000000782f00000, 0x0000000783000000, 0x0000000783000000|100%| E|CS|TAMS 0x0000000782f00000, 0x0000000782f00000| Complete 
| 105|0x0000000786900000, 0x0000000786a00000, 0x0000000786a00000|100%| E|CS|TAMS 0x0000000786900000, 0x0000000786900000| Complete 
| 106|0x0000000786a00000, 0x0000000786b00000, 0x0000000786b00000|100%| E|CS|TAMS 0x0000000786a00000, 0x0000000786a00000| Complete 
| 107|0x0000000786b00000, 0x0000000786c00000, 0x0000000786c00000|100%| E|CS|TAMS 0x0000000786b00000, 0x0000000786b00000| Complete 
| 108|0x0000000786c00000, 0x0000000786d00000, 0x0000000786d00000|100%| E|CS|TAMS 0x0000000786c00000, 0x0000000786c00000| Complete 
| 109|0x0000000786d00000, 0x0000000786e00000, 0x0000000786e00000|100%| E|CS|TAMS 0x0000000786d00000, 0x0000000786d00000| Complete 
| 110|0x0000000786e00000, 0x0000000786f00000, 0x0000000786f00000|100%| E|CS|TAMS 0x0000000786e00000, 0x0000000786e00000| Complete 
| 127|0x0000000787f00000, 0x0000000788000000, 0x0000000788000000|100%| E|CS|TAMS 0x0000000787f00000, 0x0000000787f00000| Complete 
|2046|0x00000007ffe00000, 0x00000007ffe78000, 0x00000007fff00000| 46%|OA|  |TAMS 0x00000007ffe78000, 0x00000007ffe00000| Untracked 
|2047|0x00000007fff00000, 0x00000007fff80000, 0x0000000800000000| 50%|CA|  |TAMS 0x00000007fff80000, 0x00000007fff00000| Untracked 

Card table byte_map: [0x0000000100ed0000,0x00000001012d0000] _byte_map_base: 0x00000000fd2d0000

Marking Bits (Prev, Next): (CMBitMap*) 0x000000012e035050, (CMBitMap*) 0x000000012e035010
 Prev Bits: [0x000000011ae14000, 0x000000011ce14000)
 Next Bits: [0x0000000118e14000, 0x000000011ae14000)

Polling page: 0x0000000100774000

Metaspace:

Usage:
  Non-class:     20.13 MB used.
      Class:      3.14 MB used.
       Both:     23.27 MB used.

Virtual space:
  Non-class space:       24.00 MB reserved,      20.25 MB ( 84%) committed,  3 nodes.
      Class space:        1.00 GB reserved,       3.25 MB ( <1%) committed,  1 nodes.
             Both:        1.02 GB reserved,      23.50 MB (  2%) committed. 

Chunk freelists:
   Non-Class:  3.52 MB
       Class:  641.00 KB
        Both:  4.14 MB

MaxMetaspaceSize: unlimited
CompressedClassSpaceSize: 1.00 GB
Initial GC threshold: 21.00 MB
Current GC threshold: 35.31 MB
CDS: on
MetaspaceReclaimPolicy: balanced
 - commit_granule_bytes: 65536.
 - commit_granule_words: 8192.
 - virtual_space_node_default_size: 1048576.
 - enlarge_chunks_in_place: 1.
 - new_chunks_are_fully_committed: 0.
 - uncommit_free_chunks: 1.
 - use_allocation_guard: 0.
 - handle_deallocations: 1.


Internal statistics:

num_allocs_failed_limit: 3.
num_arena_births: 318.
num_arena_deaths: 0.
num_vsnodes_births: 4.
num_vsnodes_deaths: 0.
num_space_committed: 376.
num_space_uncommitted: 0.
num_chunks_returned_to_freelist: 3.
num_chunks_taken_from_freelist: 1083.
num_chunk_merges: 3.
num_chunk_splits: 770.
num_chunks_enlarged: 576.
num_purges: 0.
num_inconsistent_stats: 0.

CodeHeap 'non-profiled nmethods': size=120032Kb used=2489Kb max_used=2489Kb free=117542Kb
 bounds [0x00000001118dc000, 0x0000000111b4c000, 0x0000000118e14000]
CodeHeap 'profiled nmethods': size=120016Kb used=11900Kb max_used=11900Kb free=108115Kb
 bounds [0x000000010a3a8000, 0x000000010af48000, 0x00000001118dc000]
CodeHeap 'non-nmethods': size=5712Kb used=1430Kb max_used=1625Kb free=4281Kb
 bounds [0x0000000109e14000, 0x000000010a084000, 0x000000010a3a8000]
 total_blobs=5893 nmethods=5065 adapters=742
 compilation: enabled
              stopped_count=0, restarted_count=0
 full_count=0

Compilation events (20 events):
Event: 31.725 Thread 0x000000012b00a000 5217       1       com.sun.javafx.iio.ImageFrame::setPixelScale (6 bytes)
Event: 31.725 Thread 0x000000012b00a000 nmethod 5217 0x0000000111b48990 code [0x0000000111b48b00, 0x0000000111b48be8]
Event: 31.725 Thread 0x000000012b00a000 5219       1       com.sun.javafx.iio.ImageFrame::getImageData (5 bytes)
Event: 31.725 Thread 0x000000012b00a000 nmethod 5219 0x0000000111b48c90 code [0x0000000111b48e00, 0x0000000111b48ee8]
Event: 31.725 Thread 0x000000012b00a000 5220       1       com.sun.javafx.iio.ImageFrame::getImageType (5 bytes)
Event: 31.725 Thread 0x000000012b00a000 nmethod 5220 0x0000000111b48f90 code [0x0000000111b49100, 0x0000000111b491e8]
Event: 31.725 Thread 0x000000012b00a000 5221       1       com.sun.javafx.iio.ImageFrame::getStride (5 bytes)
Event: 31.725 Thread 0x000000012b00a000 nmethod 5221 0x0000000111b49290 code [0x0000000111b49400, 0x0000000111b494e8]
Event: 31.725 Thread 0x000000012b00a000 5222       1       com.sun.javafx.iio.ImageFrame::getPixelScale (5 bytes)
Event: 31.725 Thread 0x000000012b00a000 nmethod 5222 0x0000000111b49590 code [0x0000000111b49700, 0x0000000111b497e8]
Event: 31.725 Thread 0x000000012b00a000 5223       1       com.sun.javafx.iio.ImageFrame::getMetadata (5 bytes)
Event: 31.725 Thread 0x000000012b00a000 nmethod 5223 0x0000000111b49890 code [0x0000000111b49a00, 0x0000000111b49ae8]
Event: 31.725 Thread 0x000000012b00a000 5224       1       com.sun.javafx.tk.quantum.PrismImageLoader2::getWidth (5 bytes)
Event: 31.725 Thread 0x000000012b00a000 nmethod 5224 0x0000000111b49b90 code [0x0000000111b49d00, 0x0000000111b49de8]
Event: 31.725 Thread 0x000000012b00a000 5225       1       com.sun.javafx.tk.quantum.PrismImageLoader2::getHeight (5 bytes)
Event: 31.725 Thread 0x000000012b00a000 nmethod 5225 0x0000000111b49e90 code [0x0000000111b4a000, 0x0000000111b4a0e8]
Event: 31.725 Thread 0x000000012b00a000 5226       1       javafx.scene.image.Image$ObjectPropertyImpl::store (6 bytes)
Event: 31.725 Thread 0x000000012b00a000 nmethod 5226 0x0000000111b4a190 code [0x0000000111b4a300, 0x0000000111b4a468]
Event: 31.938 Thread 0x000000012b00a000 5227       3       com.sun.scenario.animation.shared.GeneralClipInterpolator::interpolate (143 bytes)
Event: 31.938 Thread 0x000000012b00a000 nmethod 5227 0x000000010af46710 code [0x000000010af46940, 0x000000010af46f78]

GC Heap History (8 events):
Event: 0.419 GC heap before
{Heap before GC invocations=0 (full 0):
 garbage-first heap   total 133120K, used 23520K [0x0000000780000000, 0x0000000800000000)
  region size 1024K, 23 young (23552K), 0 survivors (0K)
 Metaspace       used 5266K, committed 5376K, reserved 1056768K
  class space    used 661K, committed 704K, reserved 1048576K
}
Event: 0.421 GC heap after
{Heap after GC invocations=1 (full 0):
 garbage-first heap   total 133120K, used 3551K [0x0000000780000000, 0x0000000800000000)
  region size 1024K, 3 young (3072K), 3 survivors (3072K)
 Metaspace       used 5266K, committed 5376K, reserved 1056768K
  class space    used 661K, committed 704K, reserved 1048576K
}
Event: 1.183 GC heap before
{Heap before GC invocations=1 (full 0):
 garbage-first heap   total 133120K, used 81375K [0x0000000780000000, 0x0000000800000000)
  region size 1024K, 48 young (49152K), 3 survivors (3072K)
 Metaspace       used 17487K, committed 17792K, reserved 1064960K
  class space    used 2672K, committed 2816K, reserved 1048576K
}
Event: 1.195 GC heap after
{Heap after GC invocations=2 (full 0):
 garbage-first heap   total 133120K, used 13271K [0x0000000780000000, 0x0000000800000000)
  region size 1024K, 6 young (6144K), 6 survivors (6144K)
 Metaspace       used 17487K, committed 17792K, reserved 1064960K
  class space    used 2672K, committed 2816K, reserved 1048576K
}
Event: 4.563 GC heap before
{Heap before GC invocations=2 (full 0):
 garbage-first heap   total 133120K, used 35799K [0x0000000780000000, 0x0000000800000000)
  region size 1024K, 23 young (23552K), 6 survivors (6144K)
 Metaspace       used 21210K, committed 21504K, reserved 1073152K
  class space    used 3044K, committed 3200K, reserved 1048576K
}
Event: 4.567 GC heap after
{Heap after GC invocations=3 (full 0):
 garbage-first heap   total 133120K, used 14391K [0x0000000780000000, 0x0000000800000000)
  region size 1024K, 6 young (6144K), 6 survivors (6144K)
 Metaspace       used 21210K, committed 21504K, reserved 1073152K
  class space    used 3044K, committed 3200K, reserved 1048576K
}
Event: 17.603 GC heap before
{Heap before GC invocations=4 (full 0):
 garbage-first heap   total 58368K, used 42039K [0x0000000780000000, 0x0000000800000000)
  region size 1024K, 34 young (34816K), 6 survivors (6144K)
 Metaspace       used 23466K, committed 23680K, reserved 1073152K
  class space    used 3213K, committed 3328K, reserved 1048576K
}
Event: 17.607 GC heap after
{Heap after GC invocations=5 (full 0):
 garbage-first heap   total 58368K, used 17758K [0x0000000780000000, 0x0000000800000000)
  region size 1024K, 5 young (5120K), 5 survivors (5120K)
 Metaspace       used 23466K, committed 23680K, reserved 1073152K
  class space    used 3213K, committed 3328K, reserved 1048576K
}

Deoptimization events (20 events):
Event: 30.611 Thread 0x000000011f842800 Uncommon trap: trap_request=0xffffffd6 fr.pc=0x0000000111b32064 relative=0x0000000000000324
Event: 30.611 Thread 0x000000011f842800 Uncommon trap: reason=array_check action=maybe_recompile pc=0x0000000111b32064 method=javafx.css.CompoundSelector.applies(Ljavafx/css/Styleable;[Ljava/util/Set;I)Z @ 128 c2
Event: 30.611 Thread 0x000000011f842800 DEOPT PACKING pc=0x0000000111b32064 sp=0x000000016f8098b0
Event: 30.611 Thread 0x000000011f842800 DEOPT UNPACKING pc=0x0000000109e52d1c sp=0x000000016f809810 mode 2
Event: 30.611 Thread 0x000000011f842800 Uncommon trap: trap_request=0xffffffd6 fr.pc=0x0000000111b32064 relative=0x0000000000000324
Event: 30.611 Thread 0x000000011f842800 Uncommon trap: reason=array_check action=maybe_recompile pc=0x0000000111b32064 method=javafx.css.CompoundSelector.applies(Ljavafx/css/Styleable;[Ljava/util/Set;I)Z @ 128 c2
Event: 30.611 Thread 0x000000011f842800 DEOPT PACKING pc=0x0000000111b32064 sp=0x000000016f8098b0
Event: 30.611 Thread 0x000000011f842800 DEOPT UNPACKING pc=0x0000000109e52d1c sp=0x000000016f809810 mode 2
Event: 30.611 Thread 0x000000011f842800 Uncommon trap: trap_request=0xffffffd6 fr.pc=0x0000000111b32064 relative=0x0000000000000324
Event: 30.611 Thread 0x000000011f842800 Uncommon trap: reason=array_check action=maybe_recompile pc=0x0000000111b32064 method=javafx.css.CompoundSelector.applies(Ljavafx/css/Styleable;[Ljava/util/Set;I)Z @ 128 c2
Event: 30.611 Thread 0x000000011f842800 DEOPT PACKING pc=0x0000000111b32064 sp=0x000000016f8098b0
Event: 30.611 Thread 0x000000011f842800 DEOPT UNPACKING pc=0x0000000109e52d1c sp=0x000000016f809810 mode 2
Event: 31.188 Thread 0x000000011f842800 Uncommon trap: trap_request=0xffffff45 fr.pc=0x0000000111b080b8 relative=0x00000000000058f8
Event: 31.188 Thread 0x000000011f842800 Uncommon trap: reason=unstable_if action=reinterpret pc=0x0000000111b080b8 method=javafx.scene.CssStyleHelper.transitionToState(Ljavafx/scene/Node;)V @ 329 c2
Event: 31.188 Thread 0x000000011f842800 DEOPT PACKING pc=0x0000000111b080b8 sp=0x000000016f80a1d0
Event: 31.188 Thread 0x000000011f842800 DEOPT UNPACKING pc=0x0000000109e52d1c sp=0x000000016f80a110 mode 2
Event: 31.188 Thread 0x000000011f842800 Uncommon trap: trap_request=0xffffff45 fr.pc=0x0000000111a53b20 relative=0x0000000000001ca0
Event: 31.188 Thread 0x000000011f842800 Uncommon trap: reason=unstable_if action=reinterpret pc=0x0000000111a53b20 method=javafx.scene.Node.updateBounds()V @ 70 c2
Event: 31.188 Thread 0x000000011f842800 DEOPT PACKING pc=0x0000000111a53b20 sp=0x000000016f80a5b0
Event: 31.188 Thread 0x000000011f842800 DEOPT UNPACKING pc=0x0000000109e52d1c sp=0x000000016f80a580 mode 2

Classes unloaded (0 events):
No events

Classes redefined (0 events):
No events

Internal exceptions (20 events):
Event: 29.711 Thread 0x000000012f163200 Exception <a 'java/io/FileNotFoundException'{0x0000000782a5a250}> (0x0000000782a5a250) 
thrown [open/src/hotspot/share/prims/jni.cpp, line 516]
Event: 29.712 Thread 0x000000012f163200 Exception <a 'java/io/FileNotFoundException'{0x0000000782a5f188}> (0x0000000782a5f188) 
thrown [open/src/hotspot/share/prims/jni.cpp, line 516]
Event: 30.716 Thread 0x000000012f163200 Exception <a 'java/io/FileNotFoundException'{0x0000000782601378}> (0x0000000782601378) 
thrown [open/src/hotspot/share/prims/jni.cpp, line 516]
Event: 30.717 Thread 0x000000012f163200 Exception <a 'java/io/FileNotFoundException'{0x00000007826062b0}> (0x00000007826062b0) 
thrown [open/src/hotspot/share/prims/jni.cpp, line 516]
Event: 30.717 Thread 0x000000012f163200 Exception <a 'java/io/FileNotFoundException'{0x000000078261bbd0}> (0x000000078261bbd0) 
thrown [open/src/hotspot/share/prims/jni.cpp, line 516]
Event: 30.717 Thread 0x000000012f163200 Exception <a 'java/io/FileNotFoundException'{0x0000000782620b08}> (0x0000000782620b08) 
thrown [open/src/hotspot/share/prims/jni.cpp, line 516]
Event: 30.718 Thread 0x000000012f163200 Exception <a 'java/io/FileNotFoundException'{0x0000000782625a30}> (0x0000000782625a30) 
thrown [open/src/hotspot/share/prims/jni.cpp, line 516]
Event: 30.718 Thread 0x000000012f163200 Exception <a 'java/io/FileNotFoundException'{0x000000078263b358}> (0x000000078263b358) 
thrown [open/src/hotspot/share/prims/jni.cpp, line 516]
Event: 30.718 Thread 0x000000012f163200 Exception <a 'java/io/FileNotFoundException'{0x0000000782640280}> (0x0000000782640280) 
thrown [open/src/hotspot/share/prims/jni.cpp, line 516]
Event: 30.718 Thread 0x000000012f163200 Exception <a 'java/io/FileNotFoundException'{0x000000078265de30}> (0x000000078265de30) 
thrown [open/src/hotspot/share/prims/jni.cpp, line 516]
Event: 30.719 Thread 0x000000012f163200 Exception <a 'java/io/FileNotFoundException'{0x0000000782662d68}> (0x0000000782662d68) 
thrown [open/src/hotspot/share/prims/jni.cpp, line 516]
Event: 31.723 Thread 0x000000012f163200 Exception <a 'java/io/FileNotFoundException'{0x00000007826dcd38}> (0x00000007826dcd38) 
thrown [open/src/hotspot/share/prims/jni.cpp, line 516]
Event: 31.724 Thread 0x000000012f163200 Exception <a 'java/io/FileNotFoundException'{0x00000007826ea378}> (0x00000007826ea378) 
thrown [open/src/hotspot/share/prims/jni.cpp, line 516]
Event: 31.724 Thread 0x000000012f163200 Exception <a 'java/io/FileNotFoundException'{0x00000007826ef2b0}> (0x00000007826ef2b0) 
thrown [open/src/hotspot/share/prims/jni.cpp, line 516]
Event: 31.724 Thread 0x000000012f163200 Exception <a 'java/io/FileNotFoundException'{0x00000007826f41e8}> (0x00000007826f41e8) 
thrown [open/src/hotspot/share/prims/jni.cpp, line 516]
Event: 31.724 Thread 0x000000012f163200 Exception <a 'java/io/FileNotFoundException'{0x0000000782512250}> (0x0000000782512250) 
thrown [open/src/hotspot/share/prims/jni.cpp, line 516]
Event: 31.725 Thread 0x000000012f163200 Exception <a 'java/io/FileNotFoundException'{0x0000000782517178}> (0x0000000782517178) 
thrown [open/src/hotspot/share/prims/jni.cpp, line 516]
Event: 31.725 Thread 0x000000012f163200 Exception <a 'java/io/FileNotFoundException'{0x000000078252caa8}> (0x000000078252caa8) 
thrown [open/src/hotspot/share/prims/jni.cpp, line 516]
Event: 31.725 Thread 0x000000012f163200 Exception <a 'java/io/FileNotFoundException'{0x00000007825319d0}> (0x00000007825319d0) 
thrown [open/src/hotspot/share/prims/jni.cpp, line 516]
Event: 31.725 Thread 0x000000012f163200 Exception <a 'java/io/FileNotFoundException'{0x0000000782536908}> (0x0000000782536908) 
thrown [open/src/hotspot/share/prims/jni.cpp, line 516]

VM Operations (20 events):
Event: 22.618 Executing VM operation: Cleanup
Event: 22.618 Executing VM operation: Cleanup done
Event: 23.623 Executing VM operation: Cleanup
Event: 23.623 Executing VM operation: Cleanup done
Event: 24.628 Executing VM operation: Cleanup
Event: 24.628 Executing VM operation: Cleanup done
Event: 25.628 Executing VM operation: Cleanup
Event: 25.628 Executing VM operation: Cleanup done
Event: 26.633 Executing VM operation: Cleanup
Event: 26.633 Executing VM operation: Cleanup done
Event: 27.638 Executing VM operation: Cleanup
Event: 27.639 Executing VM operation: Cleanup done
Event: 28.644 Executing VM operation: Cleanup
Event: 28.644 Executing VM operation: Cleanup done
Event: 29.649 Executing VM operation: Cleanup
Event: 29.649 Executing VM operation: Cleanup done
Event: 30.654 Executing VM operation: Cleanup
Event: 30.654 Executing VM operation: Cleanup done
Event: 31.654 Executing VM operation: Cleanup
Event: 31.655 Executing VM operation: Cleanup done

Events (20 events):
Event: 27.238 Protecting memory [0x000000017253c000,0x0000000172548000] with protection modes 3
Event: 27.238 Thread 0x0000000128970e00 Thread exited: 0x0000000128970e00
Event: 27.388 Protecting memory [0x000000017253c000,0x0000000172548000] with protection modes 0
Event: 27.388 Thread 0x000000012b379e00 Thread added: 0x000000012b379e00
Event: 27.988 Protecting memory [0x000000017253c000,0x0000000172548000] with protection modes 3
Event: 27.988 Thread 0x000000012b379e00 Thread exited: 0x000000012b379e00
Event: 28.405 Protecting memory [0x000000017253c000,0x0000000172548000] with protection modes 0
Event: 28.405 Thread 0x00000001289fae00 Thread added: 0x00000001289fae00
Event: 29.005 Protecting memory [0x000000017253c000,0x0000000172548000] with protection modes 3
Event: 29.005 Thread 0x00000001289fae00 Thread exited: 0x00000001289fae00
Event: 29.655 Protecting memory [0x000000017253c000,0x0000000172548000] with protection modes 0
Event: 29.655 Thread 0x000000012b379e00 Thread added: 0x000000012b379e00
Event: 30.005 Protecting memory [0x000000017253c000,0x0000000172548000] with protection modes 3
Event: 30.005 Thread 0x000000012b379e00 Thread exited: 0x000000012b379e00
Event: 30.121 Protecting memory [0x000000017253c000,0x0000000172548000] with protection modes 0
Event: 30.121 Thread 0x00000001289fae00 Thread added: 0x00000001289fae00
Event: 31.005 Protecting memory [0x000000017253c000,0x0000000172548000] with protection modes 3
Event: 31.005 Thread 0x00000001289fae00 Thread exited: 0x00000001289fae00
Event: 31.188 Protecting memory [0x000000017253c000,0x0000000172548000] with protection modes 0
Event: 31.188 Thread 0x00000001289fae00 Thread added: 0x00000001289fae00


Dynamic libraries:
0x0000000100724000 	/Library/Java/JavaVirtualMachines/jdk-17.0.1.jdk/Contents/Home/lib/libjli.dylib
0x00000001bb84b000 	/usr/lib/libz.1.dylib
0x00000001bb8fb000 	/usr/lib/libSystem.B.dylib
0x00000001bb8f5000 	/usr/lib/system/libcache.dylib
0x00000001bb8b3000 	/usr/lib/system/libcommonCrypto.dylib
0x00000001bb8dc000 	/usr/lib/system/libcompiler_rt.dylib
0x00000001bb8d3000 	/usr/lib/system/libcopyfile.dylib
0x00000001b0c3e000 	/usr/lib/system/libcorecrypto.dylib
0x00000001b0ce3000 	/usr/lib/system/libdispatch.dylib
0x00000001b0eab000 	/usr/lib/system/libdyld.dylib
0x00000001bb8eb000 	/usr/lib/system/libkeymgr.dylib
0x00000001bb895000 	/usr/lib/system/libmacho.dylib
0x00000001baf99000 	/usr/lib/system/libquarantine.dylib
0x00000001bb8e8000 	/usr/lib/system/libremovefile.dylib
0x00000001b603a000 	/usr/lib/system/libsystem_asl.dylib
0x00000001b0be8000 	/usr/lib/system/libsystem_blocks.dylib
0x00000001b0d69000 	/usr/lib/system/libsystem_c.dylib
0x00000001bb8e0000 	/usr/lib/system/libsystem_collections.dylib
0x00000001ba458000 	/usr/lib/system/libsystem_configuration.dylib
0x00000001b96dc000 	/usr/lib/system/libsystem_containermanager.dylib
0x00000001bb5fc000 	/usr/lib/system/libsystem_coreservices.dylib
0x00000001b35cf000 	/usr/lib/system/libsystem_darwin.dylib
0x00000001bb8ec000 	/usr/lib/system/libsystem_dnssd.dylib
0x00000001b0d66000 	/usr/lib/system/libsystem_featureflags.dylib
0x00000001b0ec0000 	/usr/lib/system/libsystem_info.dylib
0x00000001bb85d000 	/usr/lib/system/libsystem_m.dylib
0x00000001b0cb8000 	/usr/lib/system/libsystem_malloc.dylib
0x00000001b5fcb000 	/usr/lib/system/libsystem_networkextension.dylib
0x00000001b3a23000 	/usr/lib/system/libsystem_notify.dylib
0x00000001c1b01000 	/usr/lib/system/libsystem_product_info_filter.dylib
0x00000001ba45d000 	/usr/lib/system/libsystem_sandbox.dylib
0x00000001bb8e5000 	/usr/lib/system/libsystem_secinit.dylib
0x00000001b0e68000 	/usr/lib/system/libsystem_kernel.dylib
0x00000001b0eb8000 	/usr/lib/system/libsystem_platform.dylib
0x00000001b0e9e000 	/usr/lib/system/libsystem_pthread.dylib
0x00000001b7774000 	/usr/lib/system/libsystem_symptoms.dylib
0x00000001b0c24000 	/usr/lib/system/libsystem_trace.dylib
0x00000001bb8c0000 	/usr/lib/system/libunwind.dylib
0x00000001b0bea000 	/usr/lib/system/libxpc.dylib
0x00000001b0e4e000 	/usr/lib/libc++abi.dylib
0x00000001b0d2a000 	/usr/lib/libobjc.A.dylib
0x00000001bb8cb000 	/usr/lib/liboah.dylib
0x00000001b0dea000 	/usr/lib/libc++.1.dylib
0x00000001c74fc000 	/System/Library/Frameworks/Cocoa.framework/Versions/A/Cocoa
0x00000001b3a83000 	/System/Library/Frameworks/AppKit.framework/Versions/C/AppKit
0x00000001b6fb3000 	/System/Library/Frameworks/CoreData.framework/Versions/A/CoreData
0x00000001b1de0000 	/System/Library/Frameworks/Foundation.framework/Versions/C/Foundation
0x00000001b4937000 	/System/Library/PrivateFrameworks/UIFoundation.framework/Versions/A/UIFoundation
0x00000001c17fb000 	/System/Library/PrivateFrameworks/RemoteViewServices.framework/Versions/A/RemoteViewServices
0x00000001b9e16000 	/System/Library/PrivateFrameworks/XCTTargetBootstrap.framework/Versions/A/XCTTargetBootstrap
0x00000001bd5fc000 	/System/Library/PrivateFrameworks/InternationalSupport.framework/Versions/A/InternationalSupport
0x00000001bd685000 	/System/Library/PrivateFrameworks/UserActivity.framework/Versions/A/UserActivity
0x00000001bcb2a000 	/usr/lib/libspindump.dylib
0x00000001b4ba7000 	/System/Library/Frameworks/UniformTypeIdentifiers.framework/Versions/A/UniformTypeIdentifiers
0x00000001b83a3000 	/usr/lib/libapp_launch_measurement.dylib
0x00000001b791b000 	/System/Library/PrivateFrameworks/CoreAnalytics.framework/Versions/A/CoreAnalytics
0x00000001b83a6000 	/System/Library/PrivateFrameworks/CoreAutoLayout.framework/Versions/A/CoreAutoLayout
0x00000001b9719000 	/System/Library/Frameworks/Metal.framework/Versions/A/Metal
0x00000001ba468000 	/usr/lib/liblangid.dylib
0x00000001b9e1a000 	/System/Library/PrivateFrameworks/CoreSVG.framework/Versions/A/CoreSVG
0x00000001b606e000 	/System/Library/PrivateFrameworks/SkyLight.framework/Versions/A/SkyLight
0x00000001b6438000 	/System/Library/Frameworks/CoreGraphics.framework/Versions/A/CoreGraphics
0x00000001c1e78000 	/System/Library/Frameworks/Accelerate.framework/Versions/A/Accelerate
0x00000001bc59e000 	/System/Library/PrivateFrameworks/IconServices.framework/Versions/A/IconServices
0x00000001b96fb000 	/System/Library/Frameworks/IOSurface.framework/Versions/A/IOSurface
0x00000001b794b000 	/usr/lib/libDiagnosticMessagesClient.dylib
0x00000001c52bf000 	/System/Library/Frameworks/ApplicationServices.framework/Versions/A/ApplicationServices
0x00000001b9dfe000 	/System/Library/PrivateFrameworks/DFRFoundation.framework/Versions/A/DFRFoundation
0x00000001b3324000 	/usr/lib/libicucore.A.dylib
0x00000001be3fd000 	/System/Library/Frameworks/AudioToolbox.framework/Versions/A/AudioToolbox
0x00000001bd608000 	/System/Library/PrivateFrameworks/DataDetectorsCore.framework/Versions/A/DataDetectorsCore
0x00000001d373a000 	/System/Library/PrivateFrameworks/TextInput.framework/Versions/A/TextInput
0x00000001b5fe5000 	/usr/lib/libMobileGestalt.dylib
0x00000001b9ace000 	/System/Library/Frameworks/Carbon.framework/Versions/A/Frameworks/HIToolbox.framework/Versions/A/HIToolbox
0x00000001b7dac000 	/System/Library/Frameworks/QuartzCore.framework/Versions/A/QuartzCore
0x00000001b2fa1000 	/System/Library/Frameworks/Security.framework/Versions/A/Security
0x00000001c183b000 	/System/Library/Frameworks/Carbon.framework/Versions/A/Frameworks/SpeechRecognition.framework/Versions/A/SpeechRecognition
0x00000001b80fa000 	/System/Library/PrivateFrameworks/CoreUI.framework/Versions/A/CoreUI
0x00000001b2872000 	/System/Library/Frameworks/CoreAudio.framework/Versions/A/CoreAudio
0x00000001b7a3f000 	/System/Library/Frameworks/DiskArbitration.framework/Versions/A/DiskArbitration
0x00000001bcf0f000 	/System/Library/PrivateFrameworks/MultitouchSupport.framework/Versions/A/MultitouchSupport
0x00000001b5fe3000 	/usr/lib/libenergytrace.dylib
0x00000001b394d000 	/System/Library/Frameworks/IOKit.framework/Versions/A/IOKit
0x00000001c1c24000 	/System/Library/Frameworks/CoreServices.framework/Versions/A/CoreServices
0x00000001b8333000 	/System/Library/PrivateFrameworks/PerformanceAnalysis.framework/Versions/A/PerformanceAnalysis
0x00000002122ad000 	/System/Library/Frameworks/OpenGL.framework/Versions/A/OpenGL
0x00000001baeb9000 	/System/Library/PrivateFrameworks/MobileKeyBag.framework/Versions/A/MobileKeyBag
0x00000001b6a48000 	/System/Library/Frameworks/ColorSync.framework/Versions/A/ColorSync
0x00000001b0eec000 	/System/Library/Frameworks/CoreFoundation.framework/Versions/A/CoreFoundation
0x00000001ba09b000 	/System/Library/Frameworks/CoreImage.framework/Versions/A/CoreImage
0x00000001b2695000 	/System/Library/Frameworks/CoreText.framework/Versions/A/CoreText
0x00000001b9e4a000 	/System/Library/Frameworks/ImageIO.framework/Versions/A/ImageIO
0x00000001bb901000 	/System/Library/PrivateFrameworks/SoftLinking.framework/Versions/A/SoftLinking
0x00000001b83f0000 	/usr/lib/libxml2.2.dylib
0x00000001bbb9a000 	/usr/lib/libcompression.dylib
0x00000001bd555000 	/System/Library/PrivateFrameworks/TextureIO.framework/Versions/A/TextureIO
0x00000001bc2b8000 	/usr/lib/libate.dylib
0x00000001bc180000 	/usr/lib/liblzma.5.dylib
0x00000001b1ad4000 	/System/Library/Frameworks/SystemConfiguration.framework/Versions/A/SystemConfiguration
0x00000001bb8fd000 	/usr/lib/libfakelink.dylib
0x00000001b5b12000 	/System/Library/Frameworks/CFNetwork.framework/Versions/A/CFNetwork
0x00000001bba44000 	/usr/lib/libarchive.2.dylib
0x00000001ba464000 	/System/Library/PrivateFrameworks/AppleSystemInfo.framework/Versions/A/AppleSystemInfo
0x00000001bafc4000 	/usr/lib/libbsm.0.dylib
0x00000001b504a000 	/usr/lib/libnetwork.dylib
0x00000001bb89b000 	/usr/lib/system/libkxld.dylib
0x00000001babdb000 	/System/Library/PrivateFrameworks/IOMobileFramebuffer.framework/Versions/A/IOMobileFramebuffer
0x000000022e012000 	/usr/lib/libCoreEntitlements.dylib
0x00000001bb5de000 	/System/Library/PrivateFrameworks/AppleFSCompression.framework/Versions/A/AppleFSCompression
0x00000001bafac000 	/usr/lib/libcoretls.dylib
0x00000001bc199000 	/usr/lib/libcoretls_cfhelpers.dylib
0x00000001bbb95000 	/usr/lib/libpam.2.dylib
0x00000001b739c000 	/usr/lib/libsqlite3.dylib
0x00000001bc201000 	/usr/lib/libxar.1.dylib
0x00000001bb5ef000 	/usr/lib/libbz2.1.0.dylib
0x00000001bb902000 	/usr/lib/libpcap.A.dylib
0x00000001b776b000 	/usr/lib/libdns_services.dylib
0x00000001bbb68000 	/usr/lib/libapple_nghttp2.dylib
0x00000001bb93f000 	/usr/lib/libiconv.2.dylib
0x00000001bb894000 	/usr/lib/libcharset.1.dylib
0x00000001b836f000 	/System/Library/Frameworks/CoreServices.framework/Versions/A/Frameworks/FSEvents.framework/Versions/A/FSEvents
0x00000001b35da000 	/System/Library/Frameworks/CoreServices.framework/Versions/A/Frameworks/CarbonCore.framework/Versions/A/CarbonCore
0x00000001b79a2000 	/System/Library/Frameworks/CoreServices.framework/Versions/A/Frameworks/Metadata.framework/Versions/A/Metadata
0x00000001bb602000 	/System/Library/Frameworks/CoreServices.framework/Versions/A/Frameworks/OSServices.framework/Versions/A/OSServices
0x00000001bbaca000 	/System/Library/Frameworks/CoreServices.framework/Versions/A/Frameworks/SearchKit.framework/Versions/A/SearchKit
0x00000001b76f9000 	/System/Library/Frameworks/CoreServices.framework/Versions/A/Frameworks/AE.framework/Versions/A/AE
0x00000001b1430000 	/System/Library/Frameworks/CoreServices.framework/Versions/A/Frameworks/LaunchServices.framework/Versions/A/LaunchServices
0x00000001bc129000 	/System/Library/Frameworks/CoreServices.framework/Versions/A/Frameworks/DictionaryServices.framework/Versions/A/DictionaryServices
0x00000001b837c000 	/System/Library/Frameworks/CoreServices.framework/Versions/A/Frameworks/SharedFileList.framework/Versions/A/SharedFileList
0x00000001baf9c000 	/usr/lib/libCheckFix.dylib
0x00000001b6052000 	/System/Library/PrivateFrameworks/TCC.framework/Versions/A/TCC
0x00000001ba46a000 	/System/Library/PrivateFrameworks/CoreNLP.framework/Versions/A/CoreNLP
0x00000001b794e000 	/System/Library/PrivateFrameworks/MetadataUtilities.framework/Versions/A/MetadataUtilities
0x00000001b1b8d000 	/usr/lib/libmecabra.dylib
0x00000001bafd5000 	/usr/lib/libmecab.dylib
0x00000001b1b59000 	/usr/lib/libCRFSuite.dylib
0x00000001bb033000 	/usr/lib/libgermantok.dylib
0x00000001bbb41000 	/usr/lib/libThaiTokenizer.dylib
0x00000001b7a47000 	/System/Library/Frameworks/Accelerate.framework/Versions/A/Frameworks/vImage.framework/Versions/A/vImage
0x00000001c1bfb000 	/System/Library/Frameworks/Accelerate.framework/Versions/A/Frameworks/vecLib.framework/Versions/A/vecLib
0x00000001bc245000 	/System/Library/Frameworks/Accelerate.framework/Versions/A/Frameworks/vecLib.framework/Versions/A/libvMisc.dylib
0x00000001baae5000 	/System/Library/Frameworks/Accelerate.framework/Versions/A/Frameworks/vecLib.framework/Versions/A/libvDSP.dylib
0x00000001b17b3000 	/System/Library/Frameworks/Accelerate.framework/Versions/A/Frameworks/vecLib.framework/Versions/A/libBLAS.dylib
0x00000001bbc69000 	/System/Library/Frameworks/Accelerate.framework/Versions/A/Frameworks/vecLib.framework/Versions/A/libLAPACK.dylib
0x00000001bb036000 	/System/Library/Frameworks/Accelerate.framework/Versions/A/Frameworks/vecLib.framework/Versions/A/libLinearAlgebra.dylib
0x00000001bbb80000 	/System/Library/Frameworks/Accelerate.framework/Versions/A/Frameworks/vecLib.framework/Versions/A/libSparseBLAS.dylib
0x00000001bbc64000 	/System/Library/Frameworks/Accelerate.framework/Versions/A/Frameworks/vecLib.framework/Versions/A/libQuadrature.dylib
0x00000001ba561000 	/System/Library/Frameworks/Accelerate.framework/Versions/A/Frameworks/vecLib.framework/Versions/A/libBNNS.dylib
0x00000001b1a71000 	/System/Library/Frameworks/Accelerate.framework/Versions/A/Frameworks/vecLib.framework/Versions/A/libSparse.dylib
0x00000001ba559000 	/System/Library/PrivateFrameworks/LinguisticData.framework/Versions/A/LinguisticData
0x00000001b1a27000 	/System/Library/PrivateFrameworks/Lexicon.framework/Versions/A/Lexicon
0x00000001bc23d000 	/usr/lib/libChineseTokenizer.dylib
0x00000001b21ce000 	/System/Library/PrivateFrameworks/LanguageModeling.framework/Versions/A/LanguageModeling
0x00000001bbb43000 	/System/Library/PrivateFrameworks/AppleSauce.framework/Versions/A/AppleSauce
0x00000001babc8000 	/System/Library/PrivateFrameworks/CoreEmoji.framework/Versions/A/CoreEmoji
0x00000001bba32000 	/usr/lib/libcmph.dylib
0x00000001b834f000 	/System/Library/Frameworks/OpenDirectory.framework/Versions/A/Frameworks/CFOpenDirectory.framework/Versions/A/CFOpenDirectory
0x00000001b833f000 	/System/Library/Frameworks/OpenDirectory.framework/Versions/A/OpenDirectory
0x00000001bc19b000 	/System/Library/PrivateFrameworks/APFS.framework/Versions/A/APFS
0x00000001baef4000 	/System/Library/Frameworks/SecurityFoundation.framework/Versions/A/SecurityFoundation
0x00000001bc20f000 	/usr/lib/libutil.dylib
0x00000001b390f000 	/System/Library/PrivateFrameworks/CoreServicesStore.framework/Versions/A/CoreServicesStore
0x00000001bc213000 	/usr/lib/libxslt.1.dylib
0x00000001baf88000 	/System/Library/PrivateFrameworks/BackgroundTaskManagement.framework/Versions/A/BackgroundTaskManagement
0x00000001bd476000 	/System/Library/Frameworks/ImageIO.framework/Versions/A/Resources/libRadiance.dylib
0x00000001bd47f000 	/System/Library/Frameworks/ImageIO.framework/Versions/A/Resources/libJPEG.dylib
0x00000001bd3d1000 	/System/Library/Frameworks/ImageIO.framework/Versions/A/Resources/libPng.dylib
0x00000001bd3f3000 	/System/Library/Frameworks/ImageIO.framework/Versions/A/Resources/libTIFF.dylib
0x00000001bd4da000 	/System/Library/Frameworks/ImageIO.framework/Versions/A/Resources/libGIF.dylib
0x00000001bce1f000 	/System/Library/Frameworks/ImageIO.framework/Versions/A/Resources/libJP2.dylib
0x00000001bc564000 	/usr/lib/libexpat.1.dylib
0x00000001bcdda000 	/System/Library/PrivateFrameworks/AppleJPEG.framework/Versions/A/AppleJPEG
0x00000001b998d000 	/System/Library/PrivateFrameworks/FontServices.framework/libFontParser.dylib
0x00000001b769e000 	/System/Library/PrivateFrameworks/RunningBoardServices.framework/Versions/A/RunningBoardServices
0x00000001c7b6f000 	/System/Library/PrivateFrameworks/IOSurfaceAccelerator.framework/Versions/A/IOSurfaceAccelerator
0x00000001bcf0b000 	/System/Library/PrivateFrameworks/WatchdogClient.framework/Versions/A/WatchdogClient
0x00000001b22d2000 	/System/Library/Frameworks/CoreDisplay.framework/Versions/A/CoreDisplay
0x00000001b987b000 	/System/Library/Frameworks/CoreMedia.framework/Versions/A/CoreMedia
0x00000001b970f000 	/System/Library/PrivateFrameworks/IOAccelerator.framework/Versions/A/IOAccelerator
0x00000001b84dd000 	/System/Library/Frameworks/CoreVideo.framework/Versions/A/CoreVideo
0x00000001bbb93000 	/System/Library/Frameworks/MetalPerformanceShaders.framework/Versions/A/MetalPerformanceShaders
0x00000001bcf48000 	/System/Library/Frameworks/VideoToolbox.framework/Versions/A/VideoToolbox
0x00000001b75e2000 	/System/Library/PrivateFrameworks/BaseBoard.framework/Versions/A/BaseBoard
0x00000001b7381000 	/System/Library/PrivateFrameworks/ProtocolBuffer.framework/Versions/A/ProtocolBuffer
0x00000001bd471000 	/System/Library/PrivateFrameworks/GPUWrangler.framework/Versions/A/GPUWrangler
0x00000001bd450000 	/System/Library/PrivateFrameworks/IOPresentment.framework/Versions/A/IOPresentment
0x00000001bd479000 	/System/Library/PrivateFrameworks/DSExternalDisplay.framework/Versions/A/DSExternalDisplay
0x00000002122a0000 	/System/Library/Frameworks/OpenGL.framework/Versions/A/Libraries/libCoreFSCache.dylib
0x000000021ba61000 	/System/Library/PrivateFrameworks/GPUCompiler.framework/Versions/31001/Libraries/libGPUCompilerUtils.dylib
0x00000001bd4df000 	/System/Library/PrivateFrameworks/CMCaptureCore.framework/Versions/A/CMCaptureCore
0x00000001bcb18000 	/System/Library/PrivateFrameworks/AppServerSupport.framework/Versions/A/AppServerSupport
0x00000001becb8000 	/System/Library/PrivateFrameworks/perfdata.framework/Versions/A/perfdata
0x00000001b23f2000 	/System/Library/PrivateFrameworks/AudioToolboxCore.framework/Versions/A/AudioToolboxCore
0x00000001b9853000 	/System/Library/PrivateFrameworks/caulk.framework/Versions/A/caulk
0x00000001be5ad000 	/usr/lib/libAudioStatistics.dylib
0x00000001cfeb3000 	/System/Library/PrivateFrameworks/SystemPolicy.framework/Versions/A/SystemPolicy
0x00000001be80d000 	/usr/lib/libSMC.dylib
0x00000001c73de000 	/System/Library/Frameworks/CoreMIDI.framework/Versions/A/CoreMIDI
0x00000001bd39f000 	/usr/lib/libAudioToolboxUtility.dylib
0x00000001cc2ec000 	/System/Library/PrivateFrameworks/OSAServicesClient.framework/Versions/A/OSAServicesClient
0x00000001becc5000 	/usr/lib/libperfcheck.dylib
0x00000001d09b6000 	/usr/lib/libmis.dylib
0x0000000212301000 	/System/Library/Frameworks/OpenGL.framework/Versions/A/Libraries/libGLU.dylib
0x00000002122c0000 	/System/Library/Frameworks/OpenGL.framework/Versions/A/Libraries/libGFXShared.dylib
0x00000002124aa000 	/System/Library/Frameworks/OpenGL.framework/Versions/A/Libraries/libGL.dylib
0x00000002122c9000 	/System/Library/Frameworks/OpenGL.framework/Versions/A/Libraries/libGLImage.dylib
0x00000002122bd000 	/System/Library/Frameworks/OpenGL.framework/Versions/A/Libraries/libCVMSPluginSupport.dylib
0x00000002122a7000 	/System/Library/Frameworks/OpenGL.framework/Versions/A/Libraries/libCoreVMClient.dylib
0x00000001ba3e5000 	/System/Library/Frameworks/MetalPerformanceShaders.framework/Versions/A/Frameworks/MPSCore.framework/Versions/A/MPSCore
0x00000001bb551000 	/System/Library/Frameworks/MetalPerformanceShaders.framework/Versions/A/Frameworks/MPSImage.framework/Versions/A/MPSImage
0x00000001bb04b000 	/System/Library/Frameworks/MetalPerformanceShaders.framework/Versions/A/Frameworks/MPSNeuralNetwork.framework/Versions/A/MPSNeuralNetwork
0x00000001bb488000 	/System/Library/Frameworks/MetalPerformanceShaders.framework/Versions/A/Frameworks/MPSMatrix.framework/Versions/A/MPSMatrix
0x00000001bb263000 	/System/Library/Frameworks/MetalPerformanceShaders.framework/Versions/A/Frameworks/MPSRayIntersector.framework/Versions/A/MPSRayIntersector
0x00000001bb4b9000 	/System/Library/Frameworks/MetalPerformanceShaders.framework/Versions/A/Frameworks/MPSNDArray.framework/Versions/A/MPSNDArray
0x0000000213fd7000 	/System/Library/Frameworks/MetalPerformanceShaders.framework/Versions/A/Frameworks/MPSFunctions.framework/Versions/A/MPSFunctions
0x00000001b1691000 	/System/Library/PrivateFrameworks/MetalTools.framework/Versions/A/MetalTools
0x00000001ba462000 	/System/Library/PrivateFrameworks/AggregateDictionary.framework/Versions/A/AggregateDictionary
0x00000001bc34a000 	/usr/lib/libIOReport.dylib
0x00000001c63c5000 	/System/Library/PrivateFrameworks/ASEProcessing.framework/Versions/A/ASEProcessing
0x00000001bc6bd000 	/System/Library/PrivateFrameworks/FaceCore.framework/Versions/A/FaceCore
0x00000001bc6af000 	/System/Library/PrivateFrameworks/GraphVisualizer.framework/Versions/A/GraphVisualizer
0x000000021b978000 	/System/Library/PrivateFrameworks/FontServices.framework/Versions/A/FontServices
0x00000001bcad2000 	/System/Library/PrivateFrameworks/OTSVG.framework/Versions/A/OTSVG
0x00000001b80ab000 	/System/Library/Frameworks/ApplicationServices.framework/Versions/A/Frameworks/ATS.framework/Versions/A/Resources/libFontRegistry.dylib
0x00000001bcb21000 	/System/Library/PrivateFrameworks/FontServices.framework/libhvf.dylib
0x000000021b979000 	/System/Library/PrivateFrameworks/FontServices.framework/libXTFontStaticRegistryData.dylib
0x000000021264c000 	/System/Library/Frameworks/OpenCL.framework/Versions/A/OpenCL
0x00000001bc518000 	/System/Library/PrivateFrameworks/AppleVA.framework/Versions/A/AppleVA
0x00000001be5d5000 	/System/Library/Frameworks/ApplicationServices.framework/Versions/A/Frameworks/ATS.framework/Versions/A/ATS
0x00000001b6b45000 	/System/Library/Frameworks/ApplicationServices.framework/Versions/A/Frameworks/HIServices.framework/Versions/A/HIServices
0x00000001bd4e9000 	/System/Library/Frameworks/ApplicationServices.framework/Versions/A/Frameworks/PrintCore.framework/Versions/A/PrintCore
0x00000001be960000 	/System/Library/Frameworks/ApplicationServices.framework/Versions/A/Frameworks/QD.framework/Versions/A/QD
0x00000001be958000 	/System/Library/Frameworks/ApplicationServices.framework/Versions/A/Frameworks/ColorSyncLegacy.framework/Versions/A/ColorSyncLegacy
0x00000001be5c1000 	/System/Library/Frameworks/ApplicationServices.framework/Versions/A/Frameworks/SpeechSynthesis.framework/Versions/A/SpeechSynthesis
0x00000001bd4aa000 	/System/Library/Frameworks/ApplicationServices.framework/Versions/A/Frameworks/ATSUI.framework/Versions/A/ATSUI
0x00000001be8ed000 	/usr/lib/libcups.2.dylib
0x00000001becd3000 	/System/Library/Frameworks/Kerberos.framework/Versions/A/Kerberos
0x00000001bece4000 	/System/Library/Frameworks/GSS.framework/Versions/A/GSS
0x00000001be644000 	/usr/lib/libresolv.9.dylib
0x00000001bcb2f000 	/System/Library/PrivateFrameworks/Heimdal.framework/Versions/A/Heimdal
0x00000001c5635000 	/System/Library/Frameworks/Kerberos.framework/Versions/A/Libraries/libHeimdalProxy.dylib
0x00000001b777d000 	/System/Library/Frameworks/Network.framework/Versions/A/Network
0x00000001bc57f000 	/usr/lib/libheimdal-asn1.dylib
0x00000001bed2a000 	/System/Library/PrivateFrameworks/CommonAuth.framework/Versions/A/CommonAuth
0x00000001be53b000 	/System/Library/PrivateFrameworks/AudioSession.framework/Versions/A/AudioSession
0x00000001bc610000 	/System/Library/PrivateFrameworks/MediaExperience.framework/Versions/A/MediaExperience
0x00000001be3c3000 	/System/Library/PrivateFrameworks/AudioSession.framework/libSessionUtility.dylib
0x00000001be96c000 	/System/Library/PrivateFrameworks/AudioResourceArbitration.framework/Versions/A/AudioResourceArbitration
0x00000001c2a77000 	/System/Library/PrivateFrameworks/PowerLog.framework/Versions/A/PowerLog
0x00000001bc588000 	/System/Library/PrivateFrameworks/IconFoundation.framework/Versions/A/IconFoundation
0x00000001c1827000 	/System/Library/PrivateFrameworks/SpeechRecognitionCore.framework/Versions/A/SpeechRecognitionCore
0x00000001017b0000 	/Library/Java/JavaVirtualMachines/jdk-17.0.1.jdk/Contents/Home/lib/server/libjvm.dylib
0x0000000100788000 	/Library/Java/JavaVirtualMachines/jdk-17.0.1.jdk/Contents/Home/lib/libjimage.dylib
0x00000001007b4000 	/Library/Java/JavaVirtualMachines/jdk-17.0.1.jdk/Contents/Home/lib/libinstrument.dylib
0x00000001008c4000 	/Library/Java/JavaVirtualMachines/jdk-17.0.1.jdk/Contents/Home/lib/libjava.dylib
0x0000000101758000 	/Library/Java/JavaVirtualMachines/jdk-17.0.1.jdk/Contents/Home/lib/libnio.dylib
0x000000011ee14000 	/Library/Java/JavaVirtualMachines/jdk-17.0.1.jdk/Contents/Home/lib/libnet.dylib
0x0000000101778000 	/Library/Java/JavaVirtualMachines/jdk-17.0.1.jdk/Contents/Home/lib/libzip.dylib
0x0000000101790000 	/Users/endyyu/.openjfx/cache/17.0.1/libprism_es2.dylib
0x00000001b38d2000 	/System/Library/PrivateFrameworks/CoreServicesInternal.framework/Versions/A/CoreServicesInternal
0x00000002124b4000 	/System/Library/Frameworks/OpenGL.framework/Versions/A/Resources/GLEngine.bundle/GLEngine
0x000000021233b000 	/System/Library/Frameworks/OpenGL.framework/Versions/A/Libraries/libGLProgrammability.dylib
0x000000012ac48000 	/System/Library/Extensions/AppleMetalOpenGLRenderer.bundle/Contents/MacOS/AppleMetalOpenGLRenderer
0x0000000212623000 	/System/Library/Frameworks/OpenGL.framework/Versions/A/Resources/GLRendererFloat.bundle/GLRendererFloat
0x00000002126c4000 	/System/Library/Extensions/AGXMetal13_3.bundle/Contents/MacOS/AGXMetal13_3
0x00000001d09d2000 	/System/Library/PrivateFrameworks/GPURawCounter.framework/Versions/A/GPURawCounter
0x00000001cb473000 	/System/Library/PrivateFrameworks/IOGPU.framework/Versions/A/IOGPU
0x000000012b864000 	/Users/endyyu/.openjfx/cache/17.0.1/libglass.dylib
0x00000001c2ccb000 	/System/Library/Frameworks/FileProvider.framework/Versions/A/FileProvider
0x00000001b754a000 	/System/Library/Frameworks/Accounts.framework/Versions/A/Accounts
0x00000001c2e4b000 	/System/Library/PrivateFrameworks/GenerationalStorage.framework/Versions/A/GenerationalStorage
0x00000001c3a01000 	/System/Library/PrivateFrameworks/CoreSymbolication.framework/Versions/A/CoreSymbolication
0x00000001c2a6b000 	/System/Library/PrivateFrameworks/SymptomDiagnosticReporter.framework/Versions/A/SymptomDiagnosticReporter
0x00000001b4bbb000 	/System/Library/PrivateFrameworks/DesktopServicesPriv.framework/Versions/A/DesktopServicesPriv
0x00000001b3a32000 	/usr/lib/libsandbox.1.dylib
0x00000001b856a000 	/System/Library/PrivateFrameworks/UserManagement.framework/Versions/A/UserManagement
0x00000001c39c2000 	/System/Library/PrivateFrameworks/DebugSymbols.framework/Versions/A/DebugSymbols
0x00000001be94b000 	/System/Library/PrivateFrameworks/NetAuth.framework/Versions/A/NetAuth
0x00000001bf850000 	/System/Library/PrivateFrameworks/Sharing.framework/Versions/A/Sharing
0x00000001b853a000 	/System/Library/PrivateFrameworks/login.framework/Versions/A/Frameworks/loginsupport.framework/Versions/A/loginsupport
0x00000001c4b79000 	/System/Library/PrivateFrameworks/Apple80211.framework/Versions/A/Apple80211
0x00000001bb635000 	/System/Library/PrivateFrameworks/AuthKit.framework/Versions/A/AuthKit
0x00000001bacc7000 	/System/Library/PrivateFrameworks/CoreUtils.framework/Versions/A/CoreUtils
0x00000001babe7000 	/System/Library/Frameworks/CoreWLAN.framework/Versions/A/CoreWLAN
0x00000001bf9ba000 	/System/Library/Frameworks/IOBluetooth.framework/Versions/A/IOBluetooth
0x00000001c4bd9000 	/System/Library/PrivateFrameworks/CoreWiFi.framework/Versions/A/CoreWiFi
0x00000001c35a9000 	/System/Library/PrivateFrameworks/FrontBoardServices.framework/Versions/A/FrontBoardServices
0x00000001c3641000 	/System/Library/PrivateFrameworks/BoardServices.framework/Versions/A/BoardServices
0x00000001baee2000 	/System/Library/PrivateFrameworks/AssertionServices.framework/Versions/A/AssertionServices
0x00000001c4d47000 	/System/Library/PrivateFrameworks/BackBoardServices.framework/Versions/A/BackBoardServices
0x00000001bedbd000 	/System/Library/PrivateFrameworks/CorePhoneNumbers.framework/Versions/A/CorePhoneNumbers
0x00000001c2b9b000 	/System/Library/PrivateFrameworks/DiskManagement.framework/Versions/A/DiskManagement
0x00000001c2a9e000 	/System/Library/PrivateFrameworks/AppleIDAuthSupport.framework/Versions/A/AppleIDAuthSupport
0x00000002162a0000 	/System/Library/PrivateFrameworks/AAAFoundation.framework/Versions/A/AAAFoundation
0x00000001bed9c000 	/System/Library/PrivateFrameworks/KeychainCircle.framework/Versions/A/KeychainCircle
0x00000001c2b67000 	/System/Library/PrivateFrameworks/MediaKit.framework/Versions/A/MediaKit
0x00000001c2aab000 	/System/Library/Frameworks/DiscRecording.framework/Versions/A/DiscRecording
0x00000001bc494000 	/usr/lib/libCoreStorage.dylib
0x00000001c5043000 	/usr/lib/libcsfde.dylib
0x00000001bfa8f000 	/System/Library/PrivateFrameworks/ProtectedCloudStorage.framework/Versions/A/ProtectedCloudStorage
0x00000001c503b000 	/System/Library/PrivateFrameworks/EFILogin.framework/Versions/A/EFILogin
0x00000001c2e72000 	/System/Library/PrivateFrameworks/OctagonTrust.framework/Versions/A/OctagonTrust
0x000000021abc4000 	/System/Library/PrivateFrameworks/CoreUtilsExtras.framework/Versions/A/CoreUtilsExtras
0x00000001c29e1000 	/System/Library/Frameworks/CoreBluetooth.framework/Versions/A/CoreBluetooth
0x00000001c56ba000 	/System/Library/Frameworks/AudioUnit.framework/Versions/A/AudioUnit
0x00000001bc48c000 	/usr/lib/libMatch.1.dylib
0x00000001d4cb5000 	/System/Library/Frameworks/Accelerate.framework/Versions/A/Frameworks/vImage.framework/Versions/A/Libraries/libCGInterfaces.dylib
0x000000012d5a0000 	/usr/lib/libobjc-trampolines.dylib
0x00000001b8237000 	/System/Library/PrivateFrameworks/ViewBridge.framework/Versions/A/ViewBridge
0x000000012fe9c000 	/Users/endyyu/.openjfx/cache/17.0.1/libjavafx_font.dylib
0x000000012feb8000 	/Library/Java/JavaVirtualMachines/jdk-17.0.1.jdk/Contents/Home/lib/librmi.dylib
0x00000001bcbdd000 	/System/Library/PrivateFrameworks/login.framework/Versions/A/login
0x000000022e18c000 	/usr/lib/libRosetta.dylib
0x00000001c1f01000 	/System/Library/PrivateFrameworks/SystemAdministration.framework/Versions/A/SystemAdministration
0x00000001bd6f3000 	/System/Library/Frameworks/MediaToolbox.framework/Versions/A/MediaToolbox
0x00000001c17ef000 	/System/Library/Frameworks/DirectoryService.framework/Versions/A/DirectoryService
0x00000001c4ed0000 	/System/Library/PrivateFrameworks/DiskImages.framework/Versions/A/DiskImages
0x00000001baf93000 	/System/Library/Frameworks/ServiceManagement.framework/Versions/A/ServiceManagement
0x00000001c50b6000 	/System/Library/PrivateFrameworks/LoginUIKit.framework/Versions/A/Frameworks/LoginUICore.framework/Versions/A/LoginUICore
0x00000001bcd93000 	/usr/lib/libodfde.dylib
0x00000001c2c97000 	/System/Library/PrivateFrameworks/CoreAVCHD.framework/Versions/A/CoreAVCHD
0x00000001c1ec3000 	/System/Library/Frameworks/MediaAccessibility.framework/Versions/A/MediaAccessibility
0x00000001c2c93000 	/System/Library/PrivateFrameworks/Mangrove.framework/Versions/A/Mangrove
0x00000001c1ed0000 	/System/Library/PrivateFrameworks/AlgosScoreFramework.framework/Versions/A/AlgosScoreFramework
0x0000000217ea4000 	/System/Library/PrivateFrameworks/CMPhoto.framework/Versions/A/CMPhoto
0x00000001c2c87000 	/System/Library/PrivateFrameworks/CoreAUC.framework/Versions/A/CoreAUC
0x00000001c504f000 	/usr/lib/libcurl.4.dylib
0x00000001c4da5000 	/usr/lib/libcrypto.44.dylib
0x00000001c4ea3000 	/usr/lib/libssl.46.dylib
0x00000001c4d67000 	/System/Library/Frameworks/LDAP.framework/Versions/A/LDAP
0x00000001c4da3000 	/System/Library/PrivateFrameworks/TrustEvaluationAgent.framework/Versions/A/TrustEvaluationAgent
0x00000001be65d000 	/usr/lib/libsasl2.2.dylib
0x00000001c1ef6000 	/System/Library/PrivateFrameworks/CoreDaemon.framework/Versions/B/CoreDaemon
0x00000001c1ef0000 	/System/Library/PrivateFrameworks/AppleSRP.framework/Versions/A/AppleSRP
0x000000013f668000 	/Users/endyyu/.openjfx/cache/17.0.1/libjavafx_iio.dylib


VM Arguments:
jvm_args: -javaagent:/Applications/IntelliJ IDEA CE.app/Contents/lib/idea_rt.jar=54691:/Applications/IntelliJ IDEA CE.app/Contents/bin -Dfile.encoding=UTF-8 --module-path=/Users/endyyu/.m2/repository/org/openjfx/javafx-controls/17.0.1/javafx-controls-17.0.1-mac-aarch64.jar:/Users/endyyu/.m2/repository/com/gluonhq/attach/storage/4.0.9/storage-4.0.9.jar:/Users/endyyu/Desktop/middleware/Play_Cards/PlayCards/target/classes:/Users/endyyu/.m2/repository/com/gluonhq/attach/lifecycle/4.0.9/lifecycle-4.0.9.jar:/Users/endyyu/.m2/repository/com/fasterxml/jackson/core/jackson-core/2.14.0-rc3/jackson-core-2.14.0-rc3.jar:/Users/endyyu/.m2/repository/com/dlsc/formsfx/formsfx-core/11.3.2/formsfx-core-11.3.2.jar:/Users/endyyu/.m2/repository/com/github/almasb/fxgl-core/17/fxgl-core-17.jar:/Users/endyyu/.m2/repository/com/github/almasb/fxgl-gameplay/17/fxgl-gameplay-17.jar:/Users/endyyu/.m2/repository/org/kordamp/ikonli/ikonli-javafx/12.3.0/ikonli-javafx-12.3.0.jar:/Users/endyyu/.m2/repository/com/gluonhq/attach/audio/4.0.9/audio-4.0.9.jar:/Users/endyyu/.m2/repository/org/openjfx/javafx-media/17.0.1/javafx-media-17.0.1-mac-aarch64.jar:/Users/endyyu/.m2/repository/org/openjfx/javafx-base/17.0.1/javafx-base-17.0.1-mac-aarch64.jar:/Users/endyyu/.m2/repository/com/github/almasb/fxgl/17/fxgl-17.jar:/Users/endyyu/.m2/repository/eu/hansolo/tilesfx/11.48/tilesfx-11.48.jar:/Users/endyyu/.m2/repository/com/fasterxml/jackson/core/jackson-databind/2.14.0-rc3/jackson-databind-2.14.0-rc3.jar:/Users/endyyu/.m2/repository/org/openjfx/javafx-graphics/17.0.1/javafx-graphics-17.0.1-mac-aarch64.jar:/Users/endyyu/.m2/repository/org/controlsfx/controlsfx/11.1.1/controlsfx-11.1.1.jar:/Users/endyyu/.m2/repository/org/jetbrains/kotlin/kotlin-stdlib/1.5.32/kotlin-stdlib-1.5.32-modular.jar:/Users/endyyu/.m2/repository/org/kordamp/ikonli/ikonli-core/12.3.0/ikonli-core-12.3.0.jar:/Users/endyyu/.m2/repository/net/synedra/validatorfx/0.2.1/validatorfx-0.2.1.jar:/Users/endyyu/.m2/repository/com/github/almasb/fxgl-scene/17/fxgl-scene-17.jar:/Users/endyyu/.m2/repository/org/openjfx/javafx-fxml/17.0.1/javafx-fxml-17.0.1-mac-aarch64.jar:/Users/endyyu/.m2/repository/com/git-Djdk.module.main=fr.playcards 
java_command: fr.playcards/fr.playcards.PlayCardsApplication
java_class_path (initial): /Users/endyyu/.m2/repository/org/openjfx/javafx-controls/17.0.1/javafx-controls-17.0.1.jar:/Users/endyyu/.m2/repository/org/openjfx/javafx-graphics/17.0.1/javafx-graphics-17.0.1.jar:/Users/endyyu/.m2/repository/org/openjfx/javafx-base/17.0.1/javafx-base-17.0.1.jar:/Users/endyyu/.m2/repository/org/openjfx/javafx-fxml/17.0.1/javafx-fxml-17.0.1.jar:/Users/endyyu/.m2/repository/org/openjfx/javafx-web/17.0.1/javafx-web-17.0.1.jar:/Users/endyyu/.m2/repository/org/openjfx/javafx-media/17.0.1/javafx-media-17.0.1.jar:/Users/endyyu/.m2/repository/org/jetbrains/annotations/13.0/annotations-13.0.jar:/Users/endyyu/.m2/repository/org/jetbrains/kotlin/kotlin-stdlib-common/1.5.32/kotlin-stdlib-common-1.5.32.jar
Launcher Type: SUN_STANDARD

[Global flags]
     intx CICompilerCount                          = 4                                         {product} {ergonomic}
     uint ConcGCThreads                            = 2                                         {product} {ergonomic}
     uint G1ConcRefinementThreads                  = 8                                         {product} {ergonomic}
   size_t G1HeapRegionSize                         = 1048576                                   {product} {ergonomic}
    uintx GCDrainStackTargetSize                   = 64                                        {product} {ergonomic}
   size_t InitialHeapSize                          = 134217728                                 {product} {ergonomic}
   size_t MarkStackSize                            = 4194304                                   {product} {ergonomic}
   size_t MaxHeapSize                              = 2147483648                                {product} {ergonomic}
   size_t MaxNewSize                               = 1287651328                                {product} {ergonomic}
   size_t MinHeapDeltaBytes                        = 1048576                                   {product} {ergonomic}
   size_t MinHeapSize                              = 8388608                                   {product} {ergonomic}
    uintx NonNMethodCodeHeapSize                   = 5839564                                {pd product} {ergonomic}
    uintx NonProfiledCodeHeapSize                  = 122909338                              {pd product} {ergonomic}
    uintx ProfiledCodeHeapSize                     = 122909338                              {pd product} {ergonomic}
    uintx ReservedCodeCacheSize                    = 251658240                              {pd product} {ergonomic}
     bool SegmentedCodeCache                       = true                                      {product} {ergonomic}
   size_t SoftMaxHeapSize                          = 2147483648                             {manageable} {ergonomic}
     bool UseCompressedClassPointers               = true                           {product lp64_product} {ergonomic}
     bool UseCompressedOops                        = true                           {product lp64_product} {ergonomic}
     bool UseG1GC                                  = true                                      {product} {ergonomic}
     bool UseNUMA                                  = false                                     {product} {ergonomic}
     bool UseNUMAInterleaving                      = false                                     {product} {ergonomic}

Logging:
Log output configuration:
 #0: stdout all=warning uptime,level,tags
 #1: stderr all=off uptime,level,tags

Environment Variables:
JAVA_HOME=/Library/Java/JavaVirtualMachines/jdk-11.0.14.jdk/Contents/Home
PATH=/Users/endyyu/opt/anaconda3/condabin:/Users/endyyu/Users/endyyu/Documents/instantclient_19_8/:/opt/homebrew/bin:/opt/homebrew/sbin:/usr/local/bin:/usr/bin:/bin:/usr/sbin:/sbin:/Library/TeX/texbin:/Library/Apple/usr/bin:/usr/local/mysql/bin:/Applications/Postgres.app/Contents/Versions/14/bin
SHELL=/bin/zsh
LC_CTYPE=fr_FR.UTF-8

Signal Handlers:
   SIGSEGV: _ZL13crash_handleriP9__siginfoPv in libjvm.dylib, mask=11100110000111110111111111111111, flags=SA_RESTART|SA_SIGINFO
    SIGBUS: _ZL13crash_handleriP9__siginfoPv in libjvm.dylib, mask=11100110000111110111111111111111, flags=SA_RESTART|SA_SIGINFO
    SIGFPE: _ZL13crash_handleriP9__siginfoPv in libjvm.dylib, mask=11100110000111110111111111111111, flags=SA_RESTART|SA_SIGINFO
   SIGPIPE: _ZL17javaSignalHandleriP9__siginfoPv in libjvm.dylib, mask=11100110000111110111111111111111, flags=SA_RESTART|SA_SIGINFO
   SIGXFSZ: _ZL17javaSignalHandleriP9__siginfoPv in libjvm.dylib, mask=11100110000111110111111111111111, flags=SA_RESTART|SA_SIGINFO
    SIGILL: _ZL13crash_handleriP9__siginfoPv in libjvm.dylib, mask=11100110000111110111111111111111, flags=SA_RESTART|SA_SIGINFO
   SIGUSR2: _ZL10SR_handleriP9__siginfoP17__darwin_ucontext in libjvm.dylib, mask=00100000000000000000000000000000, flags=SA_RESTART|SA_SIGINFO
    SIGHUP: _ZL11UserHandleriPvS_ in libjvm.dylib, mask=11100110000111110111111111111111, flags=SA_RESTART|SA_SIGINFO
    SIGINT: _ZL11UserHandleriPvS_ in libjvm.dylib, mask=11100110000111110111111111111111, flags=SA_RESTART|SA_SIGINFO
   SIGTERM: _ZL11UserHandleriPvS_ in libjvm.dylib, mask=11100110000111110111111111111111, flags=SA_RESTART|SA_SIGINFO
   SIGQUIT: _ZL11UserHandleriPvS_ in libjvm.dylib, mask=11100110000111110111111111111111, flags=SA_RESTART|SA_SIGINFO
   SIGTRAP: _ZL13crash_handleriP9__siginfoPv in libjvm.dylib, mask=11100110000111110111111111111111, flags=SA_RESTART|SA_SIGINFO


---------------  S Y S T E M  ---------------

OS:
uname: Darwin 21.2.0 Darwin Kernel Version 21.2.0: Sun Nov 28 20:29:10 PST 2021; root:xnu-8019.61.5~1/RELEASE_ARM64_T8101 arm64
OS uptime: 10 days 20:29 hours
rlimit (soft/hard): STACK 8176k/65520k , CORE 0k/infinity , NPROC 1333/2000 , NOFILE 10240/infinity , AS infinity/infinity , CPU infinity/infinity , DATA infinity/infinity , FSIZE infinity/infinity , MEMLOCK infinity/infinity , RSS infinity/infinity
load average: 1.56 1.86 1.82

CPU: total 8 (initial active 8) 0x61:0x0:0x1b588bb3:0, fp, simd, crc, lse

Memory: 16k page, physical 8388608k(255760k free), swap 2097152k(702976k free)

vm_info: Java HotSpot(TM) 64-Bit Server VM (17.0.1+12-LTS-39) for bsd-aarch64 JRE (17.0.1+12-LTS-39), built on Sep 27 2021 17:38:30 by "mach5one" with clang Apple LLVM 12.0.0 (clang-1200.0.32.29)

END.
