#
# A fatal error has been detected by the Java Runtime Environment:
#
#  SIGBUS (0xa) at pc=0x00000001098e98ac, pid=32056, tid=35851
#
# JRE version: Java(TM) SE Runtime Environment (17.0.1+12) (build 17.0.1+12-LTS-39)
# Java VM: Java HotSpot(TM) 64-Bit Server VM (17.0.1+12-LTS-39, mixed mode, sharing, tiered, compressed oops, compressed class ptrs, g1 gc, bsd-aarch64)
# Problematic frame:
# j  com.sun.glass.ui.mac.MacApplication._submitForLaterInvocation(Ljava/lang/Runnable;)V+0 javafx.graphics
#
# No core dump will be written. Core dumps have been disabled. To enable core dumping, try "ulimit -c unlimited" before starting Java again
#
# If you would like to submit a bug report, please visit:
#   https://bugreport.java.com/bugreport/crash.jsp
# The crash happened outside the Java Virtual Machine in native code.
# See problematic frame for where to report the bug.
#

---------------  S U M M A R Y ------------

Command Line: -javaagent:/Applications/IntelliJ IDEA CE.app/Contents/lib/idea_rt.jar=52696:/Applications/IntelliJ IDEA CE.app/Contents/bin -Dfile.encoding=UTF-8 --module-path=/Users/endyyu/.m2/repository/com/github/almasb/fxgl-scene/17/fxgl-scene-17.jar:/Users/endyyu/.m2/repository/com/github/almasb/fxgl-gameplay/17/fxgl-gameplay-17.jar:/Users/endyyu/.m2/repository/eu/hansolo/tilesfx/11.48/tilesfx-11.48.jar:/Users/endyyu/.m2/repository/org/openjfx/javafx-base/17.0.1/javafx-base-17.0.1-mac-aarch64.jar:/Users/endyyu/.m2/repository/com/gluonhq/attach/storage/4.0.9/storage-4.0.9.jar:/Users/endyyu/.m2/repository/com/gluonhq/attach/lifecycle/4.0.9/lifecycle-4.0.9.jar:/Users/endyyu/.m2/repository/com/fasterxml/jackson/core/jackson-databind/2.14.0-rc3/jackson-databind-2.14.0-rc3.jar:/Users/endyyu/.m2/repository/com/dlsc/formsfx/formsfx-core/11.3.2/formsfx-core-11.3.2.jar:/Users/endyyu/.m2/repository/com/fasterxml/jackson/core/jackson-annotations/2.14.0-rc3/jackson-annotations-2.14.0-rc3.jar:/Users/endyyu/.m2/repository/org/controlsfx/controlsfx/11.1.1/controlsfx-11.1.1.jar:/Users/endyyu/.m2/repository/org/kordamp/ikonli/ikonli-javafx/12.3.0/ikonli-javafx-12.3.0.jar:/Users/endyyu/.m2/repository/org/openjfx/javafx-controls/17.0.1/javafx-controls-17.0.1-mac-aarch64.jar:/Users/endyyu/.m2/repository/net/synedra/validatorfx/0.2.1/validatorfx-0.2.1.jar:/Users/endyyu/.m2/repository/com/github/almasb/fxgl/17/fxgl-17.jar:/Users/endyyu/.m2/repository/org/jetbrains/kotlin/kotlin-stdlib/1.5.32/kotlin-stdlib-1.5.32-modular.jar:/Users/endyyu/.m2/repository/org/kordamp/ikonli/ikonli-core/12.3.0/ikonli-core-12.3.0.jar:/Users/endyyu/.m2/repository/org/openjfx/javafx-web/17.0.1/javafx-web-17.0.1-mac-aarch64.jar:/Users/endyyu/.m2/repository/org/openjfx/javafx-graphics/17.0.1/javafx-graphics-17.0.1-mac-aarch64.jar:/Users/endyyu/.m2/repository/org/openjfx/javafx-media/17.0.1/javafx-media-17.0.1-mac-aarch64.jar:/Users/endyyu/.m2/repository/com/fasterxml/jackson/core/jackson-core/2.14.0-rc3/jackson-core-2.14.0-rc3.jar:/Users/endyyu/.m2/repository/com/github/almasb/fxgl-io/17/fxgl-io-17.jar:/Users/endyyu/.m2/repository/org/openjfx/javafx-fxml/17.0.1/javaf-Djdk.module.main=fr.playcards fr.playcards/fr.playcards.PlayCardsApplication

Host: "MacBookAir10,1" arm64 1 MHz, 8 cores, 8G, Darwin 21.2.0, macOS 12.1 (21C52)
Time: Mon Nov 28 23:01:55 2022 CET elapsed time: 5.190566 seconds (0d 0h 0m 5s)

---------------  T H R E A D  ---------------

Current thread (0x0000000159813a00):  JavaThread "InvokeLaterDispatcher" daemon [_thread_in_native, id=35851, stack(0x0000000172818000,0x0000000172a1b000)]

Stack: [0x0000000172818000,0x0000000172a1b000],  sp=0x0000000172a1a920,  free space=2058k
Native frames: (J=compiled Java code, j=interpreted, Vv=VM code, C=native code)
j  com.sun.glass.ui.mac.MacApplication._submitForLaterInvocation(Ljava/lang/Runnable;)V+0 javafx.graphics
j  com.sun.glass.ui.mac.MacApplication.submitForLaterInvocation(Ljava/lang/Runnable;)V+2 javafx.graphics
j  com.sun.glass.ui.InvokeLaterDispatcher.run()V+82 javafx.graphics
v  ~StubRoutines::call_stub
V  [libjvm.dylib+0x460588]  JavaCalls::call_helper(JavaValue*, methodHandle const&, JavaCallArguments*, JavaThread*)+0x38c
V  [libjvm.dylib+0x45f5a4]  JavaCalls::call_virtual(JavaValue*, Klass*, Symbol*, Symbol*, JavaCallArguments*, JavaThread*)+0x11c
V  [libjvm.dylib+0x45f670]  JavaCalls::call_virtual(JavaValue*, Handle, Klass*, Symbol*, Symbol*, JavaThread*)+0x64
V  [libjvm.dylib+0x512ef0]  thread_entry(JavaThread*, JavaThread*)+0xc4
V  [libjvm.dylib+0x8fc514]  JavaThread::thread_main_inner()+0x134
V  [libjvm.dylib+0x8fae3c]  Thread::call_run()+0x128
V  [libjvm.dylib+0x7a4df0]  thread_native_entry(Thread*)+0x158
C  [libsystem_pthread.dylib+0x7240]  _pthread_start+0x94

Java frames: (J=compiled Java code, j=interpreted, Vv=VM code)
j  com.sun.glass.ui.mac.MacApplication._submitForLaterInvocation(Ljava/lang/Runnable;)V+0 javafx.graphics
j  com.sun.glass.ui.mac.MacApplication.submitForLaterInvocation(Ljava/lang/Runnable;)V+2 javafx.graphics
j  com.sun.glass.ui.InvokeLaterDispatcher.run()V+82 javafx.graphics
v  ~StubRoutines::call_stub

siginfo: si_signo: 10 (SIGBUS), si_code: 1 (BUS_ADRALN), si_addr: 0x00000001098e98ac

Register to memory mapping:

 x0=0x00000001001a8000 points into unknown readable memory: 0x0000000000000000 | 00 00 00 00 00 00 00 00
 x1=0x0000600002b47360 points into unknown readable memory: 0x0000000800000000 | 00 00 00 00 08 00 00 00
 x2=0x0 is NULL
 x3=0x00000001b0cba23c: nanov2_free_definite_size+0 in /usr/lib/system/libsystem_malloc.dylib at 0x00000001b0cb8000
 x4=0x00000000000130a8 is an unknown value
 x5=0x0 is NULL
 x6=0x0 is NULL
 x7=0x0 is NULL
 x8=0x088cfd3a24130089 is an unknown value
 x9=0x088cfd3a24130089 is an unknown value
x10=0x00000000000007fd is an unknown value
x11=0x0000000000000001 is an unknown value
x12=0x0000000000000337 is an unknown value
x13=0x00000000c7063b39 is an unknown value
x14=0x00000000c7264000 is an unknown value
x15=0x0000000000064000 is an unknown value
x16=0x0000000047200000 is an unknown value
x17=0x00000001b0cba218: default_zone_free_definite_size+0 in /usr/lib/system/libsystem_malloc.dylib at 0x00000001b0cb8000
x18=0x0 is NULL
x19=0x00000001098e7730 is at code_begin+48 in an Interpreter codelet
result handlers for native calls  [0x00000001098e7700, 0x00000001098e7780]  128 bytes
x20=0x0000000172a1a920 is pointing into the stack for thread: 0x0000000159813a00
x21=0x0000000101e14f90: _ZN19TemplateInterpreter13_active_tableE+0 in /Library/Java/JavaVirtualMachines/jdk-17.0.1.jdk/Contents/Home/lib/server/libjvm.dylib at 0x000000010127c000
x22=0x0 is NULL
x23=0x00000001098e87c0 is at code_begin+0 in an Interpreter codelet
method entry point (kind = zerolocals)  [0x00000001098e87c0, 0x00000001098e8ac0]  768 bytes
x24=0x0000000172a1a9a8 is pointing into the stack for thread: 0x0000000159813a00
x25=0x0000000000000001 is an unknown value
x26=0x000000011f11a688 is pointing into metadata
x27=0x0 is NULL
x28=0x0000000159813a00 is a thread


Registers:
 x0=0x00000001001a8000  x1=0x0000600002b47360  x2=0x0000000000000000  x3=0x00000001b0cba23c
 x4=0x00000000000130a8  x5=0x0000000000000000  x6=0x0000000000000000  x7=0x0000000000000000
 x8=0x088cfd3a24130089  x9=0x088cfd3a24130089 x10=0x00000000000007fd x11=0x0000000000000001
x12=0x0000000000000337 x13=0x00000000c7063b39 x14=0x00000000c7264000 x15=0x0000000000064000
x16=0x0000000047200000 x17=0x00000001b0cba218 x18=0x0000000000000000 x19=0x00000001098e7730
x20=0x0000000172a1a920 x21=0x0000000101e14f90 x22=0x0000000000000000 x23=0x00000001098e87c0
x24=0x0000000172a1a9a8 x25=0x0000000000000001 x26=0x000000011f11a688 x27=0x0000000000000000
x28=0x0000000159813a00  fp=0x0000000172a1a980  lr=0x3f068001098e98ac  sp=0x0000000172a1a920
pc=0x00000001098e98ac cpsr=0x0000000060001000
Top of Stack: (sp=0x0000000172a1a920)
0x0000000172a1a920:   0000000000000000 0000000780248c10
0x0000000172a1a930:   0000000172a1a930 0000000000000000
0x0000000172a1a940:   0000000172a1a9a8 000000011f11a688
0x0000000172a1a950:   000000078527b398 0000000000000000
0x0000000172a1a960:   0000000000000000 000000011f0f3b50
0x0000000172a1a970:   0000000000000000 0000000172a1a980
0x0000000172a1a980:   0000000172a1aa00 00000001098e5fc8
0x0000000172a1a990:   0000000000000000 0000000000000000
0x0000000172a1a9a0:   0000000787cc8878 000000078527bce0
0x0000000172a1a9b0:   0000000172a1a9b0 000000011f0f3bea
0x0000000172a1a9c0:   0000000172a1aa18 000000011f11a688
0x0000000172a1a9d0:   000000078527b398 0000000000000000
0x0000000172a1a9e0:   0000000000000000 000000011f0f3bf8
0x0000000172a1a9f0:   0000000172a1a9a0 0000000172a1a9e0
0x0000000172a1aa00:   0000000172a1aa80 00000001098e6508
0x0000000172a1aa10:   0000000787cc8878 000000078527bce0
0x0000000172a1aa20:   0000000000000003 0000000000000000
0x0000000172a1aa30:   0000000172a1aa20 000000011f11c72a
0x0000000172a1aa40:   0000000172a1aab8 000000011f11ccf0
0x0000000172a1aa50:   000000078520b2d0 0000000000000000
0x0000000172a1aa60:   0000000000000000 000000011f11c7c8
0x0000000172a1aa70:   0000000172a1aa10 0000000172a1aab0
0x0000000172a1aa80:   0000000172a1ab90 00000001098e0140
0x0000000172a1aa90:   0000000000000000 0000000000000000
0x0000000172a1aaa0:   000000078520b2b8 0000000787cc8878
0x0000000172a1aab0:   0000000780248b68 000000078520b138
0x0000000172a1aac0:   0000000000000000 0000000000000000
0x0000000172a1aad0:   0000000000000000 0000000000000000
0x0000000172a1aae0:   0000000000000000 0000000000000000
0x0000000172a1aaf0:   0000000000000000 0000000000000000
0x0000000172a1ab00:   0000000000000001 000000000000000f
0x0000000172a1ab10:   0000000172a1ad70 0000000000000001 

Instructions: (pc=0x00000001098e98ac)
0x00000001098e97ac:   f9014f9f f9014b9f f9400788 b40000a8
0x00000001098e97bc:   d2801008 f2a131c8 f2c00028 d61f0100
0x00000001098e97cc:   a97be3b6 f9403191 d63f0220 f85e83ac
0x00000001098e97dc:   aa0003f3 b9402991 36180111 f9400591
0x00000001098e97ec:   f9400631 f9400e31 f9403a31 f9400231
0x00000001098e97fc:   f9000fb1 910063a1 f9402d8a d2855909
0x00000001098e980c:   f2a03569 f2c00029 f9400129 eb09015f
0x00000001098e981c:   54000361 aa0c03e1 f81b83b6 aa1c03e0
0x00000001098e982c:   10000128 f9014b88 f9014794 f9014f9d
0x00000001098e983c:   a9bf33e8 d28ff108 f2a02da8 f2c00028
0x00000001098e984c:   d63f0100 a8c133e8 10fffffe f901479f
0x00000001098e985c:   f9014f9f f9014b9f f9400788 b40000a8
0x00000001098e986c:   d2801008 f2a131c8 f2c00028 d61f0100
0x00000001098e987c:   a97be3b6 f85e83ac f9402d8a 910aa380
0x00000001098e988c:   10000108 f9014b88 f9014794 f9014f9d
0x00000001098e989c:   b27e03e8 910ce389 889ffd28 d63f0140
0x00000001098e98ac:   f85e83ac d1008288 927ced1f fc1f0e80
0x00000001098e98bc:   f81f8e9f f81f8e80 d28000a8 910ce389
0x00000001098e98cc:   889ffd28 d5033bbf 910d0388 c8dffd08
0x00000001098e98dc:   eb0803bf 54000068 b9432b89 b4000169
0x00000001098e98ec:   aa1c03e0 d293b289 f2a036e9 f2c00029
0x00000001098e98fc:   d63f0120 f85e83ac d28ce11b f2a03b9b
0x00000001098e990c:   f2c0003b f940037b b27d03e8 910ce389
0x00000001098e991c:   889ffd28 f901479f f9014f9f f9014b9f
0x00000001098e992c:   f9406f91 f900823f 10fef051 eb13023f
0x00000001098e993c:   54000441 f8410680 b40003a0 36000360
0x00000001098e994c:   f85ff000 a9bf7bfd 910003fd 3940e391
0x00000001098e995c:   34000271 b4000240 f9401391 b40000f1
0x00000001098e996c:   d1002231 f9001391 f9401b88 8b080231
0x00000001098e997c:   f9000220 1400000a a9bf7fe0 aa1c03e1
0x00000001098e998c:   a9bf33e8 d297ae88 f2a02ba8 f2c00028
0x00000001098e999c:   d63f0100 a8c133e8 a8c17fe0 910003bf 


Stack slot to memory mapping:
stack at sp + 0 slots: 0x0 is NULL
stack at sp + 1 slots: 0x0000000780248c10 is an oop: java.util.concurrent.locks.AbstractQueuedSynchronizer$ConditionObject 
{0x0000000780248c10} - klass: 'java/util/concurrent/locks/AbstractQueuedSynchronizer$ConditionObject'
 - ---- fields (total size 3 words):
 - private transient 'firstWaiter' 'Ljava/util/concurrent/locks/AbstractQueuedSynchronizer$ConditionNode;' @12  NULL (0)
 - private transient 'lastWaiter' 'Ljava/util/concurrent/locks/AbstractQueuedSynchronizer$ConditionNode;' @16  NULL (0)
 - final synthetic 'this$0' 'Ljava/util/concurrent/locks/AbstractQueuedSynchronizer;' @20  a 'java/util/concurrent/locks/ReentrantLock$NonfairSync'{0x0000000780248bb8} (f0049177)
stack at sp + 2 slots: 0x0000000172a1a930 is pointing into the stack for thread: 0x0000000159813a00
stack at sp + 3 slots: 0x0 is NULL
stack at sp + 4 slots: 0x0000000172a1a9a8 is pointing into the stack for thread: 0x0000000159813a00
stack at sp + 5 slots: 0x000000011f11a688 is pointing into metadata
stack at sp + 6 slots: 0x000000078527b398 is an oop: java.lang.Class 
{0x000000078527b398} - klass: 'java/lang/Class'
 - ---- fields (total size 15 words):
 - private volatile transient 'classRedefinedCount' 'I' @12  0
 - private volatile transient 'cachedConstructor' 'Ljava/lang/reflect/Constructor;' @40  NULL (0)
 - private transient 'name' 'Ljava/lang/String;' @44  "com.sun.glass.ui.mac.MacApplication"{0x000000078527b410} (f0a4f682)
 - private transient 'module' 'Ljava/lang/Module;' @48  a 'java/lang/Module'{0x000000078520c7b0} (f0a418f6)
 - private final 'classLoader' 'Ljava/lang/ClassLoader;' @52  a 'jdk/internal/loader/ClassLoaders$AppClassLoader'{0x0000000785215eb8} (f0a42bd7)
 - private transient 'classData' 'Ljava/lang/Object;' @56  NULL (0)
 - private transient 'packageName' 'Ljava/lang/String;' @60  "com.sun.glass.ui.mac"{0x000000078527b460} (f0a4f68c)
 - private final 'componentType' 'Ljava/lang/Class;' @64  NULL (0)
 - private volatile transient 'reflectionData' 'Ljava/lang/ref/SoftReference;' @68  NULL (0)
 - private volatile transient 'genericInfo' 'Lsun/reflect/generics/repository/ClassRepository;' @72  NULL (0)
 - private volatile transient 'enumConstants' '[Ljava/lang/Object;' @76  NULL (0)
 - private volatile transient 'enumConstantDirectory' 'Ljava/util/Map;' @80  NULL (0)
 - private volatile transient 'annotationData' 'Ljava/lang/Class$AnnotationData;' @84  NULL (0)
 - private volatile transient 'annotationType' 'Lsun/reflect/annotation/AnnotationType;' @88  NULL (0)
 - transient 'classValueMap' 'Ljava/lang/ClassValue$ClassValueMap;' @92  NULL (0)
 - signature: Lcom/sun/glass/ui/mac/MacApplication;
 - fake entry for mirror: 'com/sun/glass/ui/mac/MacApplication'
 - fake entry for array: NULL
 - fake entry for oop_size: 15
 - fake entry for static_oop_field_count: 0
 - static final 'BROWSER_PARENT_ID' 'J' @112  -1 (ffffffff ffffffff)
stack at sp + 7 slots: 0x0 is NULL

method entry point (kind = native)  [0x00000001098e9600, 0x00000001098e9c80]  1664 bytes
[MachCode]
  0x00000001098e9600: 8205 40f9 | 4258 4079 | 986e 228b | 1823 00d1 | 9fee 7c92 | f4c3 01d1 | f603 1faa | f47f b9a9 
  0x00000001098e9620: ff7f 06a9 | 8809 40f9 | 4800 00b4 | 08a1 0391 | e833 03a9 | 8a05 40f9 | 4a05 40f9 | 4a0d 40f9 
  0x00000001098e9640: 4a39 40f9 | 4a01 40f9 | ea7f 02a9 | 9a05 40f9 | 5a07 40f9 | 5a0b 40f9 | f86b 01a9 | fd7b 05a9 
  0x00000001098e9660: fd43 0191 | ff37 04a9 | e903 40b2 | 89a7 0d39 | 8009 40f9 | 0001 00b4 | 08ac 40b9 | 0809 0091 
  0x00000001098e9680: 08ac 00b9 | 09c0 40b9 | 0801 09ea | 802b 0054 | 2300 0014 | 890d 40f9 | 6903 00b5 | e103 0caa 
  0x00000001098e96a0: b683 1bf8 | e003 1caa | 2801 0010 | 884b 01f9 | 9447 01f9 | 9d4f 01f9 | e833 bfa9 | 085b 8dd2 
  0x00000001098e96c0: a82d a0f2 | 2800 c0f2 | 0001 3fd6 | e833 c1a8 | feff ff10 | 9f47 01f9 | 9f4f 01f9 | 9f4b 01f9 
  0x00000001098e96e0: 8807 40f9 | a800 00b4 | 0810 80d2 | c831 a1f2 | 2800 c0f2 | 0001 1fd6 | b6e3 7ba9 | 890d 40f9 
  0x00000001098e9700: e900 00b4 | 2809 40b9 | 0809 0091 | 2809 00b9 | 2121 40b9 | 0801 01ea | 2027 0054 | e953 40d1 
  0x00000001098e9720: 3f01 00f9 | 9fa7 0d39 | c828 fc90 | 0889 5139 | 2801 0034 | a183 5ef8 | e003 1caa | e833 bfa9 
  0x00000001098e9740: 08ca 85d2 | 6835 a0f2 | 2800 c0f2 | 0001 3fd6 | e833 c1a8 | 9105 40f9 | 315a 4079 | 886e 31cb 
  0x00000001098e9760: 1fed 7c92 | f403 08aa | 9131 40f9 | 5103 00b5 | e103 0caa | b683 1bf8 | e003 1caa | 2801 0010 
  0x00000001098e9780: 884b 01f9 | 9447 01f9 | 9d4f 01f9 | e833 bfa9 | 08f1 8fd2 | a82d a0f2 | 2800 c0f2 | 0001 3fd6 
  0x00000001098e97a0: e833 c1a8 | feff ff10 | 9f47 01f9 | 9f4f 01f9 | 9f4b 01f9 | 8807 40f9 | a800 00b4 | 0810 80d2 
  0x00000001098e97c0: c831 a1f2 | 2800 c0f2 | 0001 1fd6 | b6e3 7ba9 | 9131 40f9 | 2002 3fd6 | ac83 5ef8 | f303 00aa 
  0x00000001098e97e0: 9129 40b9 | 1101 1836 | 9105 40f9 | 3106 40f9 | 310e 40f9 | 313a 40f9 | 3102 40f9 | b10f 00f9 
  0x00000001098e9800: a163 0091 | 8a2d 40f9 | 0959 85d2 | 6935 a0f2 | 2900 c0f2 | 2901 40f9 | 5f01 09eb | 6103 0054 
  0x00000001098e9820: e103 0caa | b683 1bf8 | e003 1caa | 2801 0010 | 884b 01f9 | 9447 01f9 | 9d4f 01f9 | e833 bfa9 
  0x00000001098e9840: 08f1 8fd2 | a82d a0f2 | 2800 c0f2 | 0001 3fd6 | e833 c1a8 | feff ff10 | 9f47 01f9 | 9f4f 01f9 
  0x00000001098e9860: 9f4b 01f9 | 8807 40f9 | a800 00b4 | 0810 80d2 | c831 a1f2 | 2800 c0f2 | 0001 1fd6 | b6e3 7ba9 
  0x00000001098e9880: ac83 5ef8 | 8a2d 40f9 | 80a3 0a91 | 0801 0010 | 884b 01f9 | 9447 01f9 | 9d4f 01f9 | e803 7eb2 
  0x00000001098e98a0: 89e3 0c91 | 28fd 9f88 | 4001 3fd6 | ac83 5ef8 | 8882 00d1 | 1fed 7c92 | 800e 1ffc | 9f8e 1ff8 
  0x00000001098e98c0: 808e 1ff8 | a800 80d2 | 89e3 0c91 | 28fd 9f88 | bf3b 03d5 | 8803 0d91 | 08fd dfc8 | bf03 08eb 
  0x00000001098e98e0: 6800 0054 | 892b 43b9 | 6901 00b4 | e003 1caa | 89b2 93d2 | e936 a0f2 | 2900 c0f2 | 2001 3fd6 
  0x00000001098e9900: ac83 5ef8 | 1be1 8cd2 | 9b3b a0f2 | 3b00 c0f2 | 7b03 40f9 | e803 7db2 | 89e3 0c91 | 28fd 9f88 
  0x00000001098e9920: 9f47 01f9 | 9f4f 01f9 | 9f4b 01f9 | 916f 40f9 | 3f82 00f9 | 51f0 fe10 | 3f02 13eb | 4104 0054 
  0x00000001098e9940: 8006 41f8 | a003 00b4 | 6003 0036 | 00f0 5ff8 | fd7b bfa9 | fd03 0091 | 91e3 4039 | 7102 0034 
  0x00000001098e9960: 4002 00b4 | 9113 40f9 | f100 00b4 | 3122 00d1 | 9113 00f9 | 881b 40f9 | 3102 088b | 2002 00f9 
  0x00000001098e9980: 0a00 0014 | e07f bfa9 | e103 1caa | e833 bfa9 | 88ae 97d2 | a82b a0f2 | 2800 c0f2 | 0001 3fd6 
  0x00000001098e99a0: e833 c1a8 | e07f c1a8 | bf03 0091 | fd7b c1a8 | 0200 0014 | 0000 40f9 | a00f 00f9 | 9f8e 1ff8 
  0x00000001098e99c0: 808e 1ff8 | 88a3 0e91 | 0801 40b9 | 1f09 00f1 | c104 0054 | e007 b0a9 | e20f 01a9 | e417 02a9 
  0x00000001098e99e0: e61f 03a9 | e827 04a9 | ea2f 05a9 | ec37 06a9 | ee3f 07a9 | f047 08a9 | f24f 09a9 | f457 0aa9 
  0x00000001098e9a00: f65f 0ba9 | f867 0ca9 | fa6f 0da9 | fc77 0ea9 | fe7f 0fa9 | e003 1caa | 09f3 89d2 | 6935 a0f2 
  0x00000001098e9a20: 2900 c0f2 | 2001 3fd6 | e20f 41a9 | e417 42a9 | e61f 43a9 | e827 44a9 | ea2f 45a9 | ec37 46a9 
  0x00000001098e9a40: ee3f 47a9 | f047 48a9 | f24f 49a9 | f457 4aa9 | f65f 4ba9 | f867 4ca9 | fa6f 4da9 | fc77 4ea9 
  0x00000001098e9a60: fe7f 4fa9 | e007 d0a8 | ac83 5ef8 | 9605 40f9 | d6c2 0091 | 8807 40f9 | 6803 00b4 | b683 1bf8 
  0x00000001098e9a80: e003 1caa | 2801 0010 | 884b 01f9 | 9447 01f9 | 9d4f 01f9 | e833 bfa9 | 8828 88d2 | a82d a0f2 
  0x00000001098e9aa0: 2800 c0f2 | 0001 3fd6 | e833 c1a8 | feff ff10 | 9f47 01f9 | 9f4f 01f9 | 9f4b 01f9 | 8807 40f9 
  0x00000001098e9ac0: a800 00b4 | 0810 80d2 | c831 a1f2 | 2800 c0f2 | 0001 1fd6 | b6e3 7ba9 | c1d5 bbd4 | c4f9 c701 
  0x00000001098e9ae0: 0100 0000 | 9129 40b9 | 5106 2836 | a183 01d1 | 3104 40f9 | 7103 00b5 | b683 1bf8 | e003 1caa 
  0x00000001098e9b00: 2801 0010 | 884b 01f9 | 9447 01f9 | 9d4f 01f9 | e833 bfa9 | 0837 8ad2 | a82d a0f2 | 2800 c0f2 
  0x00000001098e9b20: 0001 3fd6 | e833 c1a8 | feff ff10 | 9f47 01f9 | 9f4f 01f9 | 9f4b 01f9 | 8807 40f9 | a800 00b4 
  0x00000001098e9b40: 0810 80d2 | c831 a1f2 | 2800 c0f2 | 0001 1fd6 | b6e3 7ba9 | c1d5 bbd4 | c4f9 c701 | 0100 0000 
  0x00000001098e9b60: b683 1bf8 | 2000 00d1 | 2304 40f9 | 3f04 00f9 | 0200 40f9 | c201 00b4 | e803 00aa | 62fc e0c8 
  0x00000001098e9b80: 1f01 00eb | 4001 0054 | bf3b 03d5 | 2304 00f9 | e003 01aa | e833 bfa9 | 0818 8ad2 | a82d a0f2 
  0x00000001098e9ba0: 2800 c0f2 | 0001 3fd6 | e833 c1a8 | b683 5bf8 | c828 fc90 | 0889 5139 | 2801 0034 | a183 5ef8 
  0x00000001098e9bc0: e003 1caa | e833 bfa9 | 08da 85d2 | 6835 a0f2 | 2800 c0f2 | 0001 3fd6 | e833 c1a8 | 8006 41f8 
  0x00000001098e9be0: 8006 41fc | 6002 3fd6 | b483 5ff8 | bf03 0091 | fd7b c1a8 | 9f02 0091 | c003 5fd6 | 0100 80d2 
  0x00000001098e9c00: b683 1bf8 | e003 1caa | 2801 0010 | 884b 01f9 | 9447 01f9 | 9d4f 01f9 | e833 bfa9 | 8856 8cd2 
  0x00000001098e9c20: a82d a0f2 | 2800 c0f2 | 0001 3fd6 | e833 c1a8 | feff ff10 | 9f47 01f9 | 9f4f 01f9 | 9f4b 01f9 
  0x00000001098e9c40: 8807 40f9 | a800 00b4 | 0810 80d2 | c831 a1f2 | 2800 c0f2 | 0001 1fd6 | b6e3 7ba9 | b0fe ff17 
  0x00000001098e9c60: 0000 0000 | 0000 0000 | 0000 0000 | 0000 0000 | 0000 0000 | 0000 0000 | 0000 0000 | 0000 0000 
[/MachCode]

---------------  P R O C E S S  ---------------

Threads class SMR info:
_java_thread_list=0x0000600002958d80, length=24, elements={
0x000000014a008a00, 0x000000015982fc00, 0x000000013900a400, 0x000000015a81b800,
0x0000000139008200, 0x0000000139008800, 0x000000014904a800, 0x000000014904ae00,
0x0000000149053400, 0x0000000159010c00, 0x000000015a816600, 0x000000015a816c00,
0x000000015900e800, 0x0000000159813a00, 0x0000000149049000, 0x000000015990b800,
0x0000000159918600, 0x0000000159829200, 0x00000001591eaa00, 0x000000015a8db800,
0x0000000159921200, 0x0000000159909200, 0x000000013a071e00, 0x0000000159c15800
}

Java Threads: ( => current thread )
  0x000000014a008a00 JavaThread "main" [_thread_blocked, id=10243, stack(0x000000016fe10000,0x0000000170013000)]
  0x000000015982fc00 JavaThread "Reference Handler" daemon [_thread_blocked, id=16643, stack(0x0000000170c64000,0x0000000170e67000)]
  0x000000013900a400 JavaThread "Finalizer" daemon [_thread_blocked, id=17155, stack(0x0000000170e70000,0x0000000171073000)]
  0x000000015a81b800 JavaThread "Signal Dispatcher" daemon [_thread_blocked, id=22787, stack(0x0000000171194000,0x0000000171397000)]
  0x0000000139008200 JavaThread "Service Thread" daemon [_thread_blocked, id=41987, stack(0x00000001713a0000,0x00000001715a3000)]
  0x0000000139008800 JavaThread "Monitor Deflation Thread" daemon [_thread_blocked, id=23043, stack(0x00000001715ac000,0x00000001717af000)]
  0x000000014904a800 JavaThread "C2 CompilerThread0" daemon [_thread_blocked, id=41219, stack(0x00000001717b8000,0x00000001719bb000)]
  0x000000014904ae00 JavaThread "C1 CompilerThread0" daemon [_thread_blocked, id=40963, stack(0x00000001719c4000,0x0000000171bc7000)]
  0x0000000149053400 JavaThread "Sweeper thread" daemon [_thread_blocked, id=23811, stack(0x0000000171bd0000,0x0000000171dd3000)]
  0x0000000159010c00 JavaThread "Common-Cleaner" daemon [_thread_blocked, id=24067, stack(0x0000000171ddc000,0x0000000171fdf000)]
  0x000000015a816600 JavaThread "Monitor Ctrl-Break" daemon [_thread_in_native, id=40451, stack(0x0000000171fe8000,0x00000001721eb000)]
  0x000000015a816c00 JavaThread "Notification Thread" daemon [_thread_blocked, id=40195, stack(0x00000001721f4000,0x00000001723f7000)]
  0x000000015900e800 JavaThread "QuantumRenderer-0" daemon [_thread_blocked, id=39427, stack(0x000000017260c000,0x000000017280f000)]
=>0x0000000159813a00 JavaThread "InvokeLaterDispatcher" daemon [_thread_in_native, id=35851, stack(0x0000000172818000,0x0000000172a1b000)]
  0x0000000149049000 JavaThread "JavaFX Application Thread" [_thread_in_native, id=259, stack(0x000000016f588000,0x000000016fd84000)]
  0x000000015990b800 JavaThread "JavaFX-Launcher" [_thread_blocked, id=78867, stack(0x0000000172d48000,0x0000000172f4b000)]
  0x0000000159918600 JavaThread "PulseTimer-CVDisplayLink thread" daemon [_thread_in_native, id=79371, stack(0x0000000172a24000,0x0000000172aa7000)]
  0x0000000159829200 JavaThread "RMI Scheduler(0)" daemon [_thread_blocked, id=56323, stack(0x0000000173990000,0x0000000173b93000)]
  0x00000001591eaa00 JavaThread "RMI RenewClean-[192.168.1.25:52694]" daemon [_thread_blocked, id=56835, stack(0x0000000173b9c000,0x0000000173d9f000)]
  0x000000015a8db800 JavaThread "RMI GC Daemon" daemon [_thread_blocked, id=57351, stack(0x0000000173da8000,0x0000000173fab000)]
  0x0000000159921200 JavaThread "Thread-4" daemon [_thread_blocked, id=73731, stack(0x0000000173fb4000,0x00000001741b7000)]
  0x0000000159909200 JavaThread "Prism Font Disposer" daemon [_thread_blocked, id=59235, stack(0x00000001741c0000,0x00000001743c3000)]
  0x000000013a071e00 JavaThread "Cleaner-0" daemon [_thread_blocked, id=70683, stack(0x00000001743cc000,0x00000001745cf000)]
  0x0000000159c15800 JavaThread "Attach Listener" daemon [_thread_blocked, id=68119, stack(0x0000000175220000,0x0000000175423000)]

Other Threads:
  0x0000000158f08260 VMThread "VM Thread" [stack: 0x0000000170a58000,0x0000000170c5b000] [id=18179]
  0x000000015a007a20 WatcherThread [stack: 0x0000000172400000,0x0000000172603000] [id=39939]
  0x0000000149906530 GCTaskThread "GC Thread#0" [stack: 0x000000017001c000,0x000000017021f000] [id=20483]
  0x000000015a0130c0 GCTaskThread "GC Thread#1" [stack: 0x0000000172f54000,0x0000000173157000] [id=75523]
  0x000000015a013540 GCTaskThread "GC Thread#2" [stack: 0x0000000173160000,0x0000000173363000] [id=75011]
  0x000000015a0139c0 GCTaskThread "GC Thread#3" [stack: 0x000000017336c000,0x000000017356f000] [id=74755]
  0x000000015a013e40 GCTaskThread "GC Thread#4" [stack: 0x0000000173578000,0x000000017377b000] [id=55555]
  0x000000015a0142c0 GCTaskThread "GC Thread#5" [stack: 0x0000000173784000,0x0000000173987000] [id=56067]
  0x000000015a035af0 GCTaskThread "GC Thread#6" [stack: 0x00000001745d8000,0x00000001747db000] [id=59911]
  0x000000015a035f70 GCTaskThread "GC Thread#7" [stack: 0x00000001747e4000,0x00000001749e7000] [id=69891]
  0x0000000149906be0 ConcurrentGCThread "G1 Main Marker" [stack: 0x0000000170228000,0x000000017042b000] [id=13315]
  0x0000000149907460 ConcurrentGCThread "G1 Conc#0" [stack: 0x0000000170434000,0x0000000170637000] [id=13827]
  0x0000000148f041d0 ConcurrentGCThread "G1 Refine#0" [stack: 0x0000000170640000,0x0000000170843000] [id=14595]
  0x0000000138e075c0 ConcurrentGCThread "G1 Refine#1" [stack: 0x00000001749f0000,0x0000000174bf3000] [id=69635]
  0x0000000148f0b6f0 ConcurrentGCThread "G1 Refine#2" [stack: 0x0000000174bfc000,0x0000000174dff000] [id=69379]
  0x000000014990e480 ConcurrentGCThread "G1 Refine#3" [stack: 0x0000000174e08000,0x000000017500b000] [id=61443]
  0x0000000138e078a0 ConcurrentGCThread "G1 Refine#4" [stack: 0x0000000175014000,0x0000000175217000] [id=68611]
  0x0000000148f04a70 ConcurrentGCThread "G1 Service" [stack: 0x000000017084c000,0x0000000170a4f000] [id=14851]

Threads with active compile tasks:

VM state: not at safepoint (normal execution)

VM Mutex/Monitor currently owned by a thread: None

Heap address: 0x0000000780000000, size: 2048 MB, Compressed Oops mode: Zero based, Oop shift amount: 3

CDS archive(s) mapped at: [0x0000000800000000-0x0000000800bd4000-0x0000000800bd4000), size 12402688, SharedBaseAddress: 0x0000000800000000, ArchiveRelocationMode: 0.
Compressed class space mapped at: 0x0000000800c00000-0x0000000840c00000, reserved size: 1073741824
Narrow klass base: 0x0000000800000000, Narrow klass shift: 0, Narrow klass range: 0x100000000

GC Precious Log:
 CPUs: 8 total, 8 available
 Memory: 8192M
 Large Page Support: Disabled
 NUMA Support: Disabled
 Compressed Oops: Enabled (Zero based)
 Heap Region Size: 1M
 Heap Min Capacity: 8M
 Heap Initial Capacity: 128M
 Heap Max Capacity: 2G
 Pre-touch: Disabled
 Parallel Workers: 8
 Concurrent Workers: 2
 Concurrent Refinement Workers: 8
 Periodic GC: Disabled

Heap:
 garbage-first heap   total 133120K, used 47526K [0x0000000780000000, 0x0000000800000000)
  region size 1024K, 11 young (11264K), 6 survivors (6144K)
 Metaspace       used 17801K, committed 18048K, reserved 1064960K
  class space    used 2686K, committed 2816K, reserved 1048576K

Heap Regions: E=young(eden), S=young(survivor), O=old, HS=humongous(starts), HC=humongous(continues), CS=collection set, F=free, OA=open archive, CA=closed archive, TAMS=top-at-mark-start (previous, next)
|   0|0x0000000780000000, 0x0000000780100000, 0x0000000780100000|100%|HS|  |TAMS 0x0000000780000000, 0x0000000780000000| Complete 
|   1|0x0000000780100000, 0x0000000780200000, 0x0000000780200000|100%|HC|  |TAMS 0x0000000780100000, 0x0000000780100000| Complete 
|   2|0x0000000780200000, 0x0000000780300000, 0x0000000780300000|100%| O|  |TAMS 0x0000000780200000, 0x0000000780200000| Untracked 
|   3|0x0000000780300000, 0x0000000780400000, 0x0000000780400000|100%| O|  |TAMS 0x0000000780300000, 0x0000000780300000| Untracked 
|   4|0x0000000780400000, 0x0000000780471800, 0x0000000780500000| 44%| O|  |TAMS 0x0000000780400000, 0x0000000780400000| Untracked 
|   5|0x0000000780500000, 0x0000000780600000, 0x0000000780600000|100%|HS|  |TAMS 0x0000000780500000, 0x0000000780500000| Complete 
|   6|0x0000000780600000, 0x0000000780700000, 0x0000000780700000|100%|HC|  |TAMS 0x0000000780600000, 0x0000000780600000| Complete 
|   7|0x0000000780700000, 0x0000000780800000, 0x0000000780800000|100%|HS|  |TAMS 0x0000000780700000, 0x0000000780700000| Complete 
|   8|0x0000000780800000, 0x0000000780900000, 0x0000000780900000|100%|HC|  |TAMS 0x0000000780800000, 0x0000000780800000| Complete 
|   9|0x0000000780900000, 0x0000000780a00000, 0x0000000780a00000|100%|HS|  |TAMS 0x0000000780900000, 0x0000000780900000| Complete 
|  10|0x0000000780a00000, 0x0000000780b00000, 0x0000000780b00000|100%|HC|  |TAMS 0x0000000780a00000, 0x0000000780a00000| Complete 
|  11|0x0000000780b00000, 0x0000000780c00000, 0x0000000780c00000|100%|HS|  |TAMS 0x0000000780b00000, 0x0000000780b00000| Complete 
|  12|0x0000000780c00000, 0x0000000780d00000, 0x0000000780d00000|100%|HC|  |TAMS 0x0000000780c00000, 0x0000000780c00000| Complete 
|  13|0x0000000780d00000, 0x0000000780e00000, 0x0000000780e00000|100%|HS|  |TAMS 0x0000000780d00000, 0x0000000780d00000| Complete 
|  14|0x0000000780e00000, 0x0000000780f00000, 0x0000000780f00000|100%|HC|  |TAMS 0x0000000780e00000, 0x0000000780e00000| Complete 
|  15|0x0000000780f00000, 0x0000000781000000, 0x0000000781000000|100%|HC|  |TAMS 0x0000000780f00000, 0x0000000780f00000| Complete 
|  16|0x0000000781000000, 0x0000000781100000, 0x0000000781100000|100%|HS|  |TAMS 0x0000000781000000, 0x0000000781000000| Complete 
|  17|0x0000000781100000, 0x0000000781200000, 0x0000000781200000|100%|HC|  |TAMS 0x0000000781100000, 0x0000000781100000| Complete 
|  18|0x0000000781200000, 0x0000000781300000, 0x0000000781300000|100%|HC|  |TAMS 0x0000000781200000, 0x0000000781200000| Complete 
|  19|0x0000000781300000, 0x0000000781400000, 0x0000000781400000|100%|HS|  |TAMS 0x0000000781300000, 0x0000000781300000| Complete 
|  20|0x0000000781400000, 0x0000000781500000, 0x0000000781500000|100%|HC|  |TAMS 0x0000000781400000, 0x0000000781400000| Complete 
|  21|0x0000000781500000, 0x0000000781600000, 0x0000000781600000|100%|HC|  |TAMS 0x0000000781500000, 0x0000000781500000| Complete 
|  22|0x0000000781600000, 0x0000000781700000, 0x0000000781700000|100%|HS|  |TAMS 0x0000000781600000, 0x0000000781600000| Complete 
|  23|0x0000000781700000, 0x0000000781800000, 0x0000000781800000|100%|HC|  |TAMS 0x0000000781700000, 0x0000000781700000| Complete 
|  24|0x0000000781800000, 0x0000000781900000, 0x0000000781900000|100%|HC|  |TAMS 0x0000000781800000, 0x0000000781800000| Complete 
|  25|0x0000000781900000, 0x0000000781a00000, 0x0000000781a00000|100%|HS|  |TAMS 0x0000000781900000, 0x0000000781900000| Complete 
|  26|0x0000000781a00000, 0x0000000781b00000, 0x0000000781b00000|100%|HC|  |TAMS 0x0000000781a00000, 0x0000000781a00000| Complete 
|  27|0x0000000781b00000, 0x0000000781c00000, 0x0000000781c00000|100%|HC|  |TAMS 0x0000000781b00000, 0x0000000781b00000| Complete 
|  28|0x0000000781c00000, 0x0000000781d00000, 0x0000000781d00000|100%|HS|  |TAMS 0x0000000781c00000, 0x0000000781c00000| Complete 
|  29|0x0000000781d00000, 0x0000000781e00000, 0x0000000781e00000|100%|HC|  |TAMS 0x0000000781d00000, 0x0000000781d00000| Complete 
|  30|0x0000000781e00000, 0x0000000781f00000, 0x0000000781f00000|100%|HC|  |TAMS 0x0000000781e00000, 0x0000000781e00000| Complete 
|  31|0x0000000781f00000, 0x0000000782000000, 0x0000000782000000|100%|HS|  |TAMS 0x0000000781f00000, 0x0000000781f00000| Complete 
|  32|0x0000000782000000, 0x0000000782100000, 0x0000000782100000|100%|HC|  |TAMS 0x0000000782000000, 0x0000000782000000| Complete 
|  33|0x0000000782100000, 0x0000000782200000, 0x0000000782200000|100%|HC|  |TAMS 0x0000000782100000, 0x0000000782100000| Complete 
|  34|0x0000000782200000, 0x0000000782300000, 0x0000000782300000|100%|HS|  |TAMS 0x0000000782200000, 0x0000000782200000| Complete 
|  35|0x0000000782300000, 0x0000000782400000, 0x0000000782400000|100%|HC|  |TAMS 0x0000000782300000, 0x0000000782300000| Complete 
|  36|0x0000000782400000, 0x0000000782500000, 0x0000000782500000|100%|HC|  |TAMS 0x0000000782400000, 0x0000000782400000| Complete 
|  37|0x0000000782500000, 0x0000000782500000, 0x0000000782600000|  0%| F|  |TAMS 0x0000000782500000, 0x0000000782500000| Untracked 
|  38|0x0000000782600000, 0x0000000782600000, 0x0000000782700000|  0%| F|  |TAMS 0x0000000782600000, 0x0000000782600000| Untracked 
|  39|0x0000000782700000, 0x0000000782700000, 0x0000000782800000|  0%| F|  |TAMS 0x0000000782700000, 0x0000000782700000| Untracked 
|  40|0x0000000782800000, 0x0000000782800000, 0x0000000782900000|  0%| F|  |TAMS 0x0000000782800000, 0x0000000782800000| Untracked 
|  41|0x0000000782900000, 0x0000000782900000, 0x0000000782a00000|  0%| F|  |TAMS 0x0000000782900000, 0x0000000782900000| Untracked 
|  42|0x0000000782a00000, 0x0000000782a00000, 0x0000000782b00000|  0%| F|  |TAMS 0x0000000782a00000, 0x0000000782a00000| Untracked 
|  43|0x0000000782b00000, 0x0000000782b00000, 0x0000000782c00000|  0%| F|  |TAMS 0x0000000782b00000, 0x0000000782b00000| Untracked 
|  44|0x0000000782c00000, 0x0000000782c00000, 0x0000000782d00000|  0%| F|  |TAMS 0x0000000782c00000, 0x0000000782c00000| Untracked 
|  45|0x0000000782d00000, 0x0000000782d00000, 0x0000000782e00000|  0%| F|  |TAMS 0x0000000782d00000, 0x0000000782d00000| Untracked 
|  46|0x0000000782e00000, 0x0000000782e00000, 0x0000000782f00000|  0%| F|  |TAMS 0x0000000782e00000, 0x0000000782e00000| Untracked 
|  47|0x0000000782f00000, 0x0000000782f00000, 0x0000000783000000|  0%| F|  |TAMS 0x0000000782f00000, 0x0000000782f00000| Untracked 
|  48|0x0000000783000000, 0x0000000783000000, 0x0000000783100000|  0%| F|  |TAMS 0x0000000783000000, 0x0000000783000000| Untracked 
|  49|0x0000000783100000, 0x0000000783100000, 0x0000000783200000|  0%| F|  |TAMS 0x0000000783100000, 0x0000000783100000| Untracked 
|  50|0x0000000783200000, 0x0000000783200000, 0x0000000783300000|  0%| F|  |TAMS 0x0000000783200000, 0x0000000783200000| Untracked 
|  51|0x0000000783300000, 0x0000000783300000, 0x0000000783400000|  0%| F|  |TAMS 0x0000000783300000, 0x0000000783300000| Untracked 
|  52|0x0000000783400000, 0x0000000783400000, 0x0000000783500000|  0%| F|  |TAMS 0x0000000783400000, 0x0000000783400000| Untracked 
|  53|0x0000000783500000, 0x0000000783500000, 0x0000000783600000|  0%| F|  |TAMS 0x0000000783500000, 0x0000000783500000| Untracked 
|  54|0x0000000783600000, 0x0000000783600000, 0x0000000783700000|  0%| F|  |TAMS 0x0000000783600000, 0x0000000783600000| Untracked 
|  55|0x0000000783700000, 0x0000000783700000, 0x0000000783800000|  0%| F|  |TAMS 0x0000000783700000, 0x0000000783700000| Untracked 
|  56|0x0000000783800000, 0x0000000783800000, 0x0000000783900000|  0%| F|  |TAMS 0x0000000783800000, 0x0000000783800000| Untracked 
|  57|0x0000000783900000, 0x0000000783900000, 0x0000000783a00000|  0%| F|  |TAMS 0x0000000783900000, 0x0000000783900000| Untracked 
|  58|0x0000000783a00000, 0x0000000783a00000, 0x0000000783b00000|  0%| F|  |TAMS 0x0000000783a00000, 0x0000000783a00000| Untracked 
|  59|0x0000000783b00000, 0x0000000783b00000, 0x0000000783c00000|  0%| F|  |TAMS 0x0000000783b00000, 0x0000000783b00000| Untracked 
|  60|0x0000000783c00000, 0x0000000783c00000, 0x0000000783d00000|  0%| F|  |TAMS 0x0000000783c00000, 0x0000000783c00000| Untracked 
|  61|0x0000000783d00000, 0x0000000783d00000, 0x0000000783e00000|  0%| F|  |TAMS 0x0000000783d00000, 0x0000000783d00000| Untracked 
|  62|0x0000000783e00000, 0x0000000783e00000, 0x0000000783f00000|  0%| F|  |TAMS 0x0000000783e00000, 0x0000000783e00000| Untracked 
|  63|0x0000000783f00000, 0x0000000783f00000, 0x0000000784000000|  0%| F|  |TAMS 0x0000000783f00000, 0x0000000783f00000| Untracked 
|  64|0x0000000784000000, 0x0000000784000000, 0x0000000784100000|  0%| F|  |TAMS 0x0000000784000000, 0x0000000784000000| Untracked 
|  65|0x0000000784100000, 0x0000000784100000, 0x0000000784200000|  0%| F|  |TAMS 0x0000000784100000, 0x0000000784100000| Untracked 
|  66|0x0000000784200000, 0x0000000784200000, 0x0000000784300000|  0%| F|  |TAMS 0x0000000784200000, 0x0000000784200000| Untracked 
|  67|0x0000000784300000, 0x0000000784300000, 0x0000000784400000|  0%| F|  |TAMS 0x0000000784300000, 0x0000000784300000| Untracked 
|  68|0x0000000784400000, 0x0000000784400000, 0x0000000784500000|  0%| F|  |TAMS 0x0000000784400000, 0x0000000784400000| Untracked 
|  69|0x0000000784500000, 0x0000000784500000, 0x0000000784600000|  0%| F|  |TAMS 0x0000000784500000, 0x0000000784500000| Untracked 
|  70|0x0000000784600000, 0x0000000784600000, 0x0000000784700000|  0%| F|  |TAMS 0x0000000784600000, 0x0000000784600000| Untracked 
|  71|0x0000000784700000, 0x0000000784700000, 0x0000000784800000|  0%| F|  |TAMS 0x0000000784700000, 0x0000000784700000| Untracked 
|  72|0x0000000784800000, 0x0000000784800000, 0x0000000784900000|  0%| F|  |TAMS 0x0000000784800000, 0x0000000784800000| Untracked 
|  73|0x0000000784900000, 0x0000000784900000, 0x0000000784a00000|  0%| F|  |TAMS 0x0000000784900000, 0x0000000784900000| Untracked 
|  74|0x0000000784a00000, 0x0000000784a00000, 0x0000000784b00000|  0%| F|  |TAMS 0x0000000784a00000, 0x0000000784a00000| Untracked 
|  75|0x0000000784b00000, 0x0000000784b00000, 0x0000000784c00000|  0%| F|  |TAMS 0x0000000784b00000, 0x0000000784b00000| Untracked 
|  76|0x0000000784c00000, 0x0000000784c00000, 0x0000000784d00000|  0%| F|  |TAMS 0x0000000784c00000, 0x0000000784c00000| Untracked 
|  77|0x0000000784d00000, 0x0000000784e00000, 0x0000000784e00000|100%| S|CS|TAMS 0x0000000784d00000, 0x0000000784d00000| Complete 
|  78|0x0000000784e00000, 0x0000000784f00000, 0x0000000784f00000|100%| S|CS|TAMS 0x0000000784e00000, 0x0000000784e00000| Complete 
|  79|0x0000000784f00000, 0x0000000785000000, 0x0000000785000000|100%| S|CS|TAMS 0x0000000784f00000, 0x0000000784f00000| Complete 
|  80|0x0000000785000000, 0x0000000785100000, 0x0000000785100000|100%| S|CS|TAMS 0x0000000785000000, 0x0000000785000000| Complete 
|  81|0x0000000785100000, 0x0000000785200000, 0x0000000785200000|100%| S|CS|TAMS 0x0000000785100000, 0x0000000785100000| Complete 
|  82|0x0000000785200000, 0x0000000785300000, 0x0000000785300000|100%| S|CS|TAMS 0x0000000785200000, 0x0000000785200000| Complete 
|  83|0x0000000785300000, 0x0000000785300000, 0x0000000785400000|  0%| F|  |TAMS 0x0000000785300000, 0x0000000785300000| Untracked 
|  84|0x0000000785400000, 0x0000000785400000, 0x0000000785500000|  0%| F|  |TAMS 0x0000000785400000, 0x0000000785400000| Untracked 
|  85|0x0000000785500000, 0x0000000785500000, 0x0000000785600000|  0%| F|  |TAMS 0x0000000785500000, 0x0000000785500000| Untracked 
|  86|0x0000000785600000, 0x0000000785600000, 0x0000000785700000|  0%| F|  |TAMS 0x0000000785600000, 0x0000000785600000| Untracked 
|  87|0x0000000785700000, 0x0000000785700000, 0x0000000785800000|  0%| F|  |TAMS 0x0000000785700000, 0x0000000785700000| Untracked 
|  88|0x0000000785800000, 0x0000000785800000, 0x0000000785900000|  0%| F|  |TAMS 0x0000000785800000, 0x0000000785800000| Untracked 
|  89|0x0000000785900000, 0x0000000785900000, 0x0000000785a00000|  0%| F|  |TAMS 0x0000000785900000, 0x0000000785900000| Untracked 
|  90|0x0000000785a00000, 0x0000000785a00000, 0x0000000785b00000|  0%| F|  |TAMS 0x0000000785a00000, 0x0000000785a00000| Untracked 
|  91|0x0000000785b00000, 0x0000000785b00000, 0x0000000785c00000|  0%| F|  |TAMS 0x0000000785b00000, 0x0000000785b00000| Untracked 
|  92|0x0000000785c00000, 0x0000000785c00000, 0x0000000785d00000|  0%| F|  |TAMS 0x0000000785c00000, 0x0000000785c00000| Untracked 
|  93|0x0000000785d00000, 0x0000000785d00000, 0x0000000785e00000|  0%| F|  |TAMS 0x0000000785d00000, 0x0000000785d00000| Untracked 
|  94|0x0000000785e00000, 0x0000000785e00000, 0x0000000785f00000|  0%| F|  |TAMS 0x0000000785e00000, 0x0000000785e00000| Untracked 
|  95|0x0000000785f00000, 0x0000000785f00000, 0x0000000786000000|  0%| F|  |TAMS 0x0000000785f00000, 0x0000000785f00000| Untracked 
|  96|0x0000000786000000, 0x0000000786000000, 0x0000000786100000|  0%| F|  |TAMS 0x0000000786000000, 0x0000000786000000| Untracked 
|  97|0x0000000786100000, 0x0000000786100000, 0x0000000786200000|  0%| F|  |TAMS 0x0000000786100000, 0x0000000786100000| Untracked 
|  98|0x0000000786200000, 0x0000000786200000, 0x0000000786300000|  0%| F|  |TAMS 0x0000000786200000, 0x0000000786200000| Untracked 
|  99|0x0000000786300000, 0x0000000786300000, 0x0000000786400000|  0%| F|  |TAMS 0x0000000786300000, 0x0000000786300000| Untracked 
| 100|0x0000000786400000, 0x0000000786400000, 0x0000000786500000|  0%| F|  |TAMS 0x0000000786400000, 0x0000000786400000| Untracked 
| 101|0x0000000786500000, 0x0000000786500000, 0x0000000786600000|  0%| F|  |TAMS 0x0000000786500000, 0x0000000786500000| Untracked 
| 102|0x0000000786600000, 0x0000000786600000, 0x0000000786700000|  0%| F|  |TAMS 0x0000000786600000, 0x0000000786600000| Untracked 
| 103|0x0000000786700000, 0x0000000786700000, 0x0000000786800000|  0%| F|  |TAMS 0x0000000786700000, 0x0000000786700000| Untracked 
| 104|0x0000000786800000, 0x0000000786800000, 0x0000000786900000|  0%| F|  |TAMS 0x0000000786800000, 0x0000000786800000| Untracked 
| 105|0x0000000786900000, 0x0000000786900000, 0x0000000786a00000|  0%| F|  |TAMS 0x0000000786900000, 0x0000000786900000| Untracked 
| 106|0x0000000786a00000, 0x0000000786a00000, 0x0000000786b00000|  0%| F|  |TAMS 0x0000000786a00000, 0x0000000786a00000| Untracked 
| 107|0x0000000786b00000, 0x0000000786b00000, 0x0000000786c00000|  0%| F|  |TAMS 0x0000000786b00000, 0x0000000786b00000| Untracked 
| 108|0x0000000786c00000, 0x0000000786c00000, 0x0000000786d00000|  0%| F|  |TAMS 0x0000000786c00000, 0x0000000786c00000| Untracked 
| 109|0x0000000786d00000, 0x0000000786d00000, 0x0000000786e00000|  0%| F|  |TAMS 0x0000000786d00000, 0x0000000786d00000| Untracked 
| 110|0x0000000786e00000, 0x0000000786e00000, 0x0000000786f00000|  0%| F|  |TAMS 0x0000000786e00000, 0x0000000786e00000| Untracked 
| 111|0x0000000786f00000, 0x0000000786f00000, 0x0000000787000000|  0%| F|  |TAMS 0x0000000786f00000, 0x0000000786f00000| Untracked 
| 112|0x0000000787000000, 0x0000000787000000, 0x0000000787100000|  0%| F|  |TAMS 0x0000000787000000, 0x0000000787000000| Untracked 
| 113|0x0000000787100000, 0x0000000787100000, 0x0000000787200000|  0%| F|  |TAMS 0x0000000787100000, 0x0000000787100000| Untracked 
| 114|0x0000000787200000, 0x0000000787200000, 0x0000000787300000|  0%| F|  |TAMS 0x0000000787200000, 0x0000000787200000| Untracked 
| 115|0x0000000787300000, 0x0000000787300000, 0x0000000787400000|  0%| F|  |TAMS 0x0000000787300000, 0x0000000787300000| Untracked 
| 116|0x0000000787400000, 0x0000000787400000, 0x0000000787500000|  0%| F|  |TAMS 0x0000000787400000, 0x0000000787400000| Untracked 
| 117|0x0000000787500000, 0x0000000787500000, 0x0000000787600000|  0%| F|  |TAMS 0x0000000787500000, 0x0000000787500000| Untracked 
| 118|0x0000000787600000, 0x0000000787600000, 0x0000000787700000|  0%| F|  |TAMS 0x0000000787600000, 0x0000000787600000| Untracked 
| 119|0x0000000787700000, 0x0000000787700000, 0x0000000787800000|  0%| F|  |TAMS 0x0000000787700000, 0x0000000787700000| Untracked 
| 120|0x0000000787800000, 0x0000000787800000, 0x0000000787900000|  0%| F|  |TAMS 0x0000000787800000, 0x0000000787800000| Untracked 
| 121|0x0000000787900000, 0x0000000787900000, 0x0000000787a00000|  0%| F|  |TAMS 0x0000000787900000, 0x0000000787900000| Untracked 
| 122|0x0000000787a00000, 0x0000000787a00000, 0x0000000787b00000|  0%| F|  |TAMS 0x0000000787a00000, 0x0000000787a00000| Untracked 
| 123|0x0000000787b00000, 0x0000000787b80800, 0x0000000787c00000| 50%| E|  |TAMS 0x0000000787b00000, 0x0000000787b00000| Complete 
| 124|0x0000000787c00000, 0x0000000787d00000, 0x0000000787d00000|100%| E|CS|TAMS 0x0000000787c00000, 0x0000000787c00000| Complete 
| 125|0x0000000787d00000, 0x0000000787e00000, 0x0000000787e00000|100%| E|CS|TAMS 0x0000000787d00000, 0x0000000787d00000| Complete 
| 126|0x0000000787e00000, 0x0000000787f00000, 0x0000000787f00000|100%| E|  |TAMS 0x0000000787e00000, 0x0000000787e00000| Complete 
| 127|0x0000000787f00000, 0x0000000788000000, 0x0000000788000000|100%| E|CS|TAMS 0x0000000787f00000, 0x0000000787f00000| Complete 
|2046|0x00000007ffe00000, 0x00000007ffe78000, 0x00000007fff00000| 46%|OA|  |TAMS 0x00000007ffe00000, 0x00000007ffe00000| Untracked 
|2047|0x00000007fff00000, 0x00000007fff80000, 0x0000000800000000| 50%|CA|  |TAMS 0x00000007fff00000, 0x00000007fff00000| Untracked 

Card table byte_map: [0x00000001009a8000,0x0000000100da8000] _byte_map_base: 0x00000000fcda8000

Marking Bits (Prev, Next): (CMBitMap*) 0x000000014a02dc10, (CMBitMap*) 0x000000014a02dc50
 Prev Bits: [0x00000001188e0000, 0x000000011a8e0000)
 Next Bits: [0x000000011a8e0000, 0x000000011c8e0000)

Polling page: 0x0000000100200000

Metaspace:

Usage:
  Non-class:     14.76 MB used.
      Class:      2.62 MB used.
       Both:     17.38 MB used.

Virtual space:
  Non-class space:       16.00 MB reserved,      14.88 MB ( 93%) committed,  2 nodes.
      Class space:        1.00 GB reserved,       2.75 MB ( <1%) committed,  1 nodes.
             Both:        1.02 GB reserved,      17.62 MB (  2%) committed. 

Chunk freelists:
   Non-Class:  288.00 KB
       Class:  1.14 MB
        Both:  1.42 MB

MaxMetaspaceSize: unlimited
CompressedClassSpaceSize: 1.00 GB
Initial GC threshold: 21.00 MB
Current GC threshold: 21.00 MB
CDS: on
MetaspaceReclaimPolicy: balanced
 - commit_granule_bytes: 65536.
 - commit_granule_words: 8192.
 - virtual_space_node_default_size: 1048576.
 - enlarge_chunks_in_place: 1.
 - new_chunks_are_fully_committed: 0.
 - uncommit_free_chunks: 1.
 - use_allocation_guard: 0.
 - handle_deallocations: 1.


Internal statistics:

num_allocs_failed_limit: 0.
num_arena_births: 248.
num_arena_deaths: 0.
num_vsnodes_births: 3.
num_vsnodes_deaths: 0.
num_space_committed: 282.
num_space_uncommitted: 0.
num_chunks_returned_to_freelist: 0.
num_chunks_taken_from_freelist: 786.
num_chunk_merges: 0.
num_chunk_splits: 549.
num_chunks_enlarged: 410.
num_purges: 0.
num_inconsistent_stats: 0.

CodeHeap 'non-profiled nmethods': size=120032Kb used=915Kb max_used=915Kb free=119116Kb
 bounds [0x00000001113a8000, 0x0000000111618000, 0x00000001188e0000]
CodeHeap 'profiled nmethods': size=120016Kb used=4859Kb max_used=4859Kb free=115156Kb
 bounds [0x0000000109e74000, 0x000000010a334000, 0x00000001113a8000]
CodeHeap 'non-nmethods': size=5712Kb used=1383Kb max_used=1432Kb free=4328Kb
 bounds [0x00000001098e0000, 0x0000000109b50000, 0x0000000109e74000]
 total_blobs=3260 nmethods=2483 adapters=693
 compilation: enabled
              stopped_count=0, restarted_count=0
 full_count=0

Compilation events (20 events):
Event: 5.052 Thread 0x000000014904ae00 nmethod 2591 0x000000010a32ce10 code [0x000000010a32cfc0, 0x000000010a32d168]
Event: 5.085 Thread 0x000000014904ae00 2593       3       java.util.concurrent.locks.AbstractQueuedSynchronizer$Node::clearStatus (12 bytes)
Event: 5.085 Thread 0x000000014904ae00 nmethod 2593 0x000000010a32d210 code [0x000000010a32d3c0, 0x000000010a32d5d8]
Event: 5.085 Thread 0x000000014904ae00 2594       3       jdk.internal.misc.Unsafe::putIntOpaque (9 bytes)
Event: 5.085 Thread 0x000000014904ae00 nmethod 2594 0x000000010a32d690 code [0x000000010a32d840, 0x000000010a32d968]
Event: 5.086 Thread 0x000000014904ae00 2595       3       com.sun.prism.impl.BaseTexture::unlock (8 bytes)
Event: 5.086 Thread 0x000000014904ae00 nmethod 2595 0x000000010a32da10 code [0x000000010a32dc00, 0x000000010a32df18]
Event: 5.086 Thread 0x000000014904ae00 2596       3       com.sun.prism.impl.ManagedResource::unlock (15 bytes)
Event: 5.086 Thread 0x000000014904ae00 nmethod 2596 0x000000010a32e090 code [0x000000010a32e240, 0x000000010a32e4d8]
Event: 5.086 Thread 0x000000014904ae00 2598       3       com.sun.prism.impl.BaseGraphics::isAlphaTestShader (26 bytes)
Event: 5.086 Thread 0x000000014904ae00 nmethod 2598 0x000000010a32e610 code [0x000000010a32e7c0, 0x000000010a32eae8]
Event: 5.086 Thread 0x000000014904ae00 2599       3       com.sun.javafx.geom.transform.GeneralTransform3D::mul (800 bytes)
Event: 5.087 Thread 0x000000014904ae00 nmethod 2599 0x000000010a32eb90 code [0x000000010a32ef00, 0x000000010a330538]
Event: 5.087 Thread 0x000000014904ae00 2600       3       com.sun.prism.impl.ps.BaseShaderContext::updatePerVertexColor (46 bytes)
Event: 5.087 Thread 0x000000014904ae00 nmethod 2600 0x000000010a331310 code [0x000000010a331540, 0x000000010a331c08]
Event: 5.087 Thread 0x000000014904ae00 2597       3       com.sun.javafx.geom.transform.Identity::getDegree (4 bytes)
Event: 5.087 Thread 0x000000014904ae00 nmethod 2597 0x000000010a331d90 code [0x000000010a331f40, 0x000000010a332068]
Event: 5.087 Thread 0x000000014904ae00 2601       1       com.sun.prism.impl.ManagedResource::isPermanent (5 bytes)
Event: 5.087 Thread 0x000000014904ae00 nmethod 2601 0x000000011148c610 code [0x000000011148c780, 0x000000011148c868]
Event: 5.186 Thread 0x000000014904ae00 2603       3       com.sun.javafx.event.EventHandlerManager::dispatchCapturingEvent (41 bytes)

GC Heap History (4 events):
Event: 0.482 GC heap before
{Heap before GC invocations=0 (full 0):
 garbage-first heap   total 133120K, used 23520K [0x0000000780000000, 0x0000000800000000)
  region size 1024K, 23 young (23552K), 0 survivors (0K)
 Metaspace       used 5496K, committed 5696K, reserved 1056768K
  class space    used 689K, committed 768K, reserved 1048576K
}
Event: 0.483 GC heap after
{Heap after GC invocations=1 (full 0):
 garbage-first heap   total 133120K, used 3744K [0x0000000780000000, 0x0000000800000000)
  region size 1024K, 3 young (3072K), 3 survivors (3072K)
 Metaspace       used 5496K, committed 5696K, reserved 1056768K
  class space    used 689K, committed 768K, reserved 1048576K
}
Event: 1.035 GC heap before
{Heap before GC invocations=1 (full 0):
 garbage-first heap   total 133120K, used 47776K [0x0000000780000000, 0x0000000800000000)
  region size 1024K, 45 young (46080K), 3 survivors (3072K)
 Metaspace       used 17193K, committed 17472K, reserved 1064960K
  class space    used 2643K, committed 2752K, reserved 1048576K
}
Event: 1.039 GC heap after
{Heap after GC invocations=2 (full 0):
 garbage-first heap   total 133120K, used 11686K [0x0000000780000000, 0x0000000800000000)
  region size 1024K, 6 young (6144K), 6 survivors (6144K)
 Metaspace       used 17193K, committed 17472K, reserved 1064960K
  class space    used 2643K, committed 2752K, reserved 1048576K
}

Deoptimization events (20 events):
Event: 1.042 Thread 0x000000015900e800 DEOPT PACKING pc=0x000000010a252db8 sp=0x000000017280d4d0
Event: 1.042 Thread 0x000000015900e800 DEOPT UNPACKING pc=0x000000010991eb7c sp=0x000000017280d130 mode 0
Event: 1.043 Thread 0x000000015900e800 DEOPT PACKING pc=0x000000010a252db8 sp=0x000000017280d4d0
Event: 1.043 Thread 0x000000015900e800 DEOPT UNPACKING pc=0x000000010991eb7c sp=0x000000017280d130 mode 0
Event: 1.043 Thread 0x000000015900e800 DEOPT PACKING pc=0x000000010a252db8 sp=0x000000017280d4d0
Event: 1.043 Thread 0x000000015900e800 DEOPT UNPACKING pc=0x000000010991eb7c sp=0x000000017280d130 mode 0
Event: 1.044 Thread 0x000000015900e800 DEOPT PACKING pc=0x000000010a252db8 sp=0x000000017280d4d0
Event: 1.044 Thread 0x000000015900e800 DEOPT UNPACKING pc=0x000000010991eb7c sp=0x000000017280d130 mode 0
Event: 1.237 Thread 0x000000015900e800 DEOPT PACKING pc=0x000000010a269558 sp=0x000000017280d4d0
Event: 1.237 Thread 0x000000015900e800 DEOPT UNPACKING pc=0x000000010991eb7c sp=0x000000017280d080 mode 0
Event: 1.239 Thread 0x000000015900e800 DEOPT PACKING pc=0x000000010a265b60 sp=0x000000017280d480
Event: 1.239 Thread 0x000000015900e800 DEOPT UNPACKING pc=0x000000010991eb7c sp=0x000000017280d120 mode 0
Event: 1.268 Thread 0x000000015900e800 DEOPT PACKING pc=0x000000010a2706d4 sp=0x000000017280d810
Event: 1.268 Thread 0x000000015900e800 DEOPT UNPACKING pc=0x000000010991eb7c sp=0x000000017280d430 mode 0
Event: 1.306 Thread 0x000000015900e800 DEOPT PACKING pc=0x000000010a2a75d8 sp=0x000000017280d550
Event: 1.306 Thread 0x000000015900e800 DEOPT UNPACKING pc=0x000000010991eb7c sp=0x000000017280d1f0 mode 0
Event: 1.402 Thread 0x000000015900e800 DEOPT PACKING pc=0x000000010a2aba00 sp=0x000000017280d670
Event: 1.402 Thread 0x000000015900e800 DEOPT UNPACKING pc=0x000000010991eb7c sp=0x000000017280d270 mode 0
Event: 2.469 Thread 0x000000015900e800 DEOPT PACKING pc=0x000000010a2aba00 sp=0x000000017280d670
Event: 2.469 Thread 0x000000015900e800 DEOPT UNPACKING pc=0x000000010991eb7c sp=0x000000017280d270 mode 0

Classes unloaded (0 events):
No events

Classes redefined (0 events):
No events

Internal exceptions (20 events):
Event: 0.630 Thread 0x00000001591eaa00 Exception <a 'java/lang/NoSuchMethodError'{0x00000007871d7ce0}: 'java.lang.Object java.lang.invoke.DirectMethodHandle$Holder.invokeSpecial(java.lang.Object, java.lang.Object, int, java.lang.Object, long)'> (0x00000007871d7ce0) 
thrown [open/src/hotspot/share/interpreter/linkResolver.cpp, line 766]
Event: 0.630 Thread 0x00000001591eaa00 Exception <a 'java/lang/NoSuchMethodError'{0x00000007871df3b0}: 'java.lang.Object java.lang.invoke.DirectMethodHandle$Holder.newInvokeSpecial(java.lang.Object, java.lang.Object, int, java.lang.Object, long)'> (0x00000007871df3b0) 
thrown [open/src/hotspot/share/interpreter/linkResolver.cpp, line 766]
Event: 0.641 Thread 0x0000000149049000 Exception <a 'java/lang/NoSuchMethodError'{0x0000000786f494b8}: 'java.lang.Object java.lang.invoke.DirectMethodHandle$Holder.invokeSpecial(java.lang.Object, java.lang.Object, java.lang.Object, int, java.lang.Object)'> (0x0000000786f494b8) 
thrown [open/src/hotspot/share/interpreter/linkResolver.cpp, line 766]
Event: 0.641 Thread 0x0000000149049000 Exception <a 'java/lang/NoSuchMethodError'{0x0000000786f4d080}: 'java.lang.Object java.lang.invoke.Invokers$Holder.linkToTargetMethod(java.lang.Object, int, java.lang.Object, java.lang.Object)'> (0x0000000786f4d080) 
thrown [open/src/hotspot/share/interpreter/linkResolver.cpp, line 766]
Event: 0.664 Thread 0x0000000149049000 Implicit null exception at 0x00000001113c5af8 to 0x00000001113c5b88
Event: 0.669 Thread 0x0000000149049000 Implicit null exception at 0x00000001114179d4 to 0x0000000111417ce4
Event: 0.669 Thread 0x0000000149049000 Implicit null exception at 0x0000000111416cd4 to 0x0000000111416fd8
Event: 0.670 Thread 0x0000000149049000 Implicit null exception at 0x00000001113d3a54 to 0x00000001113d3ac0
Event: 0.831 Thread 0x0000000149049000 Exception <a 'java/lang/NoSuchMethodError'{0x0000000786445470}: 'java.lang.Object java.lang.invoke.DirectMethodHandle$Holder.invokeInterface(java.lang.Object, java.lang.Object, java.lang.Object)'> (0x0000000786445470) 
thrown [open/src/hotspot/share/interpreter/linkResolver.cpp, line 766]
Event: 0.832 Thread 0x0000000149049000 Exception <a 'java/lang/IncompatibleClassChangeError'{0x0000000786448b38}: Found class java.lang.Object, but interface was expected> (0x0000000786448b38) 
thrown [open/src/hotspot/share/interpreter/linkResolver.cpp, line 833]
Event: 0.845 Thread 0x0000000149049000 Exception <a 'java/lang/ClassNotFoundException'{0x00000007862378e8}: com/sun/javafx/scene/control/skin/resources/controls> (0x00000007862378e8) 
thrown [open/src/hotspot/share/prims/jni.cpp, line 535]
Event: 0.846 Thread 0x0000000149049000 Exception <a 'java/lang/ClassNotFoundException'{0x0000000786245888}: com/sun/javafx/scene/control/skin/resources/controls_fr> (0x0000000786245888) 
thrown [open/src/hotspot/share/prims/jni.cpp, line 535]
Event: 0.846 Thread 0x0000000149049000 Exception <a 'java/lang/ClassNotFoundException'{0x00000007862535c0}: com/sun/javafx/scene/control/skin/resources/controls_fr_FR> (0x00000007862535c0) 
thrown [open/src/hotspot/share/prims/jni.cpp, line 535]
Event: 0.857 Thread 0x0000000149049000 Exception <a 'java/lang/NoSuchMethodError'{0x000000078600c0c0}: 'void java.lang.invoke.DirectMethodHandle$Holder.invokeSpecial(java.lang.Object, java.lang.Object, java.lang.Object, java.lang.Object, java.lang.Object, java.lang.Object)'> (0x000000078600c0c0) 
thrown [open/src/hotspot/share/interpreter/linkResolver.cpp, line 766]
Event: 0.950 Thread 0x0000000149049000 Exception <a 'java/lang/NoSuchMethodError'{0x00000007857b2dc0}: 'java.lang.Object java.lang.invoke.DirectMethodHandle$Holder.newInvokeSpecial(java.lang.Object, java.lang.Object, int)'> (0x00000007857b2dc0) 
thrown [open/src/hotspot/share/interpreter/linkResolver.cpp, line 766]
Event: 0.978 Thread 0x000000015900e800 Exception <a 'java/lang/NoSuchMethodError'{0x00000007856e6e00}: 'int java.lang.invoke.DirectMethodHandle$Holder.invokeStaticInit(java.lang.Object, java.lang.Object)'> (0x00000007856e6e00) 
thrown [open/src/hotspot/share/interpreter/linkResolver.cpp, line 766]
Event: 1.083 Thread 0x0000000149049000 Exception <a 'java/lang/NoSuchMethodError'{0x0000000787f840c0}: 'long java.lang.invoke.DirectMethodHandle$Holder.invokeStatic(java.lang.Object, java.lang.Object, java.lang.Object)'> (0x0000000787f840c0) 
thrown [open/src/hotspot/share/interpreter/linkResolver.cpp, line 766]
Event: 1.083 Thread 0x0000000149049000 Exception <a 'java/lang/NoSuchMethodError'{0x0000000787f87b10}: 'long java.lang.invoke.DirectMethodHandle$Holder.invokeStaticInit(java.lang.Object, java.lang.Object, java.lang.Object)'> (0x0000000787f87b10) 
thrown [open/src/hotspot/share/interpreter/linkResolver.cpp, line 766]
Event: 1.084 Thread 0x0000000149049000 Exception <a 'java/lang/NoSuchMethodError'{0x0000000787f9f9c0}: 'java.lang.Object java.lang.invoke.DirectMethodHandle$Holder.newInvokeSpecial(java.lang.Object, java.lang.Object, long)'> (0x0000000787f9f9c0) 
thrown [open/src/hotspot/share/interpreter/linkResolver.cpp, line 766]
Event: 1.084 Thread 0x0000000149049000 Exception <a 'java/lang/NoSuchMethodError'{0x0000000787fa3530}: 'java.lang.Object java.lang.invoke.Invokers$Holder.linkToTargetMethod(java.lang.Object, long, java.lang.Object)'> (0x0000000787fa3530) 
thrown [open/src/hotspot/share/interpreter/linkResolver.cpp, line 766]

VM Operations (20 events):
Event: 0.644 Executing VM operation: HandshakeAllThreads
Event: 0.644 Executing VM operation: HandshakeAllThreads done
Event: 0.825 Executing VM operation: HandshakeAllThreads
Event: 0.825 Executing VM operation: HandshakeAllThreads done
Event: 0.857 Executing VM operation: ICBufferFull
Event: 0.857 Executing VM operation: ICBufferFull done
Event: 0.925 Executing VM operation: ICBufferFull
Event: 0.925 Executing VM operation: ICBufferFull done
Event: 1.007 Executing VM operation: ICBufferFull
Event: 1.007 Executing VM operation: ICBufferFull done
Event: 1.035 Executing VM operation: G1CollectForAllocation
Event: 1.039 Executing VM operation: G1CollectForAllocation done
Event: 2.061 Executing VM operation: Cleanup
Event: 2.062 Executing VM operation: Cleanup done
Event: 3.067 Executing VM operation: Cleanup
Event: 3.067 Executing VM operation: Cleanup done
Event: 4.071 Executing VM operation: Cleanup
Event: 4.071 Executing VM operation: Cleanup done
Event: 5.076 Executing VM operation: Cleanup
Event: 5.076 Executing VM operation: Cleanup done

Events (20 events):
Event: 1.175 loading class sun/util/resources/cldr/TimeZoneNames
Event: 1.176 loading class sun/util/resources/TimeZoneNamesBundle
Event: 1.176 loading class sun/util/resources/OpenListResourceBundle
Event: 1.176 loading class sun/util/resources/OpenListResourceBundle done
Event: 1.176 loading class sun/util/resources/TimeZoneNamesBundle done
Event: 1.176 loading class sun/util/resources/cldr/TimeZoneNames done
Event: 1.176 loading class sun/util/resources/cldr/TimeZoneNames_en
Event: 1.176 loading class sun/util/resources/cldr/TimeZoneNames_en done
Event: 1.176 loading class sun/util/resources/cldr/TimeZoneNames_en_US
Event: 1.176 loading class sun/util/resources/cldr/TimeZoneNames_en_US done
Event: 1.177 loading class sun/util/resources/TimeZoneNames
Event: 1.178 loading class sun/util/resources/TimeZoneNames done
Event: 1.178 loading class sun/util/resources/TimeZoneNames_en
Event: 1.178 loading class sun/util/resources/TimeZoneNames_en done
Event: 1.406 loading class java/util/EnumMap$Values
Event: 1.406 loading class java/util/EnumMap$Values done
Event: 1.406 loading class java/util/EnumMap$ValueIterator
Event: 1.406 loading class java/util/EnumMap$EnumMapIterator
Event: 1.406 loading class java/util/EnumMap$EnumMapIterator done
Event: 1.406 loading class java/util/EnumMap$ValueIterator done


Dynamic libraries:
0x00000001001b0000 	/Library/Java/JavaVirtualMachines/jdk-17.0.1.jdk/Contents/Home/lib/libjli.dylib
0x00000001bb84b000 	/usr/lib/libz.1.dylib
0x00000001bb8fb000 	/usr/lib/libSystem.B.dylib
0x00000001bb8f5000 	/usr/lib/system/libcache.dylib
0x00000001bb8b3000 	/usr/lib/system/libcommonCrypto.dylib
0x00000001bb8dc000 	/usr/lib/system/libcompiler_rt.dylib
0x00000001bb8d3000 	/usr/lib/system/libcopyfile.dylib
0x00000001b0c3e000 	/usr/lib/system/libcorecrypto.dylib
0x00000001b0ce3000 	/usr/lib/system/libdispatch.dylib
0x00000001b0eab000 	/usr/lib/system/libdyld.dylib
0x00000001bb8eb000 	/usr/lib/system/libkeymgr.dylib
0x00000001bb895000 	/usr/lib/system/libmacho.dylib
0x00000001baf99000 	/usr/lib/system/libquarantine.dylib
0x00000001bb8e8000 	/usr/lib/system/libremovefile.dylib
0x00000001b603a000 	/usr/lib/system/libsystem_asl.dylib
0x00000001b0be8000 	/usr/lib/system/libsystem_blocks.dylib
0x00000001b0d69000 	/usr/lib/system/libsystem_c.dylib
0x00000001bb8e0000 	/usr/lib/system/libsystem_collections.dylib
0x00000001ba458000 	/usr/lib/system/libsystem_configuration.dylib
0x00000001b96dc000 	/usr/lib/system/libsystem_containermanager.dylib
0x00000001bb5fc000 	/usr/lib/system/libsystem_coreservices.dylib
0x00000001b35cf000 	/usr/lib/system/libsystem_darwin.dylib
0x00000001bb8ec000 	/usr/lib/system/libsystem_dnssd.dylib
0x00000001b0d66000 	/usr/lib/system/libsystem_featureflags.dylib
0x00000001b0ec0000 	/usr/lib/system/libsystem_info.dylib
0x00000001bb85d000 	/usr/lib/system/libsystem_m.dylib
0x00000001b0cb8000 	/usr/lib/system/libsystem_malloc.dylib
0x00000001b5fcb000 	/usr/lib/system/libsystem_networkextension.dylib
0x00000001b3a23000 	/usr/lib/system/libsystem_notify.dylib
0x00000001c1b01000 	/usr/lib/system/libsystem_product_info_filter.dylib
0x00000001ba45d000 	/usr/lib/system/libsystem_sandbox.dylib
0x00000001bb8e5000 	/usr/lib/system/libsystem_secinit.dylib
0x00000001b0e68000 	/usr/lib/system/libsystem_kernel.dylib
0x00000001b0eb8000 	/usr/lib/system/libsystem_platform.dylib
0x00000001b0e9e000 	/usr/lib/system/libsystem_pthread.dylib
0x00000001b7774000 	/usr/lib/system/libsystem_symptoms.dylib
0x00000001b0c24000 	/usr/lib/system/libsystem_trace.dylib
0x00000001bb8c0000 	/usr/lib/system/libunwind.dylib
0x00000001b0bea000 	/usr/lib/system/libxpc.dylib
0x00000001b0e4e000 	/usr/lib/libc++abi.dylib
0x00000001b0d2a000 	/usr/lib/libobjc.A.dylib
0x00000001bb8cb000 	/usr/lib/liboah.dylib
0x00000001b0dea000 	/usr/lib/libc++.1.dylib
0x00000001c74fc000 	/System/Library/Frameworks/Cocoa.framework/Versions/A/Cocoa
0x00000001b3a83000 	/System/Library/Frameworks/AppKit.framework/Versions/C/AppKit
0x00000001b6fb3000 	/System/Library/Frameworks/CoreData.framework/Versions/A/CoreData
0x00000001b1de0000 	/System/Library/Frameworks/Foundation.framework/Versions/C/Foundation
0x00000001b4937000 	/System/Library/PrivateFrameworks/UIFoundation.framework/Versions/A/UIFoundation
0x00000001c17fb000 	/System/Library/PrivateFrameworks/RemoteViewServices.framework/Versions/A/RemoteViewServices
0x00000001b9e16000 	/System/Library/PrivateFrameworks/XCTTargetBootstrap.framework/Versions/A/XCTTargetBootstrap
0x00000001bd5fc000 	/System/Library/PrivateFrameworks/InternationalSupport.framework/Versions/A/InternationalSupport
0x00000001bd685000 	/System/Library/PrivateFrameworks/UserActivity.framework/Versions/A/UserActivity
0x00000001bcb2a000 	/usr/lib/libspindump.dylib
0x00000001b4ba7000 	/System/Library/Frameworks/UniformTypeIdentifiers.framework/Versions/A/UniformTypeIdentifiers
0x00000001b83a3000 	/usr/lib/libapp_launch_measurement.dylib
0x00000001b791b000 	/System/Library/PrivateFrameworks/CoreAnalytics.framework/Versions/A/CoreAnalytics
0x00000001b83a6000 	/System/Library/PrivateFrameworks/CoreAutoLayout.framework/Versions/A/CoreAutoLayout
0x00000001b9719000 	/System/Library/Frameworks/Metal.framework/Versions/A/Metal
0x00000001ba468000 	/usr/lib/liblangid.dylib
0x00000001b9e1a000 	/System/Library/PrivateFrameworks/CoreSVG.framework/Versions/A/CoreSVG
0x00000001b606e000 	/System/Library/PrivateFrameworks/SkyLight.framework/Versions/A/SkyLight
0x00000001b6438000 	/System/Library/Frameworks/CoreGraphics.framework/Versions/A/CoreGraphics
0x00000001c1e78000 	/System/Library/Frameworks/Accelerate.framework/Versions/A/Accelerate
0x00000001bc59e000 	/System/Library/PrivateFrameworks/IconServices.framework/Versions/A/IconServices
0x00000001b96fb000 	/System/Library/Frameworks/IOSurface.framework/Versions/A/IOSurface
0x00000001b794b000 	/usr/lib/libDiagnosticMessagesClient.dylib
0x00000001c52bf000 	/System/Library/Frameworks/ApplicationServices.framework/Versions/A/ApplicationServices
0x00000001b9dfe000 	/System/Library/PrivateFrameworks/DFRFoundation.framework/Versions/A/DFRFoundation
0x00000001b3324000 	/usr/lib/libicucore.A.dylib
0x00000001be3fd000 	/System/Library/Frameworks/AudioToolbox.framework/Versions/A/AudioToolbox
0x00000001bd608000 	/System/Library/PrivateFrameworks/DataDetectorsCore.framework/Versions/A/DataDetectorsCore
0x00000001d373a000 	/System/Library/PrivateFrameworks/TextInput.framework/Versions/A/TextInput
0x00000001b5fe5000 	/usr/lib/libMobileGestalt.dylib
0x00000001b9ace000 	/System/Library/Frameworks/Carbon.framework/Versions/A/Frameworks/HIToolbox.framework/Versions/A/HIToolbox
0x00000001b7dac000 	/System/Library/Frameworks/QuartzCore.framework/Versions/A/QuartzCore
0x00000001b2fa1000 	/System/Library/Frameworks/Security.framework/Versions/A/Security
0x00000001c183b000 	/System/Library/Frameworks/Carbon.framework/Versions/A/Frameworks/SpeechRecognition.framework/Versions/A/SpeechRecognition
0x00000001b80fa000 	/System/Library/PrivateFrameworks/CoreUI.framework/Versions/A/CoreUI
0x00000001b2872000 	/System/Library/Frameworks/CoreAudio.framework/Versions/A/CoreAudio
0x00000001b7a3f000 	/System/Library/Frameworks/DiskArbitration.framework/Versions/A/DiskArbitration
0x00000001bcf0f000 	/System/Library/PrivateFrameworks/MultitouchSupport.framework/Versions/A/MultitouchSupport
0x00000001b5fe3000 	/usr/lib/libenergytrace.dylib
0x00000001b394d000 	/System/Library/Frameworks/IOKit.framework/Versions/A/IOKit
0x00000001c1c24000 	/System/Library/Frameworks/CoreServices.framework/Versions/A/CoreServices
0x00000001b8333000 	/System/Library/PrivateFrameworks/PerformanceAnalysis.framework/Versions/A/PerformanceAnalysis
0x00000002122ad000 	/System/Library/Frameworks/OpenGL.framework/Versions/A/OpenGL
0x00000001baeb9000 	/System/Library/PrivateFrameworks/MobileKeyBag.framework/Versions/A/MobileKeyBag
0x00000001b6a48000 	/System/Library/Frameworks/ColorSync.framework/Versions/A/ColorSync
0x00000001b0eec000 	/System/Library/Frameworks/CoreFoundation.framework/Versions/A/CoreFoundation
0x00000001ba09b000 	/System/Library/Frameworks/CoreImage.framework/Versions/A/CoreImage
0x00000001b2695000 	/System/Library/Frameworks/CoreText.framework/Versions/A/CoreText
0x00000001b9e4a000 	/System/Library/Frameworks/ImageIO.framework/Versions/A/ImageIO
0x00000001bb901000 	/System/Library/PrivateFrameworks/SoftLinking.framework/Versions/A/SoftLinking
0x00000001b83f0000 	/usr/lib/libxml2.2.dylib
0x00000001bbb9a000 	/usr/lib/libcompression.dylib
0x00000001bd555000 	/System/Library/PrivateFrameworks/TextureIO.framework/Versions/A/TextureIO
0x00000001bc2b8000 	/usr/lib/libate.dylib
0x00000001bc180000 	/usr/lib/liblzma.5.dylib
0x00000001b1ad4000 	/System/Library/Frameworks/SystemConfiguration.framework/Versions/A/SystemConfiguration
0x00000001bb8fd000 	/usr/lib/libfakelink.dylib
0x00000001b5b12000 	/System/Library/Frameworks/CFNetwork.framework/Versions/A/CFNetwork
0x00000001bba44000 	/usr/lib/libarchive.2.dylib
0x00000001ba464000 	/System/Library/PrivateFrameworks/AppleSystemInfo.framework/Versions/A/AppleSystemInfo
0x00000001bafc4000 	/usr/lib/libbsm.0.dylib
0x00000001b504a000 	/usr/lib/libnetwork.dylib
0x00000001bb89b000 	/usr/lib/system/libkxld.dylib
0x00000001babdb000 	/System/Library/PrivateFrameworks/IOMobileFramebuffer.framework/Versions/A/IOMobileFramebuffer
0x000000022e012000 	/usr/lib/libCoreEntitlements.dylib
0x00000001bb5de000 	/System/Library/PrivateFrameworks/AppleFSCompression.framework/Versions/A/AppleFSCompression
0x00000001bafac000 	/usr/lib/libcoretls.dylib
0x00000001bc199000 	/usr/lib/libcoretls_cfhelpers.dylib
0x00000001bbb95000 	/usr/lib/libpam.2.dylib
0x00000001b739c000 	/usr/lib/libsqlite3.dylib
0x00000001bc201000 	/usr/lib/libxar.1.dylib
0x00000001bb5ef000 	/usr/lib/libbz2.1.0.dylib
0x00000001bb902000 	/usr/lib/libpcap.A.dylib
0x00000001b776b000 	/usr/lib/libdns_services.dylib
0x00000001bbb68000 	/usr/lib/libapple_nghttp2.dylib
0x00000001bb93f000 	/usr/lib/libiconv.2.dylib
0x00000001bb894000 	/usr/lib/libcharset.1.dylib
0x00000001b836f000 	/System/Library/Frameworks/CoreServices.framework/Versions/A/Frameworks/FSEvents.framework/Versions/A/FSEvents
0x00000001b35da000 	/System/Library/Frameworks/CoreServices.framework/Versions/A/Frameworks/CarbonCore.framework/Versions/A/CarbonCore
0x00000001b79a2000 	/System/Library/Frameworks/CoreServices.framework/Versions/A/Frameworks/Metadata.framework/Versions/A/Metadata
0x00000001bb602000 	/System/Library/Frameworks/CoreServices.framework/Versions/A/Frameworks/OSServices.framework/Versions/A/OSServices
0x00000001bbaca000 	/System/Library/Frameworks/CoreServices.framework/Versions/A/Frameworks/SearchKit.framework/Versions/A/SearchKit
0x00000001b76f9000 	/System/Library/Frameworks/CoreServices.framework/Versions/A/Frameworks/AE.framework/Versions/A/AE
0x00000001b1430000 	/System/Library/Frameworks/CoreServices.framework/Versions/A/Frameworks/LaunchServices.framework/Versions/A/LaunchServices
0x00000001bc129000 	/System/Library/Frameworks/CoreServices.framework/Versions/A/Frameworks/DictionaryServices.framework/Versions/A/DictionaryServices
0x00000001b837c000 	/System/Library/Frameworks/CoreServices.framework/Versions/A/Frameworks/SharedFileList.framework/Versions/A/SharedFileList
0x00000001baf9c000 	/usr/lib/libCheckFix.dylib
0x00000001b6052000 	/System/Library/PrivateFrameworks/TCC.framework/Versions/A/TCC
0x00000001ba46a000 	/System/Library/PrivateFrameworks/CoreNLP.framework/Versions/A/CoreNLP
0x00000001b794e000 	/System/Library/PrivateFrameworks/MetadataUtilities.framework/Versions/A/MetadataUtilities
0x00000001b1b8d000 	/usr/lib/libmecabra.dylib
0x00000001bafd5000 	/usr/lib/libmecab.dylib
0x00000001b1b59000 	/usr/lib/libCRFSuite.dylib
0x00000001bb033000 	/usr/lib/libgermantok.dylib
0x00000001bbb41000 	/usr/lib/libThaiTokenizer.dylib
0x00000001b7a47000 	/System/Library/Frameworks/Accelerate.framework/Versions/A/Frameworks/vImage.framework/Versions/A/vImage
0x00000001c1bfb000 	/System/Library/Frameworks/Accelerate.framework/Versions/A/Frameworks/vecLib.framework/Versions/A/vecLib
0x00000001bc245000 	/System/Library/Frameworks/Accelerate.framework/Versions/A/Frameworks/vecLib.framework/Versions/A/libvMisc.dylib
0x00000001baae5000 	/System/Library/Frameworks/Accelerate.framework/Versions/A/Frameworks/vecLib.framework/Versions/A/libvDSP.dylib
0x00000001b17b3000 	/System/Library/Frameworks/Accelerate.framework/Versions/A/Frameworks/vecLib.framework/Versions/A/libBLAS.dylib
0x00000001bbc69000 	/System/Library/Frameworks/Accelerate.framework/Versions/A/Frameworks/vecLib.framework/Versions/A/libLAPACK.dylib
0x00000001bb036000 	/System/Library/Frameworks/Accelerate.framework/Versions/A/Frameworks/vecLib.framework/Versions/A/libLinearAlgebra.dylib
0x00000001bbb80000 	/System/Library/Frameworks/Accelerate.framework/Versions/A/Frameworks/vecLib.framework/Versions/A/libSparseBLAS.dylib
0x00000001bbc64000 	/System/Library/Frameworks/Accelerate.framework/Versions/A/Frameworks/vecLib.framework/Versions/A/libQuadrature.dylib
0x00000001ba561000 	/System/Library/Frameworks/Accelerate.framework/Versions/A/Frameworks/vecLib.framework/Versions/A/libBNNS.dylib
0x00000001b1a71000 	/System/Library/Frameworks/Accelerate.framework/Versions/A/Frameworks/vecLib.framework/Versions/A/libSparse.dylib
0x00000001ba559000 	/System/Library/PrivateFrameworks/LinguisticData.framework/Versions/A/LinguisticData
0x00000001b1a27000 	/System/Library/PrivateFrameworks/Lexicon.framework/Versions/A/Lexicon
0x00000001bc23d000 	/usr/lib/libChineseTokenizer.dylib
0x00000001b21ce000 	/System/Library/PrivateFrameworks/LanguageModeling.framework/Versions/A/LanguageModeling
0x00000001bbb43000 	/System/Library/PrivateFrameworks/AppleSauce.framework/Versions/A/AppleSauce
0x00000001babc8000 	/System/Library/PrivateFrameworks/CoreEmoji.framework/Versions/A/CoreEmoji
0x00000001bba32000 	/usr/lib/libcmph.dylib
0x00000001b834f000 	/System/Library/Frameworks/OpenDirectory.framework/Versions/A/Frameworks/CFOpenDirectory.framework/Versions/A/CFOpenDirectory
0x00000001b833f000 	/System/Library/Frameworks/OpenDirectory.framework/Versions/A/OpenDirectory
0x00000001bc19b000 	/System/Library/PrivateFrameworks/APFS.framework/Versions/A/APFS
0x00000001baef4000 	/System/Library/Frameworks/SecurityFoundation.framework/Versions/A/SecurityFoundation
0x00000001bc20f000 	/usr/lib/libutil.dylib
0x00000001b390f000 	/System/Library/PrivateFrameworks/CoreServicesStore.framework/Versions/A/CoreServicesStore
0x00000001bc213000 	/usr/lib/libxslt.1.dylib
0x00000001baf88000 	/System/Library/PrivateFrameworks/BackgroundTaskManagement.framework/Versions/A/BackgroundTaskManagement
0x00000001bd476000 	/System/Library/Frameworks/ImageIO.framework/Versions/A/Resources/libRadiance.dylib
0x00000001bd47f000 	/System/Library/Frameworks/ImageIO.framework/Versions/A/Resources/libJPEG.dylib
0x00000001bd3d1000 	/System/Library/Frameworks/ImageIO.framework/Versions/A/Resources/libPng.dylib
0x00000001bd3f3000 	/System/Library/Frameworks/ImageIO.framework/Versions/A/Resources/libTIFF.dylib
0x00000001bd4da000 	/System/Library/Frameworks/ImageIO.framework/Versions/A/Resources/libGIF.dylib
0x00000001bce1f000 	/System/Library/Frameworks/ImageIO.framework/Versions/A/Resources/libJP2.dylib
0x00000001bc564000 	/usr/lib/libexpat.1.dylib
0x00000001bcdda000 	/System/Library/PrivateFrameworks/AppleJPEG.framework/Versions/A/AppleJPEG
0x00000001b998d000 	/System/Library/PrivateFrameworks/FontServices.framework/libFontParser.dylib
0x00000001b769e000 	/System/Library/PrivateFrameworks/RunningBoardServices.framework/Versions/A/RunningBoardServices
0x00000001c7b6f000 	/System/Library/PrivateFrameworks/IOSurfaceAccelerator.framework/Versions/A/IOSurfaceAccelerator
0x00000001bcf0b000 	/System/Library/PrivateFrameworks/WatchdogClient.framework/Versions/A/WatchdogClient
0x00000001b22d2000 	/System/Library/Frameworks/CoreDisplay.framework/Versions/A/CoreDisplay
0x00000001b987b000 	/System/Library/Frameworks/CoreMedia.framework/Versions/A/CoreMedia
0x00000001b970f000 	/System/Library/PrivateFrameworks/IOAccelerator.framework/Versions/A/IOAccelerator
0x00000001b84dd000 	/System/Library/Frameworks/CoreVideo.framework/Versions/A/CoreVideo
0x00000001bbb93000 	/System/Library/Frameworks/MetalPerformanceShaders.framework/Versions/A/MetalPerformanceShaders
0x00000001bcf48000 	/System/Library/Frameworks/VideoToolbox.framework/Versions/A/VideoToolbox
0x00000001b75e2000 	/System/Library/PrivateFrameworks/BaseBoard.framework/Versions/A/BaseBoard
0x00000001b7381000 	/System/Library/PrivateFrameworks/ProtocolBuffer.framework/Versions/A/ProtocolBuffer
0x00000001bd471000 	/System/Library/PrivateFrameworks/GPUWrangler.framework/Versions/A/GPUWrangler
0x00000001bd450000 	/System/Library/PrivateFrameworks/IOPresentment.framework/Versions/A/IOPresentment
0x00000001bd479000 	/System/Library/PrivateFrameworks/DSExternalDisplay.framework/Versions/A/DSExternalDisplay
0x00000002122a0000 	/System/Library/Frameworks/OpenGL.framework/Versions/A/Libraries/libCoreFSCache.dylib
0x000000021ba61000 	/System/Library/PrivateFrameworks/GPUCompiler.framework/Versions/31001/Libraries/libGPUCompilerUtils.dylib
0x00000001bd4df000 	/System/Library/PrivateFrameworks/CMCaptureCore.framework/Versions/A/CMCaptureCore
0x00000001bcb18000 	/System/Library/PrivateFrameworks/AppServerSupport.framework/Versions/A/AppServerSupport
0x00000001becb8000 	/System/Library/PrivateFrameworks/perfdata.framework/Versions/A/perfdata
0x00000001b23f2000 	/System/Library/PrivateFrameworks/AudioToolboxCore.framework/Versions/A/AudioToolboxCore
0x00000001b9853000 	/System/Library/PrivateFrameworks/caulk.framework/Versions/A/caulk
0x00000001be5ad000 	/usr/lib/libAudioStatistics.dylib
0x00000001cfeb3000 	/System/Library/PrivateFrameworks/SystemPolicy.framework/Versions/A/SystemPolicy
0x00000001be80d000 	/usr/lib/libSMC.dylib
0x00000001c73de000 	/System/Library/Frameworks/CoreMIDI.framework/Versions/A/CoreMIDI
0x00000001bd39f000 	/usr/lib/libAudioToolboxUtility.dylib
0x00000001cc2ec000 	/System/Library/PrivateFrameworks/OSAServicesClient.framework/Versions/A/OSAServicesClient
0x00000001becc5000 	/usr/lib/libperfcheck.dylib
0x00000001d09b6000 	/usr/lib/libmis.dylib
0x0000000212301000 	/System/Library/Frameworks/OpenGL.framework/Versions/A/Libraries/libGLU.dylib
0x00000002122c0000 	/System/Library/Frameworks/OpenGL.framework/Versions/A/Libraries/libGFXShared.dylib
0x00000002124aa000 	/System/Library/Frameworks/OpenGL.framework/Versions/A/Libraries/libGL.dylib
0x00000002122c9000 	/System/Library/Frameworks/OpenGL.framework/Versions/A/Libraries/libGLImage.dylib
0x00000002122bd000 	/System/Library/Frameworks/OpenGL.framework/Versions/A/Libraries/libCVMSPluginSupport.dylib
0x00000002122a7000 	/System/Library/Frameworks/OpenGL.framework/Versions/A/Libraries/libCoreVMClient.dylib
0x00000001ba3e5000 	/System/Library/Frameworks/MetalPerformanceShaders.framework/Versions/A/Frameworks/MPSCore.framework/Versions/A/MPSCore
0x00000001bb551000 	/System/Library/Frameworks/MetalPerformanceShaders.framework/Versions/A/Frameworks/MPSImage.framework/Versions/A/MPSImage
0x00000001bb04b000 	/System/Library/Frameworks/MetalPerformanceShaders.framework/Versions/A/Frameworks/MPSNeuralNetwork.framework/Versions/A/MPSNeuralNetwork
0x00000001bb488000 	/System/Library/Frameworks/MetalPerformanceShaders.framework/Versions/A/Frameworks/MPSMatrix.framework/Versions/A/MPSMatrix
0x00000001bb263000 	/System/Library/Frameworks/MetalPerformanceShaders.framework/Versions/A/Frameworks/MPSRayIntersector.framework/Versions/A/MPSRayIntersector
0x00000001bb4b9000 	/System/Library/Frameworks/MetalPerformanceShaders.framework/Versions/A/Frameworks/MPSNDArray.framework/Versions/A/MPSNDArray
0x0000000213fd7000 	/System/Library/Frameworks/MetalPerformanceShaders.framework/Versions/A/Frameworks/MPSFunctions.framework/Versions/A/MPSFunctions
0x00000001b1691000 	/System/Library/PrivateFrameworks/MetalTools.framework/Versions/A/MetalTools
0x00000001ba462000 	/System/Library/PrivateFrameworks/AggregateDictionary.framework/Versions/A/AggregateDictionary
0x00000001bc34a000 	/usr/lib/libIOReport.dylib
0x00000001c63c5000 	/System/Library/PrivateFrameworks/ASEProcessing.framework/Versions/A/ASEProcessing
0x00000001bc6bd000 	/System/Library/PrivateFrameworks/FaceCore.framework/Versions/A/FaceCore
0x00000001bc6af000 	/System/Library/PrivateFrameworks/GraphVisualizer.framework/Versions/A/GraphVisualizer
0x000000021b978000 	/System/Library/PrivateFrameworks/FontServices.framework/Versions/A/FontServices
0x00000001bcad2000 	/System/Library/PrivateFrameworks/OTSVG.framework/Versions/A/OTSVG
0x00000001b80ab000 	/System/Library/Frameworks/ApplicationServices.framework/Versions/A/Frameworks/ATS.framework/Versions/A/Resources/libFontRegistry.dylib
0x00000001bcb21000 	/System/Library/PrivateFrameworks/FontServices.framework/libhvf.dylib
0x000000021b979000 	/System/Library/PrivateFrameworks/FontServices.framework/libXTFontStaticRegistryData.dylib
0x000000021264c000 	/System/Library/Frameworks/OpenCL.framework/Versions/A/OpenCL
0x00000001bc518000 	/System/Library/PrivateFrameworks/AppleVA.framework/Versions/A/AppleVA
0x00000001be5d5000 	/System/Library/Frameworks/ApplicationServices.framework/Versions/A/Frameworks/ATS.framework/Versions/A/ATS
0x00000001b6b45000 	/System/Library/Frameworks/ApplicationServices.framework/Versions/A/Frameworks/HIServices.framework/Versions/A/HIServices
0x00000001bd4e9000 	/System/Library/Frameworks/ApplicationServices.framework/Versions/A/Frameworks/PrintCore.framework/Versions/A/PrintCore
0x00000001be960000 	/System/Library/Frameworks/ApplicationServices.framework/Versions/A/Frameworks/QD.framework/Versions/A/QD
0x00000001be958000 	/System/Library/Frameworks/ApplicationServices.framework/Versions/A/Frameworks/ColorSyncLegacy.framework/Versions/A/ColorSyncLegacy
0x00000001be5c1000 	/System/Library/Frameworks/ApplicationServices.framework/Versions/A/Frameworks/SpeechSynthesis.framework/Versions/A/SpeechSynthesis
0x00000001bd4aa000 	/System/Library/Frameworks/ApplicationServices.framework/Versions/A/Frameworks/ATSUI.framework/Versions/A/ATSUI
0x00000001be8ed000 	/usr/lib/libcups.2.dylib
0x00000001becd3000 	/System/Library/Frameworks/Kerberos.framework/Versions/A/Kerberos
0x00000001bece4000 	/System/Library/Frameworks/GSS.framework/Versions/A/GSS
0x00000001be644000 	/usr/lib/libresolv.9.dylib
0x00000001bcb2f000 	/System/Library/PrivateFrameworks/Heimdal.framework/Versions/A/Heimdal
0x00000001c5635000 	/System/Library/Frameworks/Kerberos.framework/Versions/A/Libraries/libHeimdalProxy.dylib
0x00000001b777d000 	/System/Library/Frameworks/Network.framework/Versions/A/Network
0x00000001bc57f000 	/usr/lib/libheimdal-asn1.dylib
0x00000001bed2a000 	/System/Library/PrivateFrameworks/CommonAuth.framework/Versions/A/CommonAuth
0x00000001be53b000 	/System/Library/PrivateFrameworks/AudioSession.framework/Versions/A/AudioSession
0x00000001bc610000 	/System/Library/PrivateFrameworks/MediaExperience.framework/Versions/A/MediaExperience
0x00000001be3c3000 	/System/Library/PrivateFrameworks/AudioSession.framework/libSessionUtility.dylib
0x00000001be96c000 	/System/Library/PrivateFrameworks/AudioResourceArbitration.framework/Versions/A/AudioResourceArbitration
0x00000001c2a77000 	/System/Library/PrivateFrameworks/PowerLog.framework/Versions/A/PowerLog
0x00000001bc588000 	/System/Library/PrivateFrameworks/IconFoundation.framework/Versions/A/IconFoundation
0x00000001c1827000 	/System/Library/PrivateFrameworks/SpeechRecognitionCore.framework/Versions/A/SpeechRecognitionCore
0x000000010127c000 	/Library/Java/JavaVirtualMachines/jdk-17.0.1.jdk/Contents/Home/lib/server/libjvm.dylib
0x0000000100214000 	/Library/Java/JavaVirtualMachines/jdk-17.0.1.jdk/Contents/Home/lib/libjimage.dylib
0x0000000100240000 	/Library/Java/JavaVirtualMachines/jdk-17.0.1.jdk/Contents/Home/lib/libinstrument.dylib
0x000000010028c000 	/Library/Java/JavaVirtualMachines/jdk-17.0.1.jdk/Contents/Home/lib/libjava.dylib
0x0000000101210000 	/Library/Java/JavaVirtualMachines/jdk-17.0.1.jdk/Contents/Home/lib/libnio.dylib
0x0000000101230000 	/Library/Java/JavaVirtualMachines/jdk-17.0.1.jdk/Contents/Home/lib/libnet.dylib
0x0000000100274000 	/Library/Java/JavaVirtualMachines/jdk-17.0.1.jdk/Contents/Home/lib/libzip.dylib
0x00000001002c0000 	/Users/endyyu/.openjfx/cache/17.0.1/libprism_es2.dylib
0x00000001b38d2000 	/System/Library/PrivateFrameworks/CoreServicesInternal.framework/Versions/A/CoreServicesInternal
0x00000002124b4000 	/System/Library/Frameworks/OpenGL.framework/Versions/A/Resources/GLEngine.bundle/GLEngine
0x000000021233b000 	/System/Library/Frameworks/OpenGL.framework/Versions/A/Libraries/libGLProgrammability.dylib
0x000000011eaa4000 	/System/Library/Extensions/AppleMetalOpenGLRenderer.bundle/Contents/MacOS/AppleMetalOpenGLRenderer
0x0000000212623000 	/System/Library/Frameworks/OpenGL.framework/Versions/A/Resources/GLRendererFloat.bundle/GLRendererFloat
0x00000002126c4000 	/System/Library/Extensions/AGXMetal13_3.bundle/Contents/MacOS/AGXMetal13_3
0x00000001d09d2000 	/System/Library/PrivateFrameworks/GPURawCounter.framework/Versions/A/GPURawCounter
0x00000001cb473000 	/System/Library/PrivateFrameworks/IOGPU.framework/Versions/A/IOGPU
0x000000011eb3c000 	/Users/endyyu/.openjfx/cache/17.0.1/libglass.dylib
0x00000001c2ccb000 	/System/Library/Frameworks/FileProvider.framework/Versions/A/FileProvider
0x00000001b754a000 	/System/Library/Frameworks/Accounts.framework/Versions/A/Accounts
0x00000001c2e4b000 	/System/Library/PrivateFrameworks/GenerationalStorage.framework/Versions/A/GenerationalStorage
0x00000001c3a01000 	/System/Library/PrivateFrameworks/CoreSymbolication.framework/Versions/A/CoreSymbolication
0x00000001c2a6b000 	/System/Library/PrivateFrameworks/SymptomDiagnosticReporter.framework/Versions/A/SymptomDiagnosticReporter
0x00000001b4bbb000 	/System/Library/PrivateFrameworks/DesktopServicesPriv.framework/Versions/A/DesktopServicesPriv
0x00000001b3a32000 	/usr/lib/libsandbox.1.dylib
0x00000001b856a000 	/System/Library/PrivateFrameworks/UserManagement.framework/Versions/A/UserManagement
0x00000001c39c2000 	/System/Library/PrivateFrameworks/DebugSymbols.framework/Versions/A/DebugSymbols
0x00000001be94b000 	/System/Library/PrivateFrameworks/NetAuth.framework/Versions/A/NetAuth
0x00000001bf850000 	/System/Library/PrivateFrameworks/Sharing.framework/Versions/A/Sharing
0x00000001b853a000 	/System/Library/PrivateFrameworks/login.framework/Versions/A/Frameworks/loginsupport.framework/Versions/A/loginsupport
0x00000001c4b79000 	/System/Library/PrivateFrameworks/Apple80211.framework/Versions/A/Apple80211
0x00000001bb635000 	/System/Library/PrivateFrameworks/AuthKit.framework/Versions/A/AuthKit
0x00000001bacc7000 	/System/Library/PrivateFrameworks/CoreUtils.framework/Versions/A/CoreUtils
0x00000001babe7000 	/System/Library/Frameworks/CoreWLAN.framework/Versions/A/CoreWLAN
0x00000001bf9ba000 	/System/Library/Frameworks/IOBluetooth.framework/Versions/A/IOBluetooth
0x00000001c4bd9000 	/System/Library/PrivateFrameworks/CoreWiFi.framework/Versions/A/CoreWiFi
0x00000001c35a9000 	/System/Library/PrivateFrameworks/FrontBoardServices.framework/Versions/A/FrontBoardServices
0x00000001c3641000 	/System/Library/PrivateFrameworks/BoardServices.framework/Versions/A/BoardServices
0x00000001baee2000 	/System/Library/PrivateFrameworks/AssertionServices.framework/Versions/A/AssertionServices
0x00000001c4d47000 	/System/Library/PrivateFrameworks/BackBoardServices.framework/Versions/A/BackBoardServices
0x00000001bedbd000 	/System/Library/PrivateFrameworks/CorePhoneNumbers.framework/Versions/A/CorePhoneNumbers
0x00000001c2b9b000 	/System/Library/PrivateFrameworks/DiskManagement.framework/Versions/A/DiskManagement
0x00000001c2a9e000 	/System/Library/PrivateFrameworks/AppleIDAuthSupport.framework/Versions/A/AppleIDAuthSupport
0x00000002162a0000 	/System/Library/PrivateFrameworks/AAAFoundation.framework/Versions/A/AAAFoundation
0x00000001bed9c000 	/System/Library/PrivateFrameworks/KeychainCircle.framework/Versions/A/KeychainCircle
0x00000001c2b67000 	/System/Library/PrivateFrameworks/MediaKit.framework/Versions/A/MediaKit
0x00000001c2aab000 	/System/Library/Frameworks/DiscRecording.framework/Versions/A/DiscRecording
0x00000001bc494000 	/usr/lib/libCoreStorage.dylib
0x00000001c5043000 	/usr/lib/libcsfde.dylib
0x00000001bfa8f000 	/System/Library/PrivateFrameworks/ProtectedCloudStorage.framework/Versions/A/ProtectedCloudStorage
0x00000001c503b000 	/System/Library/PrivateFrameworks/EFILogin.framework/Versions/A/EFILogin
0x00000001c2e72000 	/System/Library/PrivateFrameworks/OctagonTrust.framework/Versions/A/OctagonTrust
0x000000021abc4000 	/System/Library/PrivateFrameworks/CoreUtilsExtras.framework/Versions/A/CoreUtilsExtras
0x00000001c29e1000 	/System/Library/Frameworks/CoreBluetooth.framework/Versions/A/CoreBluetooth
0x00000001c56ba000 	/System/Library/Frameworks/AudioUnit.framework/Versions/A/AudioUnit
0x00000001bc48c000 	/usr/lib/libMatch.1.dylib
0x00000001d4cb5000 	/System/Library/Frameworks/Accelerate.framework/Versions/A/Frameworks/vImage.framework/Versions/A/Libraries/libCGInterfaces.dylib
0x0000000122ce8000 	/usr/lib/libobjc-trampolines.dylib
0x00000001b8237000 	/System/Library/PrivateFrameworks/ViewBridge.framework/Versions/A/ViewBridge
0x00000001237d4000 	/Users/endyyu/.openjfx/cache/17.0.1/libjavafx_font.dylib
0x0000000124c2c000 	/Library/Java/JavaVirtualMachines/jdk-17.0.1.jdk/Contents/Home/lib/librmi.dylib
0x00000001bcbdd000 	/System/Library/PrivateFrameworks/login.framework/Versions/A/login
0x000000022e18c000 	/usr/lib/libRosetta.dylib
0x00000001c1f01000 	/System/Library/PrivateFrameworks/SystemAdministration.framework/Versions/A/SystemAdministration
0x00000001bd6f3000 	/System/Library/Frameworks/MediaToolbox.framework/Versions/A/MediaToolbox
0x00000001c17ef000 	/System/Library/Frameworks/DirectoryService.framework/Versions/A/DirectoryService
0x00000001c4ed0000 	/System/Library/PrivateFrameworks/DiskImages.framework/Versions/A/DiskImages
0x00000001baf93000 	/System/Library/Frameworks/ServiceManagement.framework/Versions/A/ServiceManagement
0x00000001c50b6000 	/System/Library/PrivateFrameworks/LoginUIKit.framework/Versions/A/Frameworks/LoginUICore.framework/Versions/A/LoginUICore
0x00000001bcd93000 	/usr/lib/libodfde.dylib
0x00000001c2c97000 	/System/Library/PrivateFrameworks/CoreAVCHD.framework/Versions/A/CoreAVCHD
0x00000001c1ec3000 	/System/Library/Frameworks/MediaAccessibility.framework/Versions/A/MediaAccessibility
0x00000001c2c93000 	/System/Library/PrivateFrameworks/Mangrove.framework/Versions/A/Mangrove
0x00000001c1ed0000 	/System/Library/PrivateFrameworks/AlgosScoreFramework.framework/Versions/A/AlgosScoreFramework
0x0000000217ea4000 	/System/Library/PrivateFrameworks/CMPhoto.framework/Versions/A/CMPhoto
0x00000001c2c87000 	/System/Library/PrivateFrameworks/CoreAUC.framework/Versions/A/CoreAUC
0x00000001c504f000 	/usr/lib/libcurl.4.dylib
0x00000001c4da5000 	/usr/lib/libcrypto.44.dylib
0x00000001c4ea3000 	/usr/lib/libssl.46.dylib
0x00000001c4d67000 	/System/Library/Frameworks/LDAP.framework/Versions/A/LDAP
0x00000001c4da3000 	/System/Library/PrivateFrameworks/TrustEvaluationAgent.framework/Versions/A/TrustEvaluationAgent
0x00000001be65d000 	/usr/lib/libsasl2.2.dylib
0x00000001c1ef6000 	/System/Library/PrivateFrameworks/CoreDaemon.framework/Versions/B/CoreDaemon
0x00000001c1ef0000 	/System/Library/PrivateFrameworks/AppleSRP.framework/Versions/A/AppleSRP


VM Arguments:
jvm_args: -javaagent:/Applications/IntelliJ IDEA CE.app/Contents/lib/idea_rt.jar=52696:/Applications/IntelliJ IDEA CE.app/Contents/bin -Dfile.encoding=UTF-8 --module-path=/Users/endyyu/.m2/repository/com/github/almasb/fxgl-scene/17/fxgl-scene-17.jar:/Users/endyyu/.m2/repository/com/github/almasb/fxgl-gameplay/17/fxgl-gameplay-17.jar:/Users/endyyu/.m2/repository/eu/hansolo/tilesfx/11.48/tilesfx-11.48.jar:/Users/endyyu/.m2/repository/org/openjfx/javafx-base/17.0.1/javafx-base-17.0.1-mac-aarch64.jar:/Users/endyyu/.m2/repository/com/gluonhq/attach/storage/4.0.9/storage-4.0.9.jar:/Users/endyyu/.m2/repository/com/gluonhq/attach/lifecycle/4.0.9/lifecycle-4.0.9.jar:/Users/endyyu/.m2/repository/com/fasterxml/jackson/core/jackson-databind/2.14.0-rc3/jackson-databind-2.14.0-rc3.jar:/Users/endyyu/.m2/repository/com/dlsc/formsfx/formsfx-core/11.3.2/formsfx-core-11.3.2.jar:/Users/endyyu/.m2/repository/com/fasterxml/jackson/core/jackson-annotations/2.14.0-rc3/jackson-annotations-2.14.0-rc3.jar:/Users/endyyu/.m2/repository/org/controlsfx/controlsfx/11.1.1/controlsfx-11.1.1.jar:/Users/endyyu/.m2/repository/org/kordamp/ikonli/ikonli-javafx/12.3.0/ikonli-javafx-12.3.0.jar:/Users/endyyu/.m2/repository/org/openjfx/javafx-controls/17.0.1/javafx-controls-17.0.1-mac-aarch64.jar:/Users/endyyu/.m2/repository/net/synedra/validatorfx/0.2.1/validatorfx-0.2.1.jar:/Users/endyyu/.m2/repository/com/github/almasb/fxgl/17/fxgl-17.jar:/Users/endyyu/.m2/repository/org/jetbrains/kotlin/kotlin-stdlib/1.5.32/kotlin-stdlib-1.5.32-modular.jar:/Users/endyyu/.m2/repository/org/kordamp/ikonli/ikonli-core/12.3.0/ikonli-core-12.3.0.jar:/Users/endyyu/.m2/repository/org/openjfx/javafx-web/17.0.1/javafx-web-17.0.1-mac-aarch64.jar:/Users/endyyu/.m2/repository/org/openjfx/javafx-graphics/17.0.1/javafx-graphics-17.0.1-mac-aarch64.jar:/Users/endyyu/.m2/repository/org/openjfx/javafx-media/17.0.1/javafx-media-17.0.1-mac-aarch64.jar:/Users/endyyu/.m2/repository/com/fasterxml/jackson/core/jackson-core/2.14.0-rc3/jackson-core-2.14.0-rc3.jar:/Users/endyyu/.m2/repository/com/github/almasb/fxgl-io/17/fxgl-io-17.jar:/Users/endyyu/.m2/repository/org/openjfx/javafx-fxml/17.0.1/javaf-Djdk.module.main=fr.playcards 
java_command: fr.playcards/fr.playcards.PlayCardsApplication
java_class_path (initial): /Users/endyyu/.m2/repository/org/openjfx/javafx-controls/17.0.1/javafx-controls-17.0.1.jar:/Users/endyyu/.m2/repository/org/openjfx/javafx-graphics/17.0.1/javafx-graphics-17.0.1.jar:/Users/endyyu/.m2/repository/org/openjfx/javafx-base/17.0.1/javafx-base-17.0.1.jar:/Users/endyyu/.m2/repository/org/openjfx/javafx-fxml/17.0.1/javafx-fxml-17.0.1.jar:/Users/endyyu/.m2/repository/org/openjfx/javafx-web/17.0.1/javafx-web-17.0.1.jar:/Users/endyyu/.m2/repository/org/openjfx/javafx-media/17.0.1/javafx-media-17.0.1.jar:/Users/endyyu/.m2/repository/org/jetbrains/annotations/13.0/annotations-13.0.jar:/Users/endyyu/.m2/repository/org/jetbrains/kotlin/kotlin-stdlib-common/1.5.32/kotlin-stdlib-common-1.5.32.jar
Launcher Type: SUN_STANDARD

[Global flags]
     intx CICompilerCount                          = 4                                         {product} {ergonomic}
     uint ConcGCThreads                            = 2                                         {product} {ergonomic}
     uint G1ConcRefinementThreads                  = 8                                         {product} {ergonomic}
   size_t G1HeapRegionSize                         = 1048576                                   {product} {ergonomic}
    uintx GCDrainStackTargetSize                   = 64                                        {product} {ergonomic}
   size_t InitialHeapSize                          = 134217728                                 {product} {ergonomic}
   size_t MarkStackSize                            = 4194304                                   {product} {ergonomic}
   size_t MaxHeapSize                              = 2147483648                                {product} {ergonomic}
   size_t MaxNewSize                               = 1287651328                                {product} {ergonomic}
   size_t MinHeapDeltaBytes                        = 1048576                                   {product} {ergonomic}
   size_t MinHeapSize                              = 8388608                                   {product} {ergonomic}
    uintx NonNMethodCodeHeapSize                   = 5839564                                {pd product} {ergonomic}
    uintx NonProfiledCodeHeapSize                  = 122909338                              {pd product} {ergonomic}
    uintx ProfiledCodeHeapSize                     = 122909338                              {pd product} {ergonomic}
    uintx ReservedCodeCacheSize                    = 251658240                              {pd product} {ergonomic}
     bool SegmentedCodeCache                       = true                                      {product} {ergonomic}
   size_t SoftMaxHeapSize                          = 2147483648                             {manageable} {ergonomic}
     bool UseCompressedClassPointers               = true                           {product lp64_product} {ergonomic}
     bool UseCompressedOops                        = true                           {product lp64_product} {ergonomic}
     bool UseG1GC                                  = true                                      {product} {ergonomic}
     bool UseNUMA                                  = false                                     {product} {ergonomic}
     bool UseNUMAInterleaving                      = false                                     {product} {ergonomic}

Logging:
Log output configuration:
 #0: stdout all=warning uptime,level,tags
 #1: stderr all=off uptime,level,tags

Environment Variables:
JAVA_HOME=/Library/Java/JavaVirtualMachines/zulu-17.jdk/Contents/Home
PATH=/Users/endyyu/opt/anaconda3/condabin:/Users/endyyu/Users/endyyu/Documents/instantclient_19_8/:/opt/homebrew/bin:/opt/homebrew/sbin:/usr/local/bin:/usr/bin:/bin:/usr/sbin:/sbin:/Library/TeX/texbin:/Library/Apple/usr/bin:/usr/local/mysql/bin:/Applications/Postgres.app/Contents/Versions/14/bin
SHELL=/bin/zsh
LC_CTYPE=fr_FR.UTF-8

Signal Handlers:
   SIGSEGV: crash_handler in libjvm.dylib, mask=11100110000111110111111111111111, flags=SA_RESTART|SA_SIGINFO
    SIGBUS: crash_handler in libjvm.dylib, mask=11100110000111110111111111111111, flags=SA_RESTART|SA_SIGINFO
    SIGFPE: crash_handler in libjvm.dylib, mask=11100110000111110111111111111111, flags=SA_RESTART|SA_SIGINFO
   SIGPIPE: javaSignalHandler in libjvm.dylib, mask=11100110000111110111111111111111, flags=SA_RESTART|SA_SIGINFO
   SIGXFSZ: javaSignalHandler in libjvm.dylib, mask=11100110000111110111111111111111, flags=SA_RESTART|SA_SIGINFO
    SIGILL: crash_handler in libjvm.dylib, mask=11100110000111110111111111111111, flags=SA_RESTART|SA_SIGINFO
   SIGUSR2: SR_handler in libjvm.dylib, mask=00100000000000000000000000000000, flags=SA_RESTART|SA_SIGINFO
    SIGHUP: UserHandler in libjvm.dylib, mask=11100110000111110111111111111111, flags=SA_RESTART|SA_SIGINFO
    SIGINT: UserHandler in libjvm.dylib, mask=11100110000111110111111111111111, flags=SA_RESTART|SA_SIGINFO
   SIGTERM: UserHandler in libjvm.dylib, mask=11100110000111110111111111111111, flags=SA_RESTART|SA_SIGINFO
   SIGQUIT: UserHandler in libjvm.dylib, mask=11100110000111110111111111111111, flags=SA_RESTART|SA_SIGINFO
   SIGTRAP: crash_handler in libjvm.dylib, mask=11100110000111110111111111111111, flags=SA_RESTART|SA_SIGINFO


---------------  S Y S T E M  ---------------

OS:
uname: Darwin 21.2.0 Darwin Kernel Version 21.2.0: Sun Nov 28 20:29:10 PST 2021; root:xnu-8019.61.5~1/RELEASE_ARM64_T8101 arm64
OS uptime: 8 days 5:37 hours
rlimit (soft/hard): STACK 8176k/65520k , CORE 0k/infinity , NPROC 1333/2000 , NOFILE 10240/infinity , AS infinity/infinity , CPU infinity/infinity , DATA infinity/infinity , FSIZE infinity/infinity , MEMLOCK infinity/infinity , RSS infinity/infinity
load average: 2.82 1.99 1.98

CPU: total 8 (initial active 8) 0x61:0x0:0x1b588bb3:0, fp, simd, crc, lse

Memory: 16k page, physical 8388608k(86960k free), swap 2097152k(1000192k free)

vm_info: Java HotSpot(TM) 64-Bit Server VM (17.0.1+12-LTS-39) for bsd-aarch64 JRE (17.0.1+12-LTS-39), built on Sep 27 2021 17:38:30 by "mach5one" with clang Apple LLVM 12.0.0 (clang-1200.0.32.29)

END.
