#
# A fatal error has been detected by the Java Runtime Environment:
#
#  SIGBUS (0xa) at pc=0x000000010be814f0, pid=64043, tid=28683
#
# JRE version: Java(TM) SE Runtime Environment (17.0.1+12) (build 17.0.1+12-LTS-39)
# Java VM: Java HotSpot(TM) 64-Bit Server VM (17.0.1+12-LTS-39, mixed mode, sharing, tiered, compressed oops, compressed class ptrs, g1 gc, bsd-aarch64)
# Problematic frame:
# v  ~StubRoutines::SafeFetchN
#
# No core dump will be written. Core dumps have been disabled. To enable core dumping, try "ulimit -c unlimited" before starting Java again
#
# If you would like to submit a bug report, please visit:
#   https://bugreport.java.com/bugreport/crash.jsp
# The crash happened outside the Java Virtual Machine in native code.
# See problematic frame for where to report the bug.
#

---------------  S U M M A R Y ------------

Command Line: -javaagent:/Applications/IntelliJ IDEA CE.app/Contents/lib/idea_rt.jar=59186:/Applications/IntelliJ IDEA CE.app/Contents/bin -Dfile.encoding=UTF-8 --module-path=/Users/endyyu/.m2/repository/eu/hansolo/tilesfx/11.48/tilesfx-11.48.jar:/Users/endyyu/.m2/repository/com/gluonhq/attach/storage/4.0.9/storage-4.0.9.jar:/Users/endyyu/.m2/repository/org/controlsfx/controlsfx/11.1.1/controlsfx-11.1.1.jar:/Users/endyyu/.m2/repository/org/openjfx/javafx-fxml/17.0.1/javafx-fxml-17.0.1-mac-aarch64.jar:/Users/endyyu/.m2/repository/org/kordamp/bootstrapfx/bootstrapfx-core/0.4.0/bootstrapfx-core-0.4.0.jar:/Users/endyyu/.m2/repository/com/github/almasb/fxgl-entity/17/fxgl-entity-17.jar:/Users/endyyu/.m2/repository/com/github/almasb/fxgl-scene/17/fxgl-scene-17.jar:/Users/endyyu/.m2/repository/com/github/almasb/fxgl-core/17/fxgl-core-17.jar:/Users/endyyu/Desktop/middleware/Play_Cards/PlayCards/target/classes:/Users/endyyu/.m2/repository/com/gluonhq/attach/lifecycle/4.0.9/lifecycle-4.0.9.jar:/Users/endyyu/.m2/repository/net/synedra/validatorfx/0.2.1/validatorfx-0.2.1.jar:/Users/endyyu/.m2/repository/com/gluonhq/attach/util/4.0.9/util-4.0.9.jar:/Users/endyyu/.m2/repository/com/github/almasb/fxgl-io/17/fxgl-io-17.jar:/Users/endyyu/.m2/repository/org/kordamp/ikonli/ikonli-javafx/12.3.0/ikonli-javafx-12.3.0.jar:/Users/endyyu/.m2/repository/org/openjfx/javafx-base/17.0.1/javafx-base-17.0.1-mac-aarch64.jar:/Users/endyyu/.m2/repository/org/openjfx/javafx-graphics/17.0.1/javafx-graphics-17.0.1-mac-aarch64.jar:/Users/endyyu/.m2/repository/com/github/almasb/fxgl/17/fxgl-17.jar:/Users/endyyu/.m2/repository/com/fasterxml/jackson/core/jackson-annotations/2.14.0-rc3/jackson-annotations-2.14.0-rc3.jar:/Users/endyyu/.m2/repository/org/openjfx/javafx-web/17.0.1/javafx-web-17.0.1-mac-aarch64.jar:/Users/endyyu/.m2/repository/org/openjfx/javafx-controls/17.0.1/javafx-controls-17.0.1-mac-aarch64.jar:/Users/endyyu/.m2/repository/org/openjfx/javafx-media/17.0.1/javafx-media-17.0.1-mac-aarch64.jar:/Users/endyyu/.m2/repository/com/fasterxml/jackson/core/jackson-databind/2.14.0-rc3/jackson-databind-2.14.0-rc3.jar:/Users/endyyu/.m2/repository/com/gluonhq/at-Djdk.module.main=fr.playcards fr.playcards/fr.playcards.PlayCardsApplication

Host: "MacBookAir10,1" arm64 1 MHz, 8 cores, 8G, Darwin 21.2.0, macOS 12.1 (21C52)
Time: Sun Dec  4 00:05:47 2022 CET elapsed time: 6.061371 seconds (0d 0h 0m 6s)

---------------  T H R E A D  ---------------

Current thread (0x000000010311c600):  JavaThread "InvokeLaterDispatcher" daemon [_thread_in_native, id=28683, stack(0x0000000178210000,0x0000000178413000)]

Stack: [0x0000000178210000,0x0000000178413000],  sp=0x00000001784127b0,  free space=2057k
Native frames: (J=compiled Java code, j=interpreted, Vv=VM code, C=native code)
v  ~StubRoutines::SafeFetchN
V  [libjvm.dylib+0x79e208]  _ZN10OopStorage7releaseEPKP7oopDesc+0x20
V  [libjvm.dylib+0x4b8f30]  jni_DeleteGlobalRef+0xc4
C  [libglass.dylib+0xab08]  -[GlassRunnable dealloc]+0x34
C  [Foundation+0x84c7c]  -[_NSThreadPerformInfo dealloc]+0x30
C  [Foundation+0x51578]  -[NSObject(NSThreadPerformAdditions) performSelectorOnMainThread:withObject:waitUntilDone:]+0x88
C  0x2b0780010be898ac
j  com.sun.glass.ui.mac.MacApplication.submitForLaterInvocation(Ljava/lang/Runnable;)V+2 javafx.graphics
j  com.sun.glass.ui.InvokeLaterDispatcher.run()V+82 javafx.graphics
v  ~StubRoutines::call_stub
V  [libjvm.dylib+0x460588]  _ZN9JavaCalls11call_helperEP9JavaValueRK12methodHandleP17JavaCallArgumentsP10JavaThread+0x38c
V  [libjvm.dylib+0x45f5a4]  _ZN9JavaCalls12call_virtualEP9JavaValueP5KlassP6SymbolS5_P17JavaCallArgumentsP10JavaThread+0x11c
V  [libjvm.dylib+0x45f670]  _ZN9JavaCalls12call_virtualEP9JavaValue6HandleP5KlassP6SymbolS6_P10JavaThread+0x64
V  [libjvm.dylib+0x512ef0]  _ZL12thread_entryP10JavaThreadS0_+0xc4
V  [libjvm.dylib+0x8fc514]  _ZN10JavaThread17thread_main_innerEv+0x134
V  [libjvm.dylib+0x8fae3c]  _ZN6Thread8call_runEv+0x128
V  [libjvm.dylib+0x7a4df0]  _ZL19thread_native_entryP6Thread+0x158
C  [libsystem_pthread.dylib+0x7240]  _pthread_start+0x94

Java frames: (J=compiled Java code, j=interpreted, Vv=VM code)
j  com.sun.glass.ui.mac.MacApplication._submitForLaterInvocation(Ljava/lang/Runnable;)V+0 javafx.graphics
j  com.sun.glass.ui.mac.MacApplication.submitForLaterInvocation(Ljava/lang/Runnable;)V+2 javafx.graphics
j  com.sun.glass.ui.InvokeLaterDispatcher.run()V+82 javafx.graphics
v  ~StubRoutines::call_stub

siginfo: si_signo: 10 (SIGBUS), si_code: 1 (BUS_ADRALN), si_addr: 0x000000010be814f0

Register to memory mapping:

 x0=0x0000000124605388 is a global jni handle
 x1=0x0 is NULL
 x2=0x0000000782c80eb0 is an oop: com.sun.glass.ui.InvokeLaterDispatcher$Future 
{0x0000000782c80eb0} - klass: 'com/sun/glass/ui/InvokeLaterDispatcher$Future'
 - ---- fields (total size 3 words):
 - private 'done' 'Z' @12  true
 - private final 'runnable' 'Ljava/lang/Runnable;' @16  a 'com/sun/javafx/tk/quantum/QuantumToolkit$$Lambda$111+0x0000000800c3ace8'{0x00000007804f5070} (f009ea0e)
 - final synthetic 'this$0' 'Lcom/sun/glass/ui/InvokeLaterDispatcher;' @20  a 'com/sun/glass/ui/InvokeLaterDispatcher'{0x00000007804f4e68} (f009e9cd)
 x3=0x0 is NULL
 x4=0x00000000000130a8 is an unknown value
 x5=0x0 is NULL
 x6=0x0 is NULL
 x7=0x0 is NULL
 x8=0x000000010be814ec is at begin+0 in a stub
StubRoutines::SafeFetchN [0x000000010be814ec, 0x000000010be814f8] (12 bytes)
 x9=0x0 is NULL
x10=0x2010000030300000 is an unknown value
x11=0x0000000000000007 is an unknown value
x12=0x0 is NULL
x13=0x00006000016d3870 points into unknown readable memory: 0x00000056293b7463 | 63 74 3b 29 56 00 00 00
x14=0x0000000000000001 is an unknown value
x15=0x0000000121d19f98: OBJC_CLASS_$_GlassRunnable+0 in /Users/endyyu/.openjfx/cache/17.0.1/libglass.dylib at 0x0000000121cd4000
x16=0x00000001b0ea0094: pthread_getspecific+0 in /usr/lib/system/libsystem_pthread.dylib at 0x00000001b0e9e000
x17=0x0000600001cc0ba0 points into unknown readable memory: 0xfffffffffffffffe | fe ff ff ff ff ff ff ff
x18=0x0 is NULL
x19=0x00006000013dc2a0 points into unknown readable memory: 0x0000600003ac8650 | 50 86 ac 03 00 60 00 00
x20=0x0000000124605180 points into unknown readable memory: 0x00000007ffe2db58 | 58 db e2 ff 07 00 00 00
x21=0x0000000124605388 is a global jni handle
x22=0x000000010311c600 is a thread
x23=0x0000000000000001 is an unknown value
x24=0x0000000124605340 is a global jni handle
x25=0x00000001043ad5d8: _ZN12StubRoutines17_safefetchN_entryE+0 in /Library/Java/JavaVirtualMachines/jdk-17.0.1.jdk/Contents/Home/lib/server/libjvm.dylib at 0x000000010381c000
x26=0x0000000122d1aec8 is pointing into metadata
x27=0x0 is NULL
x28=0x000000010311c600 is a thread


Registers:
 x0=0x0000000124605388  x1=0x0000000000000000  x2=0x0000000782c80eb0  x3=0x0000000000000000
 x4=0x00000000000130a8  x5=0x0000000000000000  x6=0x0000000000000000  x7=0x0000000000000000
 x8=0x000000010be814ec  x9=0x0000000000000000 x10=0x2010000030300000 x11=0x0000000000000007
x12=0x0000000000000000 x13=0x00006000016d3870 x14=0x0000000000000001 x15=0x0000000121d19f98
x16=0x00000001b0ea0094 x17=0x0000600001cc0ba0 x18=0x0000000000000000 x19=0x00006000013dc2a0
x20=0x0000000124605180 x21=0x0000000124605388 x22=0x000000010311c600 x23=0x0000000000000001
x24=0x0000000124605340 x25=0x00000001043ad5d8 x26=0x0000000122d1aec8 x27=0x0000000000000000
x28=0x000000010311c600  fp=0x00000001784127f0  lr=0x0000000103fb8fd8  sp=0x00000001784127b0
pc=0x000000010be814f0 cpsr=0x0000000060001000
Top of Stack: (sp=0x00000001784127b0)
0x00000001784127b0:   0000000122d1aec8 0000000000000001
0x00000001784127c0:   00000001784129a8 0000600003be2ec0
0x00000001784127d0:   0000000000000000 0000000124605370
0x00000001784127e0:   0000000124605370 00006000013dc2a0
0x00000001784127f0:   0000000178412830 0000000103fba208
0x0000000178412800:   0000000000000001 0000000124605370
0x0000000178412810:   0000000000000000 0000000124605370
0x0000000178412820:   0000000000000001 0000000123008800
0x0000000178412830:   0000000178412860 0000000103cd4f30
0x0000000178412840:   0000600003be2ed0 00000001fb3d0474
0x0000000178412850:   0000000000000000 0000600003be2ed0
0x0000000178412860:   0000000178412890 0000000121cdeb08
0x0000000178412870:   5d23902cad5100e9 0000000000000000
0x0000000178412880:   0000000000000000 00006000022de3c0
0x0000000178412890:   00000001784128d0 00000001b1e64c7c
0x00000001784128a0:   00000001784129a8 0000600003be2ec0
0x00000001784128b0:   0000600003be2ed0 5d23902cad5100e9
0x00000001784128c0:   0000000000000000 0000000000000000
0x00000001784128d0:   0000000178412910 90480001b1e31578
0x00000001784128e0:   00000001784129a8 000000010be887c0
0x00000001784128f0:   0000000000000000 00000001043b4f90
0x0000000178412900:   0000000178412920 000000010be87730
0x0000000178412910:   0000000178412980 2b0780010be898ac
0x0000000178412920:   0000000000000000 00000007822fd300
0x0000000178412930:   0000000178412930 0000000000000000
0x0000000178412940:   00000001784129a8 0000000122d1aec8
0x0000000178412950:   0000000782140688 0000000000000000
0x0000000178412960:   0000000000000000 0000000122cf33d8
0x0000000178412970:   0000000000000000 0000000178412980
0x0000000178412980:   0000000178412a00 000000010be85fc8
0x0000000178412990:   0000000000000000 0000000000000000
0x00000001784129a0:   0000000782c80eb0 0000000782140700 

Instructions: (pc=0x000000010be814f0)
0x000000010be813f0:   f2a086e9 f2c00029 6d425935 1e640886
0x000000010be81400:   0c402d31 1e6408c7 1f5654d0 1e6c1017
0x000000010be81410:   1f5050d0 1f504cd0 1f5048d0 1e650af6
0x000000010be81420:   1f50d8f6 1f5694d6 1f5158f6 1e762880
0x000000010be81430:   36000501 1e614000 14000026 2e251ca5
0x000000010be81440:   d2943009 f2a086e9 f2c00029 6d425d36
0x000000010be81450:   1e600806 0c402d32 1f5758c7 1e6c101a
0x000000010be81460:   1f4754c7 1e650805 1f4750c7 d2866668
0x000000010be81470:   f2a7fa68 1f474cc7 1e6608c0 1f4748c7
0x000000010be81480:   1e6e1019 eb08007f 540000ac 1f479400
0x000000010be81490:   1f460340 1e603b20 1400000e d2a7fd29
0x000000010be814a0:   eb09007f 540000ac 51480069 d3607d29
0x000000010be814b0:   9e670121 14000002 1e6a5001 1f679417
0x000000010be814c0:   1f668742 1e613b23 1e773857 1e773860
0x000000010be814d0:   a8c17ff3 910003bf a8c17bfd d65f03c0
0x000000010be814e0:   b9400001 aa0103e0 d65f03c0 f9400001
0x000000010be814f0:   aa0103e0 d65f03c0 00000000 00000000
0x000000010be81500:   00000000 00000000 00000000 00000000
0x000000010be81510:   00000000 00000000 00000000 00000000
0x000000010be81520:   00000000 00000000 00000000 00000000
0x000000010be81530:   00000000 00000000 00000000 00000000
0x000000010be81540:   00000000 00000000 00000000 00000000
0x000000010be81550:   00000000 00000000 00000000 00000000
0x000000010be81560:   00000000 00000000 00000000 00000000
0x000000010be81570:   00000000 00000000 00000000 00000000
0x000000010be81580:   00000000 00000000 00000000 00000000
0x000000010be81590:   00000000 00000000 00000000 00000000
0x000000010be815a0:   00000000 00000000 00000000 00000000
0x000000010be815b0:   00000000 00000000 00000000 00000000
0x000000010be815c0:   00000000 00000000 00000000 00000000
0x000000010be815d0:   00000000 00000000 00000000 00000000
0x000000010be815e0:   00000000 00000000 00000000 00000000 


Stack slot to memory mapping:
stack at sp + 0 slots: 0x0000000122d1aec8 is pointing into metadata
stack at sp + 1 slots: 0x0000000000000001 is an unknown value
stack at sp + 2 slots: 0x00000001784129a8 is pointing into the stack for thread: 0x000000010311c600
stack at sp + 3 slots: 0x0000600003be2ec0 points into unknown readable memory: 0x0100000209f56081 | 81 60 f5 09 02 00 00 01
stack at sp + 4 slots: 0x0 is NULL
stack at sp + 5 slots: 0x0000000124605370 is a global jni handle
stack at sp + 6 slots: 0x0000000124605370 is a global jni handle
stack at sp + 7 slots: 0x00006000013dc2a0 points into unknown readable memory: 0x0000600003ac8650 | 50 86 ac 03 00 60 00 00

StubRoutines::SafeFetchN [0x000000010be814ec, 0x000000010be814f8] (12 bytes)
[MachCode]
  0x000000010be814ec: 0100 40f9 | e003 01aa | c003 5fd6 
[/MachCode]

---------------  P R O C E S S  ---------------

Threads class SMR info:
_java_thread_list=0x00006000039e39e0, length=30, elements={
0x0000000127008200, 0x000000012583b600, 0x000000012583bc00, 0x0000000124810400,
0x000000012480e800, 0x000000012480ee00, 0x000000012583d200, 0x000000012583d800,
0x000000012583de00, 0x0000000124811400, 0x000000012586a400, 0x0000000125834600,
0x0000000123008200, 0x000000010311c600, 0x0000000123008800, 0x0000000125a1b200,
0x000000010311e000, 0x000000010315e000, 0x0000000125a2b000, 0x00000001270aa200,
0x00000001270e8a00, 0x00000001270e5e00, 0x0000000125a25a00, 0x000000012707a000,
0x0000000125aace00, 0x0000000103138800, 0x0000000124d7f000, 0x0000000124d7f600,
0x000000010313d600, 0x0000000124c7e400
}

Java Threads: ( => current thread )
  0x0000000127008200 JavaThread "main" [_thread_blocked, id=6147, stack(0x000000016d790000,0x000000016d993000)]
  0x000000012583b600 JavaThread "Reference Handler" daemon [_thread_blocked, id=17155, stack(0x000000016e5e4000,0x000000016e7e7000)]
  0x000000012583bc00 JavaThread "Finalizer" daemon [_thread_blocked, id=18435, stack(0x000000016e7f0000,0x000000016e9f3000)]
  0x0000000124810400 JavaThread "Signal Dispatcher" daemon [_thread_blocked, id=23043, stack(0x000000016eb14000,0x000000016ed17000)]
  0x000000012480e800 JavaThread "Service Thread" daemon [_thread_blocked, id=42499, stack(0x000000016ed20000,0x000000016ef23000)]
  0x000000012480ee00 JavaThread "Monitor Deflation Thread" daemon [_thread_blocked, id=23811, stack(0x000000016ef2c000,0x000000016f12f000)]
  0x000000012583d200 JavaThread "C2 CompilerThread0" daemon [_thread_blocked, id=24067, stack(0x000000016f138000,0x000000016f33b000)]
  0x000000012583d800 JavaThread "C1 CompilerThread0" daemon [_thread_blocked, id=41731, stack(0x000000016f344000,0x000000016f547000)]
  0x000000012583de00 JavaThread "Sweeper thread" daemon [_thread_blocked, id=24579, stack(0x000000016f550000,0x000000016f753000)]
  0x0000000124811400 JavaThread "Common-Cleaner" daemon [_thread_blocked, id=41219, stack(0x000000016f75c000,0x000000016f95f000)]
  0x000000012586a400 JavaThread "Monitor Ctrl-Break" daemon [_thread_in_native, id=40963, stack(0x000000016f968000,0x000000016fb6b000)]
  0x0000000125834600 JavaThread "Notification Thread" daemon [_thread_blocked, id=25347, stack(0x000000016fb74000,0x000000016fd77000)]
  0x0000000123008200 JavaThread "QuantumRenderer-0" daemon [_thread_blocked, id=40451, stack(0x0000000178004000,0x0000000178207000)]
=>0x000000010311c600 JavaThread "InvokeLaterDispatcher" daemon [_thread_in_native, id=28683, stack(0x0000000178210000,0x0000000178413000)]
  0x0000000123008800 JavaThread "JavaFX Application Thread" [_thread_in_native, id=259, stack(0x000000016cf08000,0x000000016d704000)]
  0x0000000125a1b200 JavaThread "JavaFX-Launcher" [_thread_blocked, id=50947, stack(0x0000000178740000,0x0000000178943000)]
  0x000000010311e000 JavaThread "RMI Scheduler(0)" daemon [_thread_blocked, id=56067, stack(0x0000000179388000,0x000000017958b000)]
  0x000000010315e000 JavaThread "RMI RenewClean-[192.168.1.25:59184]" daemon [_thread_blocked, id=73987, stack(0x0000000179594000,0x0000000179797000)]
  0x0000000125a2b000 JavaThread "RMI GC Daemon" daemon [_thread_blocked, id=56323, stack(0x00000001797a0000,0x00000001799a3000)]
  0x00000001270aa200 JavaThread "Thread-4" daemon [_thread_blocked, id=57091, stack(0x00000001799ac000,0x0000000179baf000)]
  0x00000001270e8a00 JavaThread "Attach Listener" daemon [_thread_blocked, id=71967, stack(0x000000017e3f4000,0x000000017e5f7000)]
  0x00000001270e5e00 JavaThread "Prism Font Disposer" daemon [_thread_blocked, id=59923, stack(0x000000017e600000,0x000000017e803000)]
  0x0000000125a25a00 JavaThread "Cleaner-0" daemon [_thread_blocked, id=60443, stack(0x000000017e80c000,0x000000017ea0f000)]
  0x000000012707a000 JavaThread "RMI TCP Accept-0" daemon [_thread_in_native, id=173079, stack(0x000000017f660000,0x000000017f863000)]
  0x0000000125aace00 JavaThread "RMI Reaper" [_thread_blocked, id=89611, stack(0x000000017f86c000,0x000000017fa6f000)]
  0x0000000103138800 JavaThread "RMI TCP Connection(1)-192.168.1.25" daemon [_thread_in_native, id=90115, stack(0x000000017fc84000,0x000000017fe87000)]
  0x0000000124d7f000 JavaThread "RMI RenewClean-[192.168.1.25:59191]" daemon [_thread_blocked, id=172547, stack(0x0000000280804000,0x0000000280a07000)]
  0x0000000124d7f600 JavaThread "RMI TCP Connection(2)-192.168.1.25" daemon [_thread_in_native, id=90627, stack(0x0000000280a10000,0x0000000280c13000)]
  0x000000010313d600 JavaThread "Thread-5" daemon [_thread_blocked, id=90887, stack(0x0000000280c1c000,0x0000000280e1f000)]
  0x0000000124c7e400 JavaThread "PulseTimer-CVDisplayLink thread" daemon [_thread_in_native, id=73643, stack(0x000000017841c000,0x000000017849f000)]

Other Threads:
  0x0000000126008fa0 VMThread "VM Thread" [stack: 0x000000016e3d8000,0x000000016e5db000] [id=18691]
  0x0000000126011860 WatcherThread [stack: 0x000000016fd80000,0x000000016ff83000] [id=25603]
  0x0000000102d04080 GCTaskThread "GC Thread#0" [stack: 0x000000016d99c000,0x000000016db9f000] [id=12547]
  0x000000012622ce50 GCTaskThread "GC Thread#1" [stack: 0x000000017894c000,0x0000000178b4f000] [id=55043]
  0x000000012622d100 GCTaskThread "GC Thread#2" [stack: 0x0000000178b58000,0x0000000178d5b000] [id=75523]
  0x0000000102d0eed0 GCTaskThread "GC Thread#3" [stack: 0x0000000178d64000,0x0000000178f67000] [id=55555]
  0x0000000102d0f4e0 GCTaskThread "GC Thread#4" [stack: 0x0000000178f70000,0x0000000179173000] [id=75011]
  0x0000000102d0f960 GCTaskThread "GC Thread#5" [stack: 0x000000017917c000,0x000000017937f000] [id=55811]
  0x00000001260349d0 GCTaskThread "GC Thread#6" [stack: 0x000000017ea18000,0x000000017ec1b000] [id=70659]
  0x0000000102d47470 GCTaskThread "GC Thread#7" [stack: 0x000000017ec24000,0x000000017ee27000] [id=60931]
  0x0000000102e042b0 ConcurrentGCThread "G1 Main Marker" [stack: 0x000000016dba8000,0x000000016ddab000] [id=19715]
  0x0000000102f04080 ConcurrentGCThread "G1 Conc#0" [stack: 0x000000016ddb4000,0x000000016dfb7000] [id=19459]
  0x00000001246671f0 ConcurrentGCThread "G1 Conc#1" [stack: 0x000000017fa78000,0x000000017fc7b000] [id=89859]
  0x0000000126005380 ConcurrentGCThread "G1 Refine#0" [stack: 0x000000016dfc0000,0x000000016e1c3000] [id=13827]
  0x00000001261099d0 ConcurrentGCThread "G1 Refine#1" [stack: 0x000000017ee30000,0x000000017f033000] [id=69891]
  0x000000012624d050 ConcurrentGCThread "G1 Refine#2" [stack: 0x000000017f03c000,0x000000017f23f000] [id=69123]
  0x0000000102f0df80 ConcurrentGCThread "G1 Refine#3" [stack: 0x000000017f248000,0x000000017f44b000] [id=68355]
  0x0000000102f0ed70 ConcurrentGCThread "G1 Refine#4" [stack: 0x000000017f454000,0x000000017f657000] [id=61443]
  0x0000000126005c20 ConcurrentGCThread "G1 Service" [stack: 0x000000016e1cc000,0x000000016e3cf000] [id=18947]

Threads with active compile tasks:

VM state: not at safepoint (normal execution)

VM Mutex/Monitor currently owned by a thread: None

Heap address: 0x0000000780000000, size: 2048 MB, Compressed Oops mode: Zero based, Oop shift amount: 3

CDS archive(s) mapped at: [0x0000000800000000-0x0000000800bd4000-0x0000000800bd4000), size 12402688, SharedBaseAddress: 0x0000000800000000, ArchiveRelocationMode: 0.
Compressed class space mapped at: 0x0000000800c00000-0x0000000840c00000, reserved size: 1073741824
Narrow klass base: 0x0000000800000000, Narrow klass shift: 0, Narrow klass range: 0x100000000

GC Precious Log:
 CPUs: 8 total, 8 available
 Memory: 8192M
 Large Page Support: Disabled
 NUMA Support: Disabled
 Compressed Oops: Enabled (Zero based)
 Heap Region Size: 1M
 Heap Min Capacity: 8M
 Heap Initial Capacity: 128M
 Heap Max Capacity: 2G
 Pre-touch: Disabled
 Parallel Workers: 8
 Concurrent Workers: 2
 Concurrent Refinement Workers: 8
 Periodic GC: Disabled

Heap:
 garbage-first heap   total 61440K, used 33928K [0x0000000780000000, 0x0000000800000000)
  region size 1024K, 26 young (26624K), 6 survivors (6144K)
 Metaspace       used 23078K, committed 23360K, reserved 1073152K
  class space    used 3211K, committed 3328K, reserved 1048576K

Heap Regions: E=young(eden), S=young(survivor), O=old, HS=humongous(starts), HC=humongous(continues), CS=collection set, F=free, OA=open archive, CA=closed archive, TAMS=top-at-mark-start (previous, next)
|   0|0x0000000780000000, 0x0000000780000000, 0x0000000780100000|  0%| F|  |TAMS 0x0000000780000000, 0x0000000780000000| Untracked 
|   1|0x0000000780100000, 0x0000000780100000, 0x0000000780200000|  0%| F|  |TAMS 0x0000000780100000, 0x0000000780100000| Untracked 
|   2|0x0000000780200000, 0x0000000780300000, 0x0000000780300000|100%| O|  |TAMS 0x0000000780300000, 0x0000000780200000| Untracked 
|   3|0x0000000780300000, 0x0000000780400000, 0x0000000780400000|100%| O|  |TAMS 0x0000000780400000, 0x0000000780300000| Untracked 
|   4|0x0000000780400000, 0x0000000780500000, 0x0000000780500000|100%| O|  |TAMS 0x00000007804e9600, 0x0000000780400000| Untracked 
|   5|0x0000000780500000, 0x0000000780500000, 0x0000000780600000|  0%| F|  |TAMS 0x0000000780500000, 0x0000000780500000| Untracked 
|   6|0x0000000780600000, 0x0000000780600000, 0x0000000780700000|  0%| F|  |TAMS 0x0000000780600000, 0x0000000780600000| Untracked 
|   7|0x0000000780700000, 0x0000000780700000, 0x0000000780800000|  0%| F|  |TAMS 0x0000000780700000, 0x0000000780700000| Untracked 
|   8|0x0000000780800000, 0x0000000780800000, 0x0000000780900000|  0%| F|  |TAMS 0x0000000780800000, 0x0000000780800000| Untracked 
|   9|0x0000000780900000, 0x0000000780900000, 0x0000000780a00000|  0%| F|  |TAMS 0x0000000780900000, 0x0000000780900000| Untracked 
|  10|0x0000000780a00000, 0x0000000780a00000, 0x0000000780b00000|  0%| F|  |TAMS 0x0000000780a00000, 0x0000000780a00000| Untracked 
|  11|0x0000000780b00000, 0x0000000780b00000, 0x0000000780c00000|  0%| F|  |TAMS 0x0000000780b00000, 0x0000000780b00000| Untracked 
|  12|0x0000000780c00000, 0x0000000780c00000, 0x0000000780d00000|  0%| F|  |TAMS 0x0000000780c00000, 0x0000000780c00000| Untracked 
|  13|0x0000000780d00000, 0x0000000780d00000, 0x0000000780e00000|  0%| F|  |TAMS 0x0000000780d00000, 0x0000000780d00000| Untracked 
|  14|0x0000000780e00000, 0x0000000780e00000, 0x0000000780f00000|  0%| F|  |TAMS 0x0000000780e00000, 0x0000000780e00000| Untracked 
|  15|0x0000000780f00000, 0x0000000780f00000, 0x0000000781000000|  0%| F|  |TAMS 0x0000000780f00000, 0x0000000780f00000| Untracked 
|  16|0x0000000781000000, 0x0000000781000000, 0x0000000781100000|  0%| F|  |TAMS 0x0000000781000000, 0x0000000781000000| Untracked 
|  17|0x0000000781100000, 0x0000000781100000, 0x0000000781200000|  0%| F|  |TAMS 0x0000000781100000, 0x0000000781100000| Untracked 
|  18|0x0000000781200000, 0x0000000781200000, 0x0000000781300000|  0%| F|  |TAMS 0x0000000781200000, 0x0000000781200000| Untracked 
|  19|0x0000000781300000, 0x0000000781300000, 0x0000000781400000|  0%| F|  |TAMS 0x0000000781300000, 0x0000000781300000| Untracked 
|  20|0x0000000781400000, 0x0000000781400000, 0x0000000781500000|  0%| F|  |TAMS 0x0000000781400000, 0x0000000781400000| Untracked 
|  21|0x0000000781500000, 0x0000000781500000, 0x0000000781600000|  0%| F|  |TAMS 0x0000000781500000, 0x0000000781500000| Untracked 
|  22|0x0000000781600000, 0x0000000781600000, 0x0000000781700000|  0%| F|  |TAMS 0x0000000781600000, 0x0000000781600000| Untracked 
|  23|0x0000000781700000, 0x0000000781700000, 0x0000000781800000|  0%| F|  |TAMS 0x0000000781700000, 0x0000000781700000| Untracked 
|  24|0x0000000781800000, 0x0000000781800000, 0x0000000781900000|  0%| F|  |TAMS 0x0000000781800000, 0x0000000781800000| Untracked 
|  25|0x0000000781900000, 0x0000000781900000, 0x0000000781a00000|  0%| F|  |TAMS 0x0000000781900000, 0x0000000781900000| Untracked 
|  26|0x0000000781a00000, 0x0000000781b00000, 0x0000000781b00000|100%| E|  |TAMS 0x0000000781a00000, 0x0000000781a00000| Complete 
|  27|0x0000000781b00000, 0x0000000781c00000, 0x0000000781c00000|100%| E|CS|TAMS 0x0000000781b00000, 0x0000000781b00000| Complete 
|  28|0x0000000781c00000, 0x0000000781d00000, 0x0000000781d00000|100%| E|CS|TAMS 0x0000000781c00000, 0x0000000781c00000| Complete 
|  29|0x0000000781d00000, 0x0000000781e00000, 0x0000000781e00000|100%| E|CS|TAMS 0x0000000781d00000, 0x0000000781d00000| Complete 
|  30|0x0000000781e00000, 0x0000000781f00000, 0x0000000781f00000|100%|HS|  |TAMS 0x0000000781f00000, 0x0000000781e00000| Complete 
|  31|0x0000000781f00000, 0x0000000782000000, 0x0000000782000000|100%|HC|  |TAMS 0x0000000782000000, 0x0000000781f00000| Complete 
|  32|0x0000000782000000, 0x0000000782100000, 0x0000000782100000|100%|HC|  |TAMS 0x0000000782100000, 0x0000000782000000| Complete 
|  33|0x0000000782100000, 0x0000000782200000, 0x0000000782200000|100%| O|  |TAMS 0x0000000782100000, 0x0000000782100000| Untracked 
|  34|0x0000000782200000, 0x0000000782300000, 0x0000000782300000|100%| O|  |TAMS 0x0000000782200000, 0x0000000782200000| Untracked 
|  35|0x0000000782300000, 0x0000000782316c00, 0x0000000782400000|  8%| O|  |TAMS 0x0000000782300000, 0x0000000782300000| Complete 
|  36|0x0000000782400000, 0x0000000782500000, 0x0000000782500000|100%| E|CS|TAMS 0x0000000782400000, 0x0000000782400000| Complete 
|  37|0x0000000782500000, 0x0000000782600000, 0x0000000782600000|100%| E|CS|TAMS 0x0000000782500000, 0x0000000782500000| Complete 
|  38|0x0000000782600000, 0x0000000782700000, 0x0000000782700000|100%| E|CS|TAMS 0x0000000782600000, 0x0000000782600000| Complete 
|  39|0x0000000782700000, 0x0000000782800000, 0x0000000782800000|100%| E|CS|TAMS 0x0000000782700000, 0x0000000782700000| Complete 
|  40|0x0000000782800000, 0x0000000782900000, 0x0000000782900000|100%| E|CS|TAMS 0x0000000782800000, 0x0000000782800000| Complete 
|  41|0x0000000782900000, 0x0000000782a00000, 0x0000000782a00000|100%| E|CS|TAMS 0x0000000782900000, 0x0000000782900000| Complete 
|  42|0x0000000782a00000, 0x0000000782b00000, 0x0000000782b00000|100%| E|CS|TAMS 0x0000000782a00000, 0x0000000782a00000| Complete 
|  43|0x0000000782b00000, 0x0000000782c00000, 0x0000000782c00000|100%| E|CS|TAMS 0x0000000782b00000, 0x0000000782b00000| Complete 
|  44|0x0000000782c00000, 0x0000000782d00000, 0x0000000782d00000|100%| E|CS|TAMS 0x0000000782c00000, 0x0000000782c00000| Complete 
|  45|0x0000000782d00000, 0x0000000782e00000, 0x0000000782e00000|100%| E|CS|TAMS 0x0000000782d00000, 0x0000000782d00000| Complete 
|  46|0x0000000782e00000, 0x0000000782f00000, 0x0000000782f00000|100%| E|CS|TAMS 0x0000000782e00000, 0x0000000782e00000| Complete 
|  47|0x0000000782f00000, 0x0000000783000000, 0x0000000783000000|100%| E|CS|TAMS 0x0000000782f00000, 0x0000000782f00000| Complete 
|  48|0x0000000783000000, 0x0000000783100000, 0x0000000783100000|100%| E|CS|TAMS 0x0000000783000000, 0x0000000783000000| Complete 
|  49|0x0000000783100000, 0x0000000783200000, 0x0000000783200000|100%| E|CS|TAMS 0x0000000783100000, 0x0000000783100000| Complete 
|  50|0x0000000783200000, 0x0000000783300000, 0x0000000783300000|100%| E|CS|TAMS 0x0000000783200000, 0x0000000783200000| Complete 
| 104|0x0000000786800000, 0x0000000786813400, 0x0000000786900000|  7%| S|CS|TAMS 0x0000000786800000, 0x0000000786800000| Complete 
| 105|0x0000000786900000, 0x0000000786a00000, 0x0000000786a00000|100%| S|CS|TAMS 0x0000000786900000, 0x0000000786900000| Complete 
| 106|0x0000000786a00000, 0x0000000786b00000, 0x0000000786b00000|100%| S|CS|TAMS 0x0000000786a00000, 0x0000000786a00000| Complete 
| 107|0x0000000786b00000, 0x0000000786c00000, 0x0000000786c00000|100%| S|CS|TAMS 0x0000000786b00000, 0x0000000786b00000| Complete 
| 108|0x0000000786c00000, 0x0000000786d00000, 0x0000000786d00000|100%| S|CS|TAMS 0x0000000786c00000, 0x0000000786c00000| Complete 
| 109|0x0000000786d00000, 0x0000000786e00000, 0x0000000786e00000|100%| S|CS|TAMS 0x0000000786d00000, 0x0000000786d00000| Complete 
| 127|0x0000000787f00000, 0x0000000788000000, 0x0000000788000000|100%| E|CS|TAMS 0x0000000787f00000, 0x0000000787f00000| Complete 
|2046|0x00000007ffe00000, 0x00000007ffe78000, 0x00000007fff00000| 46%|OA|  |TAMS 0x00000007ffe78000, 0x00000007ffe00000| Untracked 
|2047|0x00000007fff00000, 0x00000007fff80000, 0x0000000800000000| 50%|CA|  |TAMS 0x00000007fff80000, 0x00000007fff00000| Untracked 

Card table byte_map: [0x000000011b280000,0x000000011b680000] _byte_map_base: 0x0000000117680000

Marking Bits (Prev, Next): (CMBitMap*) 0x0000000126808a50, (CMBitMap*) 0x0000000126808a10
 Prev Bits: [0x000000011da80000, 0x000000011fa80000)
 Next Bits: [0x000000011ba80000, 0x000000011da80000)

Polling page: 0x0000000102934000

Metaspace:

Usage:
  Non-class:     19.40 MB used.
      Class:      3.14 MB used.
       Both:     22.54 MB used.

Virtual space:
  Non-class space:       24.00 MB reserved,      19.56 MB ( 82%) committed,  3 nodes.
      Class space:        1.00 GB reserved,       3.25 MB ( <1%) committed,  1 nodes.
             Both:        1.02 GB reserved,      22.81 MB (  2%) committed. 

Chunk freelists:
   Non-Class:  16.00 KB
       Class:  648.00 KB
        Both:  664.00 KB

MaxMetaspaceSize: unlimited
CompressedClassSpaceSize: 1.00 GB
Initial GC threshold: 21.00 MB
Current GC threshold: 35.25 MB
CDS: on
MetaspaceReclaimPolicy: balanced
 - commit_granule_bytes: 65536.
 - commit_granule_words: 8192.
 - virtual_space_node_default_size: 1048576.
 - enlarge_chunks_in_place: 1.
 - new_chunks_are_fully_committed: 0.
 - uncommit_free_chunks: 1.
 - use_allocation_guard: 0.
 - handle_deallocations: 1.


Internal statistics:

num_allocs_failed_limit: 3.
num_arena_births: 304.
num_arena_deaths: 0.
num_vsnodes_births: 4.
num_vsnodes_deaths: 0.
num_space_committed: 365.
num_space_uncommitted: 0.
num_chunks_returned_to_freelist: 3.
num_chunks_taken_from_freelist: 1024.
num_chunk_merges: 3.
num_chunk_splits: 748.
num_chunks_enlarged: 583.
num_purges: 0.
num_inconsistent_stats: 0.

CodeHeap 'non-profiled nmethods': size=120032Kb used=1515Kb max_used=1515Kb free=118516Kb
 bounds [0x0000000113948000, 0x0000000113bb8000, 0x000000011ae80000]
CodeHeap 'profiled nmethods': size=120016Kb used=8628Kb max_used=8628Kb free=111387Kb
 bounds [0x000000010c414000, 0x000000010cc84000, 0x0000000113948000]
CodeHeap 'non-nmethods': size=5712Kb used=1421Kb max_used=1476Kb free=4290Kb
 bounds [0x000000010be80000, 0x000000010c0f0000, 0x000000010c414000]
 total_blobs=4772 nmethods=3946 adapters=742
 compilation: enabled
              stopped_count=0, restarted_count=0
 full_count=0

Compilation events (20 events):
Event: 5.974 Thread 0x000000012583d800 nmethod 4061 0x000000010cc78910 code [0x000000010cc78b80, 0x000000010cc796a8]
Event: 5.974 Thread 0x000000012583d800 4060       3       javafx.css.converter.LadderConverter::convert (7 bytes)
Event: 5.974 Thread 0x000000012583d800 nmethod 4060 0x000000010cc79a10 code [0x000000010cc79bc0, 0x000000010cc79d58]
Event: 5.974 Thread 0x000000012583d800 4063       1       javafx.scene.paint.LinearGradient::isOpaque (5 bytes)
Event: 5.974 Thread 0x000000012583d800 nmethod 4063 0x0000000113abfd90 code [0x0000000113abff00, 0x0000000113abffe8]
Event: 5.974 Thread 0x000000012583d800 4065       3       com.sun.javafx.geom.RectBounds::contains (70 bytes)
Event: 5.974 Thread 0x000000012583d200 nmethod 4062 0x0000000113ac0090 code [0x0000000113ac0240, 0x0000000113ac0330]
Event: 5.974 Thread 0x000000012583d200 4064       4       javafx.scene.Node::getLocalBounds (162 bytes)
Event: 5.974 Thread 0x000000012583d800 nmethod 4065 0x000000010cc79e10 code [0x000000010cc7a000, 0x000000010cc7a528]
Event: 5.974 Thread 0x000000012583d800 4066       3       com.sun.javafx.geom.BoxBounds::flattenInto (46 bytes)
Event: 5.974 Thread 0x000000012583d800 nmethod 4066 0x000000010cc7a610 code [0x000000010cc7a800, 0x000000010cc7ad18]
Event: 5.974 Thread 0x000000012583d800 4067       3       com.sun.javafx.geom.BoxBounds::isEmpty (42 bytes)
Event: 5.974 Thread 0x000000012583d800 nmethod 4067 0x000000010cc7af10 code [0x000000010cc7b0c0, 0x000000010cc7b2e8]
Event: 5.975 Thread 0x000000012583d800 4068       1       javafx.util.Pair::getKey (5 bytes)
Event: 5.975 Thread 0x000000012583d800 nmethod 4068 0x0000000113ac0410 code [0x0000000113ac0580, 0x0000000113ac0668]
Event: 5.976 Thread 0x000000012583d800 4069       3       com.sun.prism.impl.ManagedResource::isLocked (13 bytes)
Event: 5.976 Thread 0x000000012583d800 nmethod 4069 0x000000010cc7b390 code [0x000000010cc7b540, 0x000000010cc7b6e8]
Event: 5.976 Thread 0x000000012583d800 4070       3       com.sun.prism.impl.ManagedResource::bumpAge (18 bytes)
Event: 5.976 Thread 0x000000012583d800 nmethod 4070 0x000000010cc7b790 code [0x000000010cc7b940, 0x000000010cc7baa8]
Event: 5.980 Thread 0x000000012583d200 nmethod 4064 0x0000000113ac0710 code [0x0000000113ac0a80, 0x0000000113ac1950]

GC Heap History (6 events):
Event: 0.588 GC heap before
{Heap before GC invocations=0 (full 0):
 garbage-first heap   total 133120K, used 23520K [0x0000000780000000, 0x0000000800000000)
  region size 1024K, 23 young (23552K), 0 survivors (0K)
 Metaspace       used 5294K, committed 5440K, reserved 1056768K
  class space    used 658K, committed 704K, reserved 1048576K
}
Event: 0.590 GC heap after
{Heap after GC invocations=1 (full 0):
 garbage-first heap   total 133120K, used 3831K [0x0000000780000000, 0x0000000800000000)
  region size 1024K, 3 young (3072K), 3 survivors (3072K)
 Metaspace       used 5294K, committed 5440K, reserved 1056768K
  class space    used 658K, committed 704K, reserved 1048576K
}
Event: 1.303 GC heap before
{Heap before GC invocations=1 (full 0):
 garbage-first heap   total 133120K, used 49911K [0x0000000780000000, 0x0000000800000000)
  region size 1024K, 46 young (47104K), 3 survivors (3072K)
 Metaspace       used 17331K, committed 17664K, reserved 1064960K
  class space    used 2658K, committed 2816K, reserved 1048576K
}
Event: 1.312 GC heap after
{Heap after GC invocations=2 (full 0):
 garbage-first heap   total 133120K, used 12165K [0x0000000780000000, 0x0000000800000000)
  region size 1024K, 6 young (6144K), 6 survivors (6144K)
 Metaspace       used 17331K, committed 17664K, reserved 1064960K
  class space    used 2658K, committed 2816K, reserved 1048576K
}
Event: 3.908 GC heap before
{Heap before GC invocations=2 (full 0):
 garbage-first heap   total 133120K, used 57221K [0x0000000780000000, 0x0000000800000000)
  region size 1024K, 24 young (24576K), 6 survivors (6144K)
 Metaspace       used 21221K, committed 21504K, reserved 1073152K
  class space    used 3051K, committed 3200K, reserved 1048576K
}
Event: 3.911 GC heap after
{Heap after GC invocations=3 (full 0):
 garbage-first heap   total 133120K, used 14472K [0x0000000780000000, 0x0000000800000000)
  region size 1024K, 6 young (6144K), 6 survivors (6144K)
 Metaspace       used 21221K, committed 21504K, reserved 1073152K
  class space    used 3051K, committed 3200K, reserved 1048576K
}

Deoptimization events (20 events):
Event: 4.859 Thread 0x0000000123008800 DEOPT PACKING pc=0x000000010c9531fc sp=0x000000016d6f82c0
Event: 4.859 Thread 0x0000000123008800 DEOPT UNPACKING pc=0x000000010bebeb7c sp=0x000000016d6f7f50 mode 0
Event: 4.860 Thread 0x0000000123008800 DEOPT PACKING pc=0x000000010c9531fc sp=0x000000016d6f7f00
Event: 4.860 Thread 0x0000000123008800 DEOPT UNPACKING pc=0x000000010bebeb7c sp=0x000000016d6f7b90 mode 0
Event: 4.861 Thread 0x0000000123008800 DEOPT PACKING pc=0x000000010c9531fc sp=0x000000016d6f8240
Event: 4.861 Thread 0x0000000123008800 DEOPT UNPACKING pc=0x000000010bebeb7c sp=0x000000016d6f7ed0 mode 0
Event: 4.863 Thread 0x0000000123008800 DEOPT PACKING pc=0x000000010c9531fc sp=0x000000016d6f7d10
Event: 4.863 Thread 0x0000000123008800 DEOPT UNPACKING pc=0x000000010bebeb7c sp=0x000000016d6f79a0 mode 0
Event: 4.864 Thread 0x0000000123008800 DEOPT PACKING pc=0x000000010c9531fc sp=0x000000016d6f7fa0
Event: 4.864 Thread 0x0000000123008800 DEOPT UNPACKING pc=0x000000010bebeb7c sp=0x000000016d6f7c30 mode 0
Event: 4.866 Thread 0x0000000123008800 DEOPT PACKING pc=0x000000010c9531fc sp=0x000000016d6f7d10
Event: 4.866 Thread 0x0000000123008800 DEOPT UNPACKING pc=0x000000010bebeb7c sp=0x000000016d6f79a0 mode 0
Event: 4.867 Thread 0x0000000123008800 DEOPT PACKING pc=0x000000010c9531fc sp=0x000000016d6f7910
Event: 4.867 Thread 0x0000000123008800 DEOPT UNPACKING pc=0x000000010bebeb7c sp=0x000000016d6f75a0 mode 0
Event: 4.868 Thread 0x0000000123008800 DEOPT PACKING pc=0x000000010c9531fc sp=0x000000016d6f8400
Event: 4.868 Thread 0x0000000123008800 DEOPT UNPACKING pc=0x000000010bebeb7c sp=0x000000016d6f8090 mode 0
Event: 4.870 Thread 0x0000000123008800 DEOPT PACKING pc=0x000000010c9531fc sp=0x000000016d6f7d10
Event: 4.870 Thread 0x0000000123008800 DEOPT UNPACKING pc=0x000000010bebeb7c sp=0x000000016d6f79a0 mode 0
Event: 5.023 Thread 0x0000000123008200 DEOPT PACKING pc=0x000000010cb8b4fc sp=0x0000000178205210
Event: 5.023 Thread 0x0000000123008200 DEOPT UNPACKING pc=0x000000010bebeb7c sp=0x0000000178204ea0 mode 0

Classes unloaded (0 events):
No events

Classes redefined (0 events):
No events

Internal exceptions (20 events):
Event: 4.804 Thread 0x0000000123008800 Exception <a 'java/io/FileNotFoundException'{0x000000078250c9b8}> (0x000000078250c9b8) 
thrown [open/src/hotspot/share/prims/jni.cpp, line 516]
Event: 4.804 Thread 0x0000000123008800 Exception <a 'java/io/FileNotFoundException'{0x000000078250ebd0}> (0x000000078250ebd0) 
thrown [open/src/hotspot/share/prims/jni.cpp, line 516]
Event: 4.804 Thread 0x0000000123008800 Exception <a 'java/io/FileNotFoundException'{0x000000078250f990}> (0x000000078250f990) 
thrown [open/src/hotspot/share/prims/jni.cpp, line 516]
Event: 4.805 Thread 0x0000000123008800 Exception <a 'java/io/FileNotFoundException'{0x0000000782511ba8}> (0x0000000782511ba8) 
thrown [open/src/hotspot/share/prims/jni.cpp, line 516]
Event: 4.805 Thread 0x0000000123008800 Exception <a 'java/io/FileNotFoundException'{0x0000000782512968}> (0x0000000782512968) 
thrown [open/src/hotspot/share/prims/jni.cpp, line 516]
Event: 4.805 Thread 0x0000000123008800 Exception <a 'java/io/FileNotFoundException'{0x0000000782514b80}> (0x0000000782514b80) 
thrown [open/src/hotspot/share/prims/jni.cpp, line 516]
Event: 4.805 Thread 0x0000000123008800 Exception <a 'java/io/FileNotFoundException'{0x0000000782515940}> (0x0000000782515940) 
thrown [open/src/hotspot/share/prims/jni.cpp, line 516]
Event: 4.805 Thread 0x0000000123008800 Exception <a 'java/io/FileNotFoundException'{0x0000000782517b58}> (0x0000000782517b58) 
thrown [open/src/hotspot/share/prims/jni.cpp, line 516]
Event: 4.805 Thread 0x0000000123008800 Exception <a 'java/io/FileNotFoundException'{0x0000000782518918}> (0x0000000782518918) 
thrown [open/src/hotspot/share/prims/jni.cpp, line 516]
Event: 4.805 Thread 0x0000000124d7f600 Exception <a 'java/lang/NoSuchMethodError'{0x0000000783019308}: static Lfr/playcards/cardgame/card/FF8Card;.<clinit>()V> (0x0000000783019308) 
thrown [open/src/hotspot/share/prims/jni.cpp, line 1107]
Event: 4.806 Thread 0x0000000123008800 Exception <a 'java/io/FileNotFoundException'{0x000000078251e8a8}> (0x000000078251e8a8) 
thrown [open/src/hotspot/share/prims/jni.cpp, line 516]
Event: 4.814 Thread 0x0000000123008800 Exception <a 'java/io/FileNotFoundException'{0x00000007825515c0}> (0x00000007825515c0) 
thrown [open/src/hotspot/share/prims/jni.cpp, line 516]
Event: 4.814 Thread 0x0000000123008800 Exception <a 'java/io/FileNotFoundException'{0x000000078255ed38}> (0x000000078255ed38) 
thrown [open/src/hotspot/share/prims/jni.cpp, line 516]
Event: 4.814 Thread 0x0000000123008800 Exception <a 'java/io/FileNotFoundException'{0x000000078256c4b0}> (0x000000078256c4b0) 
thrown [open/src/hotspot/share/prims/jni.cpp, line 516]
Event: 4.815 Thread 0x0000000123008800 Exception <a 'java/io/FileNotFoundException'{0x0000000782579c28}> (0x0000000782579c28) 
thrown [open/src/hotspot/share/prims/jni.cpp, line 516]
Event: 4.816 Thread 0x0000000123008800 Exception <a 'java/io/FileNotFoundException'{0x000000078258ce00}> (0x000000078258ce00) 
thrown [open/src/hotspot/share/prims/jni.cpp, line 516]
Event: 4.817 Thread 0x0000000123008800 Exception <a 'java/io/FileNotFoundException'{0x000000078259a570}> (0x000000078259a570) 
thrown [open/src/hotspot/share/prims/jni.cpp, line 516]
Event: 4.817 Thread 0x0000000123008800 Exception <a 'java/io/FileNotFoundException'{0x00000007825a7cf0}> (0x00000007825a7cf0) 
thrown [open/src/hotspot/share/prims/jni.cpp, line 516]
Event: 4.818 Thread 0x0000000123008800 Exception <a 'java/io/FileNotFoundException'{0x00000007825b5468}> (0x00000007825b5468) 
thrown [open/src/hotspot/share/prims/jni.cpp, line 516]
Event: 4.818 Thread 0x0000000123008800 Exception <a 'java/io/FileNotFoundException'{0x00000007825c2bf0}> (0x00000007825c2bf0) 
thrown [open/src/hotspot/share/prims/jni.cpp, line 516]

VM Operations (20 events):
Event: 3.908 Executing VM operation: CollectForMetadataAllocation
Event: 3.911 Executing VM operation: CollectForMetadataAllocation done
Event: 3.913 Executing VM operation: HandshakeAllThreads
Event: 3.913 Executing VM operation: HandshakeAllThreads done
Event: 3.916 Executing VM operation: G1Concurrent
Event: 3.917 Executing VM operation: G1Concurrent done
Event: 3.918 Executing VM operation: G1Concurrent
Event: 3.918 Executing VM operation: G1Concurrent done
Event: 3.925 Executing VM operation: HandshakeAllThreads
Event: 3.925 Executing VM operation: HandshakeAllThreads done
Event: 3.980 Executing VM operation: ICBufferFull
Event: 3.980 Executing VM operation: ICBufferFull done
Event: 4.014 Executing VM operation: ICBufferFull
Event: 4.014 Executing VM operation: ICBufferFull done
Event: 4.794 Executing VM operation: ICBufferFull
Event: 4.794 Executing VM operation: ICBufferFull done
Event: 4.857 Executing VM operation: ICBufferFull
Event: 4.857 Executing VM operation: ICBufferFull done
Event: 5.088 Executing VM operation: ICBufferFull
Event: 5.088 Executing VM operation: ICBufferFull done

Events (20 events):
Event: 4.787 loading class java/lang/Label done
Event: 4.787 loading class java/util/Label
Event: 4.787 loading class java/util/Label done
Event: 4.791 loading class java/lang/HBox
Event: 4.791 loading class java/lang/HBox done
Event: 4.791 loading class java/util/HBox
Event: 4.791 loading class java/util/HBox done
Event: 4.803 loading class java/io/SequenceInputStream
Event: 4.803 loading class java/io/SequenceInputStream done
Event: 4.807 loading class java/util/Vector$1
Event: 4.807 loading class java/util/Vector$1 done
Event: 4.812 Loaded shared library /Users/endyyu/.openjfx/cache/17.0.1/libjavafx_iio.dylib
Event: 4.819 Thread 0x000000010313d600 Thread added: 0x000000010313d600
Event: 4.819 Protecting memory [0x0000000280c1c000,0x0000000280c28000] with protection modes 0
Event: 5.524 Protecting memory [0x000000017841c000,0x0000000178428000] with protection modes 3
Event: 5.524 Thread 0x0000000127098600 Thread exited: 0x0000000127098600
Event: 5.790 Protecting memory [0x000000017841c000,0x0000000178428000] with protection modes 0
Event: 5.790 Thread 0x0000000124c7e400 Thread added: 0x0000000124c7e400
Event: 5.825 loading class java/util/HashMap$UnsafeHolder
Event: 5.825 loading class java/util/HashMap$UnsafeHolder done


Dynamic libraries:
0x0000000102830000 	/Library/Java/JavaVirtualMachines/jdk-17.0.1.jdk/Contents/Home/lib/libjli.dylib
0x00000001bb84b000 	/usr/lib/libz.1.dylib
0x00000001bb8fb000 	/usr/lib/libSystem.B.dylib
0x00000001bb8f5000 	/usr/lib/system/libcache.dylib
0x00000001bb8b3000 	/usr/lib/system/libcommonCrypto.dylib
0x00000001bb8dc000 	/usr/lib/system/libcompiler_rt.dylib
0x00000001bb8d3000 	/usr/lib/system/libcopyfile.dylib
0x00000001b0c3e000 	/usr/lib/system/libcorecrypto.dylib
0x00000001b0ce3000 	/usr/lib/system/libdispatch.dylib
0x00000001b0eab000 	/usr/lib/system/libdyld.dylib
0x00000001bb8eb000 	/usr/lib/system/libkeymgr.dylib
0x00000001bb895000 	/usr/lib/system/libmacho.dylib
0x00000001baf99000 	/usr/lib/system/libquarantine.dylib
0x00000001bb8e8000 	/usr/lib/system/libremovefile.dylib
0x00000001b603a000 	/usr/lib/system/libsystem_asl.dylib
0x00000001b0be8000 	/usr/lib/system/libsystem_blocks.dylib
0x00000001b0d69000 	/usr/lib/system/libsystem_c.dylib
0x00000001bb8e0000 	/usr/lib/system/libsystem_collections.dylib
0x00000001ba458000 	/usr/lib/system/libsystem_configuration.dylib
0x00000001b96dc000 	/usr/lib/system/libsystem_containermanager.dylib
0x00000001bb5fc000 	/usr/lib/system/libsystem_coreservices.dylib
0x00000001b35cf000 	/usr/lib/system/libsystem_darwin.dylib
0x00000001bb8ec000 	/usr/lib/system/libsystem_dnssd.dylib
0x00000001b0d66000 	/usr/lib/system/libsystem_featureflags.dylib
0x00000001b0ec0000 	/usr/lib/system/libsystem_info.dylib
0x00000001bb85d000 	/usr/lib/system/libsystem_m.dylib
0x00000001b0cb8000 	/usr/lib/system/libsystem_malloc.dylib
0x00000001b5fcb000 	/usr/lib/system/libsystem_networkextension.dylib
0x00000001b3a23000 	/usr/lib/system/libsystem_notify.dylib
0x00000001c1b01000 	/usr/lib/system/libsystem_product_info_filter.dylib
0x00000001ba45d000 	/usr/lib/system/libsystem_sandbox.dylib
0x00000001bb8e5000 	/usr/lib/system/libsystem_secinit.dylib
0x00000001b0e68000 	/usr/lib/system/libsystem_kernel.dylib
0x00000001b0eb8000 	/usr/lib/system/libsystem_platform.dylib
0x00000001b0e9e000 	/usr/lib/system/libsystem_pthread.dylib
0x00000001b7774000 	/usr/lib/system/libsystem_symptoms.dylib
0x00000001b0c24000 	/usr/lib/system/libsystem_trace.dylib
0x00000001bb8c0000 	/usr/lib/system/libunwind.dylib
0x00000001b0bea000 	/usr/lib/system/libxpc.dylib
0x00000001b0e4e000 	/usr/lib/libc++abi.dylib
0x00000001b0d2a000 	/usr/lib/libobjc.A.dylib
0x00000001bb8cb000 	/usr/lib/liboah.dylib
0x00000001b0dea000 	/usr/lib/libc++.1.dylib
0x00000001c74fc000 	/System/Library/Frameworks/Cocoa.framework/Versions/A/Cocoa
0x00000001b3a83000 	/System/Library/Frameworks/AppKit.framework/Versions/C/AppKit
0x00000001b6fb3000 	/System/Library/Frameworks/CoreData.framework/Versions/A/CoreData
0x00000001b1de0000 	/System/Library/Frameworks/Foundation.framework/Versions/C/Foundation
0x00000001b4937000 	/System/Library/PrivateFrameworks/UIFoundation.framework/Versions/A/UIFoundation
0x00000001c17fb000 	/System/Library/PrivateFrameworks/RemoteViewServices.framework/Versions/A/RemoteViewServices
0x00000001b9e16000 	/System/Library/PrivateFrameworks/XCTTargetBootstrap.framework/Versions/A/XCTTargetBootstrap
0x00000001bd5fc000 	/System/Library/PrivateFrameworks/InternationalSupport.framework/Versions/A/InternationalSupport
0x00000001bd685000 	/System/Library/PrivateFrameworks/UserActivity.framework/Versions/A/UserActivity
0x00000001bcb2a000 	/usr/lib/libspindump.dylib
0x00000001b4ba7000 	/System/Library/Frameworks/UniformTypeIdentifiers.framework/Versions/A/UniformTypeIdentifiers
0x00000001b83a3000 	/usr/lib/libapp_launch_measurement.dylib
0x00000001b791b000 	/System/Library/PrivateFrameworks/CoreAnalytics.framework/Versions/A/CoreAnalytics
0x00000001b83a6000 	/System/Library/PrivateFrameworks/CoreAutoLayout.framework/Versions/A/CoreAutoLayout
0x00000001b9719000 	/System/Library/Frameworks/Metal.framework/Versions/A/Metal
0x00000001ba468000 	/usr/lib/liblangid.dylib
0x00000001b9e1a000 	/System/Library/PrivateFrameworks/CoreSVG.framework/Versions/A/CoreSVG
0x00000001b606e000 	/System/Library/PrivateFrameworks/SkyLight.framework/Versions/A/SkyLight
0x00000001b6438000 	/System/Library/Frameworks/CoreGraphics.framework/Versions/A/CoreGraphics
0x00000001c1e78000 	/System/Library/Frameworks/Accelerate.framework/Versions/A/Accelerate
0x00000001bc59e000 	/System/Library/PrivateFrameworks/IconServices.framework/Versions/A/IconServices
0x00000001b96fb000 	/System/Library/Frameworks/IOSurface.framework/Versions/A/IOSurface
0x00000001b794b000 	/usr/lib/libDiagnosticMessagesClient.dylib
0x00000001c52bf000 	/System/Library/Frameworks/ApplicationServices.framework/Versions/A/ApplicationServices
0x00000001b9dfe000 	/System/Library/PrivateFrameworks/DFRFoundation.framework/Versions/A/DFRFoundation
0x00000001b3324000 	/usr/lib/libicucore.A.dylib
0x00000001be3fd000 	/System/Library/Frameworks/AudioToolbox.framework/Versions/A/AudioToolbox
0x00000001bd608000 	/System/Library/PrivateFrameworks/DataDetectorsCore.framework/Versions/A/DataDetectorsCore
0x00000001d373a000 	/System/Library/PrivateFrameworks/TextInput.framework/Versions/A/TextInput
0x00000001b5fe5000 	/usr/lib/libMobileGestalt.dylib
0x00000001b9ace000 	/System/Library/Frameworks/Carbon.framework/Versions/A/Frameworks/HIToolbox.framework/Versions/A/HIToolbox
0x00000001b7dac000 	/System/Library/Frameworks/QuartzCore.framework/Versions/A/QuartzCore
0x00000001b2fa1000 	/System/Library/Frameworks/Security.framework/Versions/A/Security
0x00000001c183b000 	/System/Library/Frameworks/Carbon.framework/Versions/A/Frameworks/SpeechRecognition.framework/Versions/A/SpeechRecognition
0x00000001b80fa000 	/System/Library/PrivateFrameworks/CoreUI.framework/Versions/A/CoreUI
0x00000001b2872000 	/System/Library/Frameworks/CoreAudio.framework/Versions/A/CoreAudio
0x00000001b7a3f000 	/System/Library/Frameworks/DiskArbitration.framework/Versions/A/DiskArbitration
0x00000001bcf0f000 	/System/Library/PrivateFrameworks/MultitouchSupport.framework/Versions/A/MultitouchSupport
0x00000001b5fe3000 	/usr/lib/libenergytrace.dylib
0x00000001b394d000 	/System/Library/Frameworks/IOKit.framework/Versions/A/IOKit
0x00000001c1c24000 	/System/Library/Frameworks/CoreServices.framework/Versions/A/CoreServices
0x00000001b8333000 	/System/Library/PrivateFrameworks/PerformanceAnalysis.framework/Versions/A/PerformanceAnalysis
0x00000002122ad000 	/System/Library/Frameworks/OpenGL.framework/Versions/A/OpenGL
0x00000001baeb9000 	/System/Library/PrivateFrameworks/MobileKeyBag.framework/Versions/A/MobileKeyBag
0x00000001b6a48000 	/System/Library/Frameworks/ColorSync.framework/Versions/A/ColorSync
0x00000001b0eec000 	/System/Library/Frameworks/CoreFoundation.framework/Versions/A/CoreFoundation
0x00000001ba09b000 	/System/Library/Frameworks/CoreImage.framework/Versions/A/CoreImage
0x00000001b2695000 	/System/Library/Frameworks/CoreText.framework/Versions/A/CoreText
0x00000001b9e4a000 	/System/Library/Frameworks/ImageIO.framework/Versions/A/ImageIO
0x00000001bb901000 	/System/Library/PrivateFrameworks/SoftLinking.framework/Versions/A/SoftLinking
0x00000001b83f0000 	/usr/lib/libxml2.2.dylib
0x00000001bbb9a000 	/usr/lib/libcompression.dylib
0x00000001bd555000 	/System/Library/PrivateFrameworks/TextureIO.framework/Versions/A/TextureIO
0x00000001bc2b8000 	/usr/lib/libate.dylib
0x00000001bc180000 	/usr/lib/liblzma.5.dylib
0x00000001b1ad4000 	/System/Library/Frameworks/SystemConfiguration.framework/Versions/A/SystemConfiguration
0x00000001bb8fd000 	/usr/lib/libfakelink.dylib
0x00000001b5b12000 	/System/Library/Frameworks/CFNetwork.framework/Versions/A/CFNetwork
0x00000001bba44000 	/usr/lib/libarchive.2.dylib
0x00000001ba464000 	/System/Library/PrivateFrameworks/AppleSystemInfo.framework/Versions/A/AppleSystemInfo
0x00000001bafc4000 	/usr/lib/libbsm.0.dylib
0x00000001b504a000 	/usr/lib/libnetwork.dylib
0x00000001bb89b000 	/usr/lib/system/libkxld.dylib
0x00000001babdb000 	/System/Library/PrivateFrameworks/IOMobileFramebuffer.framework/Versions/A/IOMobileFramebuffer
0x000000022e012000 	/usr/lib/libCoreEntitlements.dylib
0x00000001bb5de000 	/System/Library/PrivateFrameworks/AppleFSCompression.framework/Versions/A/AppleFSCompression
0x00000001bafac000 	/usr/lib/libcoretls.dylib
0x00000001bc199000 	/usr/lib/libcoretls_cfhelpers.dylib
0x00000001bbb95000 	/usr/lib/libpam.2.dylib
0x00000001b739c000 	/usr/lib/libsqlite3.dylib
0x00000001bc201000 	/usr/lib/libxar.1.dylib
0x00000001bb5ef000 	/usr/lib/libbz2.1.0.dylib
0x00000001bb902000 	/usr/lib/libpcap.A.dylib
0x00000001b776b000 	/usr/lib/libdns_services.dylib
0x00000001bbb68000 	/usr/lib/libapple_nghttp2.dylib
0x00000001bb93f000 	/usr/lib/libiconv.2.dylib
0x00000001bb894000 	/usr/lib/libcharset.1.dylib
0x00000001b836f000 	/System/Library/Frameworks/CoreServices.framework/Versions/A/Frameworks/FSEvents.framework/Versions/A/FSEvents
0x00000001b35da000 	/System/Library/Frameworks/CoreServices.framework/Versions/A/Frameworks/CarbonCore.framework/Versions/A/CarbonCore
0x00000001b79a2000 	/System/Library/Frameworks/CoreServices.framework/Versions/A/Frameworks/Metadata.framework/Versions/A/Metadata
0x00000001bb602000 	/System/Library/Frameworks/CoreServices.framework/Versions/A/Frameworks/OSServices.framework/Versions/A/OSServices
0x00000001bbaca000 	/System/Library/Frameworks/CoreServices.framework/Versions/A/Frameworks/SearchKit.framework/Versions/A/SearchKit
0x00000001b76f9000 	/System/Library/Frameworks/CoreServices.framework/Versions/A/Frameworks/AE.framework/Versions/A/AE
0x00000001b1430000 	/System/Library/Frameworks/CoreServices.framework/Versions/A/Frameworks/LaunchServices.framework/Versions/A/LaunchServices
0x00000001bc129000 	/System/Library/Frameworks/CoreServices.framework/Versions/A/Frameworks/DictionaryServices.framework/Versions/A/DictionaryServices
0x00000001b837c000 	/System/Library/Frameworks/CoreServices.framework/Versions/A/Frameworks/SharedFileList.framework/Versions/A/SharedFileList
0x00000001baf9c000 	/usr/lib/libCheckFix.dylib
0x00000001b6052000 	/System/Library/PrivateFrameworks/TCC.framework/Versions/A/TCC
0x00000001ba46a000 	/System/Library/PrivateFrameworks/CoreNLP.framework/Versions/A/CoreNLP
0x00000001b794e000 	/System/Library/PrivateFrameworks/MetadataUtilities.framework/Versions/A/MetadataUtilities
0x00000001b1b8d000 	/usr/lib/libmecabra.dylib
0x00000001bafd5000 	/usr/lib/libmecab.dylib
0x00000001b1b59000 	/usr/lib/libCRFSuite.dylib
0x00000001bb033000 	/usr/lib/libgermantok.dylib
0x00000001bbb41000 	/usr/lib/libThaiTokenizer.dylib
0x00000001b7a47000 	/System/Library/Frameworks/Accelerate.framework/Versions/A/Frameworks/vImage.framework/Versions/A/vImage
0x00000001c1bfb000 	/System/Library/Frameworks/Accelerate.framework/Versions/A/Frameworks/vecLib.framework/Versions/A/vecLib
0x00000001bc245000 	/System/Library/Frameworks/Accelerate.framework/Versions/A/Frameworks/vecLib.framework/Versions/A/libvMisc.dylib
0x00000001baae5000 	/System/Library/Frameworks/Accelerate.framework/Versions/A/Frameworks/vecLib.framework/Versions/A/libvDSP.dylib
0x00000001b17b3000 	/System/Library/Frameworks/Accelerate.framework/Versions/A/Frameworks/vecLib.framework/Versions/A/libBLAS.dylib
0x00000001bbc69000 	/System/Library/Frameworks/Accelerate.framework/Versions/A/Frameworks/vecLib.framework/Versions/A/libLAPACK.dylib
0x00000001bb036000 	/System/Library/Frameworks/Accelerate.framework/Versions/A/Frameworks/vecLib.framework/Versions/A/libLinearAlgebra.dylib
0x00000001bbb80000 	/System/Library/Frameworks/Accelerate.framework/Versions/A/Frameworks/vecLib.framework/Versions/A/libSparseBLAS.dylib
0x00000001bbc64000 	/System/Library/Frameworks/Accelerate.framework/Versions/A/Frameworks/vecLib.framework/Versions/A/libQuadrature.dylib
0x00000001ba561000 	/System/Library/Frameworks/Accelerate.framework/Versions/A/Frameworks/vecLib.framework/Versions/A/libBNNS.dylib
0x00000001b1a71000 	/System/Library/Frameworks/Accelerate.framework/Versions/A/Frameworks/vecLib.framework/Versions/A/libSparse.dylib
0x00000001ba559000 	/System/Library/PrivateFrameworks/LinguisticData.framework/Versions/A/LinguisticData
0x00000001b1a27000 	/System/Library/PrivateFrameworks/Lexicon.framework/Versions/A/Lexicon
0x00000001bc23d000 	/usr/lib/libChineseTokenizer.dylib
0x00000001b21ce000 	/System/Library/PrivateFrameworks/LanguageModeling.framework/Versions/A/LanguageModeling
0x00000001bbb43000 	/System/Library/PrivateFrameworks/AppleSauce.framework/Versions/A/AppleSauce
0x00000001babc8000 	/System/Library/PrivateFrameworks/CoreEmoji.framework/Versions/A/CoreEmoji
0x00000001bba32000 	/usr/lib/libcmph.dylib
0x00000001b834f000 	/System/Library/Frameworks/OpenDirectory.framework/Versions/A/Frameworks/CFOpenDirectory.framework/Versions/A/CFOpenDirectory
0x00000001b833f000 	/System/Library/Frameworks/OpenDirectory.framework/Versions/A/OpenDirectory
0x00000001bc19b000 	/System/Library/PrivateFrameworks/APFS.framework/Versions/A/APFS
0x00000001baef4000 	/System/Library/Frameworks/SecurityFoundation.framework/Versions/A/SecurityFoundation
0x00000001bc20f000 	/usr/lib/libutil.dylib
0x00000001b390f000 	/System/Library/PrivateFrameworks/CoreServicesStore.framework/Versions/A/CoreServicesStore
0x00000001bc213000 	/usr/lib/libxslt.1.dylib
0x00000001baf88000 	/System/Library/PrivateFrameworks/BackgroundTaskManagement.framework/Versions/A/BackgroundTaskManagement
0x00000001bd476000 	/System/Library/Frameworks/ImageIO.framework/Versions/A/Resources/libRadiance.dylib
0x00000001bd47f000 	/System/Library/Frameworks/ImageIO.framework/Versions/A/Resources/libJPEG.dylib
0x00000001bd3d1000 	/System/Library/Frameworks/ImageIO.framework/Versions/A/Resources/libPng.dylib
0x00000001bd3f3000 	/System/Library/Frameworks/ImageIO.framework/Versions/A/Resources/libTIFF.dylib
0x00000001bd4da000 	/System/Library/Frameworks/ImageIO.framework/Versions/A/Resources/libGIF.dylib
0x00000001bce1f000 	/System/Library/Frameworks/ImageIO.framework/Versions/A/Resources/libJP2.dylib
0x00000001bc564000 	/usr/lib/libexpat.1.dylib
0x00000001bcdda000 	/System/Library/PrivateFrameworks/AppleJPEG.framework/Versions/A/AppleJPEG
0x00000001b998d000 	/System/Library/PrivateFrameworks/FontServices.framework/libFontParser.dylib
0x00000001b769e000 	/System/Library/PrivateFrameworks/RunningBoardServices.framework/Versions/A/RunningBoardServices
0x00000001c7b6f000 	/System/Library/PrivateFrameworks/IOSurfaceAccelerator.framework/Versions/A/IOSurfaceAccelerator
0x00000001bcf0b000 	/System/Library/PrivateFrameworks/WatchdogClient.framework/Versions/A/WatchdogClient
0x00000001b22d2000 	/System/Library/Frameworks/CoreDisplay.framework/Versions/A/CoreDisplay
0x00000001b987b000 	/System/Library/Frameworks/CoreMedia.framework/Versions/A/CoreMedia
0x00000001b970f000 	/System/Library/PrivateFrameworks/IOAccelerator.framework/Versions/A/IOAccelerator
0x00000001b84dd000 	/System/Library/Frameworks/CoreVideo.framework/Versions/A/CoreVideo
0x00000001bbb93000 	/System/Library/Frameworks/MetalPerformanceShaders.framework/Versions/A/MetalPerformanceShaders
0x00000001bcf48000 	/System/Library/Frameworks/VideoToolbox.framework/Versions/A/VideoToolbox
0x00000001b75e2000 	/System/Library/PrivateFrameworks/BaseBoard.framework/Versions/A/BaseBoard
0x00000001b7381000 	/System/Library/PrivateFrameworks/ProtocolBuffer.framework/Versions/A/ProtocolBuffer
0x00000001bd471000 	/System/Library/PrivateFrameworks/GPUWrangler.framework/Versions/A/GPUWrangler
0x00000001bd450000 	/System/Library/PrivateFrameworks/IOPresentment.framework/Versions/A/IOPresentment
0x00000001bd479000 	/System/Library/PrivateFrameworks/DSExternalDisplay.framework/Versions/A/DSExternalDisplay
0x00000002122a0000 	/System/Library/Frameworks/OpenGL.framework/Versions/A/Libraries/libCoreFSCache.dylib
0x000000021ba61000 	/System/Library/PrivateFrameworks/GPUCompiler.framework/Versions/31001/Libraries/libGPUCompilerUtils.dylib
0x00000001bd4df000 	/System/Library/PrivateFrameworks/CMCaptureCore.framework/Versions/A/CMCaptureCore
0x00000001bcb18000 	/System/Library/PrivateFrameworks/AppServerSupport.framework/Versions/A/AppServerSupport
0x00000001becb8000 	/System/Library/PrivateFrameworks/perfdata.framework/Versions/A/perfdata
0x00000001b23f2000 	/System/Library/PrivateFrameworks/AudioToolboxCore.framework/Versions/A/AudioToolboxCore
0x00000001b9853000 	/System/Library/PrivateFrameworks/caulk.framework/Versions/A/caulk
0x00000001be5ad000 	/usr/lib/libAudioStatistics.dylib
0x00000001cfeb3000 	/System/Library/PrivateFrameworks/SystemPolicy.framework/Versions/A/SystemPolicy
0x00000001be80d000 	/usr/lib/libSMC.dylib
0x00000001c73de000 	/System/Library/Frameworks/CoreMIDI.framework/Versions/A/CoreMIDI
0x00000001bd39f000 	/usr/lib/libAudioToolboxUtility.dylib
0x00000001cc2ec000 	/System/Library/PrivateFrameworks/OSAServicesClient.framework/Versions/A/OSAServicesClient
0x00000001becc5000 	/usr/lib/libperfcheck.dylib
0x00000001d09b6000 	/usr/lib/libmis.dylib
0x0000000212301000 	/System/Library/Frameworks/OpenGL.framework/Versions/A/Libraries/libGLU.dylib
0x00000002122c0000 	/System/Library/Frameworks/OpenGL.framework/Versions/A/Libraries/libGFXShared.dylib
0x00000002124aa000 	/System/Library/Frameworks/OpenGL.framework/Versions/A/Libraries/libGL.dylib
0x00000002122c9000 	/System/Library/Frameworks/OpenGL.framework/Versions/A/Libraries/libGLImage.dylib
0x00000002122bd000 	/System/Library/Frameworks/OpenGL.framework/Versions/A/Libraries/libCVMSPluginSupport.dylib
0x00000002122a7000 	/System/Library/Frameworks/OpenGL.framework/Versions/A/Libraries/libCoreVMClient.dylib
0x00000001ba3e5000 	/System/Library/Frameworks/MetalPerformanceShaders.framework/Versions/A/Frameworks/MPSCore.framework/Versions/A/MPSCore
0x00000001bb551000 	/System/Library/Frameworks/MetalPerformanceShaders.framework/Versions/A/Frameworks/MPSImage.framework/Versions/A/MPSImage
0x00000001bb04b000 	/System/Library/Frameworks/MetalPerformanceShaders.framework/Versions/A/Frameworks/MPSNeuralNetwork.framework/Versions/A/MPSNeuralNetwork
0x00000001bb488000 	/System/Library/Frameworks/MetalPerformanceShaders.framework/Versions/A/Frameworks/MPSMatrix.framework/Versions/A/MPSMatrix
0x00000001bb263000 	/System/Library/Frameworks/MetalPerformanceShaders.framework/Versions/A/Frameworks/MPSRayIntersector.framework/Versions/A/MPSRayIntersector
0x00000001bb4b9000 	/System/Library/Frameworks/MetalPerformanceShaders.framework/Versions/A/Frameworks/MPSNDArray.framework/Versions/A/MPSNDArray
0x0000000213fd7000 	/System/Library/Frameworks/MetalPerformanceShaders.framework/Versions/A/Frameworks/MPSFunctions.framework/Versions/A/MPSFunctions
0x00000001b1691000 	/System/Library/PrivateFrameworks/MetalTools.framework/Versions/A/MetalTools
0x00000001ba462000 	/System/Library/PrivateFrameworks/AggregateDictionary.framework/Versions/A/AggregateDictionary
0x00000001bc34a000 	/usr/lib/libIOReport.dylib
0x00000001c63c5000 	/System/Library/PrivateFrameworks/ASEProcessing.framework/Versions/A/ASEProcessing
0x00000001bc6bd000 	/System/Library/PrivateFrameworks/FaceCore.framework/Versions/A/FaceCore
0x00000001bc6af000 	/System/Library/PrivateFrameworks/GraphVisualizer.framework/Versions/A/GraphVisualizer
0x000000021b978000 	/System/Library/PrivateFrameworks/FontServices.framework/Versions/A/FontServices
0x00000001bcad2000 	/System/Library/PrivateFrameworks/OTSVG.framework/Versions/A/OTSVG
0x00000001b80ab000 	/System/Library/Frameworks/ApplicationServices.framework/Versions/A/Frameworks/ATS.framework/Versions/A/Resources/libFontRegistry.dylib
0x00000001bcb21000 	/System/Library/PrivateFrameworks/FontServices.framework/libhvf.dylib
0x000000021b979000 	/System/Library/PrivateFrameworks/FontServices.framework/libXTFontStaticRegistryData.dylib
0x000000021264c000 	/System/Library/Frameworks/OpenCL.framework/Versions/A/OpenCL
0x00000001bc518000 	/System/Library/PrivateFrameworks/AppleVA.framework/Versions/A/AppleVA
0x00000001be5d5000 	/System/Library/Frameworks/ApplicationServices.framework/Versions/A/Frameworks/ATS.framework/Versions/A/ATS
0x00000001b6b45000 	/System/Library/Frameworks/ApplicationServices.framework/Versions/A/Frameworks/HIServices.framework/Versions/A/HIServices
0x00000001bd4e9000 	/System/Library/Frameworks/ApplicationServices.framework/Versions/A/Frameworks/PrintCore.framework/Versions/A/PrintCore
0x00000001be960000 	/System/Library/Frameworks/ApplicationServices.framework/Versions/A/Frameworks/QD.framework/Versions/A/QD
0x00000001be958000 	/System/Library/Frameworks/ApplicationServices.framework/Versions/A/Frameworks/ColorSyncLegacy.framework/Versions/A/ColorSyncLegacy
0x00000001be5c1000 	/System/Library/Frameworks/ApplicationServices.framework/Versions/A/Frameworks/SpeechSynthesis.framework/Versions/A/SpeechSynthesis
0x00000001bd4aa000 	/System/Library/Frameworks/ApplicationServices.framework/Versions/A/Frameworks/ATSUI.framework/Versions/A/ATSUI
0x00000001be8ed000 	/usr/lib/libcups.2.dylib
0x00000001becd3000 	/System/Library/Frameworks/Kerberos.framework/Versions/A/Kerberos
0x00000001bece4000 	/System/Library/Frameworks/GSS.framework/Versions/A/GSS
0x00000001be644000 	/usr/lib/libresolv.9.dylib
0x00000001bcb2f000 	/System/Library/PrivateFrameworks/Heimdal.framework/Versions/A/Heimdal
0x00000001c5635000 	/System/Library/Frameworks/Kerberos.framework/Versions/A/Libraries/libHeimdalProxy.dylib
0x00000001b777d000 	/System/Library/Frameworks/Network.framework/Versions/A/Network
0x00000001bc57f000 	/usr/lib/libheimdal-asn1.dylib
0x00000001bed2a000 	/System/Library/PrivateFrameworks/CommonAuth.framework/Versions/A/CommonAuth
0x00000001be53b000 	/System/Library/PrivateFrameworks/AudioSession.framework/Versions/A/AudioSession
0x00000001bc610000 	/System/Library/PrivateFrameworks/MediaExperience.framework/Versions/A/MediaExperience
0x00000001be3c3000 	/System/Library/PrivateFrameworks/AudioSession.framework/libSessionUtility.dylib
0x00000001be96c000 	/System/Library/PrivateFrameworks/AudioResourceArbitration.framework/Versions/A/AudioResourceArbitration
0x00000001c2a77000 	/System/Library/PrivateFrameworks/PowerLog.framework/Versions/A/PowerLog
0x00000001bc588000 	/System/Library/PrivateFrameworks/IconFoundation.framework/Versions/A/IconFoundation
0x00000001c1827000 	/System/Library/PrivateFrameworks/SpeechRecognitionCore.framework/Versions/A/SpeechRecognitionCore
0x000000010381c000 	/Library/Java/JavaVirtualMachines/jdk-17.0.1.jdk/Contents/Home/lib/server/libjvm.dylib
0x0000000102948000 	/Library/Java/JavaVirtualMachines/jdk-17.0.1.jdk/Contents/Home/lib/libjimage.dylib
0x0000000102974000 	/Library/Java/JavaVirtualMachines/jdk-17.0.1.jdk/Contents/Home/lib/libinstrument.dylib
0x00000001029c0000 	/Library/Java/JavaVirtualMachines/jdk-17.0.1.jdk/Contents/Home/lib/libjava.dylib
0x0000000102c74000 	/Library/Java/JavaVirtualMachines/jdk-17.0.1.jdk/Contents/Home/lib/libnio.dylib
0x0000000102c94000 	/Library/Java/JavaVirtualMachines/jdk-17.0.1.jdk/Contents/Home/lib/libnet.dylib
0x00000001029a8000 	/Library/Java/JavaVirtualMachines/jdk-17.0.1.jdk/Contents/Home/lib/libzip.dylib
0x0000000102cb8000 	/Users/endyyu/.openjfx/cache/17.0.1/libprism_es2.dylib
0x00000001b38d2000 	/System/Library/PrivateFrameworks/CoreServicesInternal.framework/Versions/A/CoreServicesInternal
0x00000002124b4000 	/System/Library/Frameworks/OpenGL.framework/Versions/A/Resources/GLEngine.bundle/GLEngine
0x000000021233b000 	/System/Library/Frameworks/OpenGL.framework/Versions/A/Libraries/libGLProgrammability.dylib
0x0000000121c3c000 	/System/Library/Extensions/AppleMetalOpenGLRenderer.bundle/Contents/MacOS/AppleMetalOpenGLRenderer
0x0000000212623000 	/System/Library/Frameworks/OpenGL.framework/Versions/A/Resources/GLRendererFloat.bundle/GLRendererFloat
0x00000002126c4000 	/System/Library/Extensions/AGXMetal13_3.bundle/Contents/MacOS/AGXMetal13_3
0x00000001d09d2000 	/System/Library/PrivateFrameworks/GPURawCounter.framework/Versions/A/GPURawCounter
0x00000001cb473000 	/System/Library/PrivateFrameworks/IOGPU.framework/Versions/A/IOGPU
0x0000000121cd4000 	/Users/endyyu/.openjfx/cache/17.0.1/libglass.dylib
0x00000001c2ccb000 	/System/Library/Frameworks/FileProvider.framework/Versions/A/FileProvider
0x00000001b754a000 	/System/Library/Frameworks/Accounts.framework/Versions/A/Accounts
0x00000001c2e4b000 	/System/Library/PrivateFrameworks/GenerationalStorage.framework/Versions/A/GenerationalStorage
0x00000001c3a01000 	/System/Library/PrivateFrameworks/CoreSymbolication.framework/Versions/A/CoreSymbolication
0x00000001c2a6b000 	/System/Library/PrivateFrameworks/SymptomDiagnosticReporter.framework/Versions/A/SymptomDiagnosticReporter
0x00000001b4bbb000 	/System/Library/PrivateFrameworks/DesktopServicesPriv.framework/Versions/A/DesktopServicesPriv
0x00000001b3a32000 	/usr/lib/libsandbox.1.dylib
0x00000001b856a000 	/System/Library/PrivateFrameworks/UserManagement.framework/Versions/A/UserManagement
0x00000001c39c2000 	/System/Library/PrivateFrameworks/DebugSymbols.framework/Versions/A/DebugSymbols
0x00000001be94b000 	/System/Library/PrivateFrameworks/NetAuth.framework/Versions/A/NetAuth
0x00000001bf850000 	/System/Library/PrivateFrameworks/Sharing.framework/Versions/A/Sharing
0x00000001b853a000 	/System/Library/PrivateFrameworks/login.framework/Versions/A/Frameworks/loginsupport.framework/Versions/A/loginsupport
0x00000001c4b79000 	/System/Library/PrivateFrameworks/Apple80211.framework/Versions/A/Apple80211
0x00000001bb635000 	/System/Library/PrivateFrameworks/AuthKit.framework/Versions/A/AuthKit
0x00000001bacc7000 	/System/Library/PrivateFrameworks/CoreUtils.framework/Versions/A/CoreUtils
0x00000001babe7000 	/System/Library/Frameworks/CoreWLAN.framework/Versions/A/CoreWLAN
0x00000001bf9ba000 	/System/Library/Frameworks/IOBluetooth.framework/Versions/A/IOBluetooth
0x00000001c4bd9000 	/System/Library/PrivateFrameworks/CoreWiFi.framework/Versions/A/CoreWiFi
0x00000001c35a9000 	/System/Library/PrivateFrameworks/FrontBoardServices.framework/Versions/A/FrontBoardServices
0x00000001c3641000 	/System/Library/PrivateFrameworks/BoardServices.framework/Versions/A/BoardServices
0x00000001baee2000 	/System/Library/PrivateFrameworks/AssertionServices.framework/Versions/A/AssertionServices
0x00000001c4d47000 	/System/Library/PrivateFrameworks/BackBoardServices.framework/Versions/A/BackBoardServices
0x00000001bedbd000 	/System/Library/PrivateFrameworks/CorePhoneNumbers.framework/Versions/A/CorePhoneNumbers
0x00000001c2b9b000 	/System/Library/PrivateFrameworks/DiskManagement.framework/Versions/A/DiskManagement
0x00000001c2a9e000 	/System/Library/PrivateFrameworks/AppleIDAuthSupport.framework/Versions/A/AppleIDAuthSupport
0x00000002162a0000 	/System/Library/PrivateFrameworks/AAAFoundation.framework/Versions/A/AAAFoundation
0x00000001bed9c000 	/System/Library/PrivateFrameworks/KeychainCircle.framework/Versions/A/KeychainCircle
0x00000001c2b67000 	/System/Library/PrivateFrameworks/MediaKit.framework/Versions/A/MediaKit
0x00000001c2aab000 	/System/Library/Frameworks/DiscRecording.framework/Versions/A/DiscRecording
0x00000001bc494000 	/usr/lib/libCoreStorage.dylib
0x00000001c5043000 	/usr/lib/libcsfde.dylib
0x00000001bfa8f000 	/System/Library/PrivateFrameworks/ProtectedCloudStorage.framework/Versions/A/ProtectedCloudStorage
0x00000001c503b000 	/System/Library/PrivateFrameworks/EFILogin.framework/Versions/A/EFILogin
0x00000001c2e72000 	/System/Library/PrivateFrameworks/OctagonTrust.framework/Versions/A/OctagonTrust
0x000000021abc4000 	/System/Library/PrivateFrameworks/CoreUtilsExtras.framework/Versions/A/CoreUtilsExtras
0x00000001c29e1000 	/System/Library/Frameworks/CoreBluetooth.framework/Versions/A/CoreBluetooth
0x00000001c56ba000 	/System/Library/Frameworks/AudioUnit.framework/Versions/A/AudioUnit
0x00000001bc48c000 	/usr/lib/libMatch.1.dylib
0x00000001d4cb5000 	/System/Library/Frameworks/Accelerate.framework/Versions/A/Frameworks/vImage.framework/Versions/A/Libraries/libCGInterfaces.dylib
0x0000000126790000 	/usr/lib/libobjc-trampolines.dylib
0x00000001b8237000 	/System/Library/PrivateFrameworks/ViewBridge.framework/Versions/A/ViewBridge
0x00000001424dc000 	/Users/endyyu/.openjfx/cache/17.0.1/libjavafx_font.dylib
0x0000000142798000 	/Library/Java/JavaVirtualMachines/jdk-17.0.1.jdk/Contents/Home/lib/librmi.dylib
0x00000001bcbdd000 	/System/Library/PrivateFrameworks/login.framework/Versions/A/login
0x000000022e18c000 	/usr/lib/libRosetta.dylib
0x00000001c1f01000 	/System/Library/PrivateFrameworks/SystemAdministration.framework/Versions/A/SystemAdministration
0x00000001bd6f3000 	/System/Library/Frameworks/MediaToolbox.framework/Versions/A/MediaToolbox
0x00000001c17ef000 	/System/Library/Frameworks/DirectoryService.framework/Versions/A/DirectoryService
0x00000001c4ed0000 	/System/Library/PrivateFrameworks/DiskImages.framework/Versions/A/DiskImages
0x00000001baf93000 	/System/Library/Frameworks/ServiceManagement.framework/Versions/A/ServiceManagement
0x00000001c50b6000 	/System/Library/PrivateFrameworks/LoginUIKit.framework/Versions/A/Frameworks/LoginUICore.framework/Versions/A/LoginUICore
0x00000001bcd93000 	/usr/lib/libodfde.dylib
0x00000001c2c97000 	/System/Library/PrivateFrameworks/CoreAVCHD.framework/Versions/A/CoreAVCHD
0x00000001c1ec3000 	/System/Library/Frameworks/MediaAccessibility.framework/Versions/A/MediaAccessibility
0x00000001c2c93000 	/System/Library/PrivateFrameworks/Mangrove.framework/Versions/A/Mangrove
0x00000001c1ed0000 	/System/Library/PrivateFrameworks/AlgosScoreFramework.framework/Versions/A/AlgosScoreFramework
0x0000000217ea4000 	/System/Library/PrivateFrameworks/CMPhoto.framework/Versions/A/CMPhoto
0x00000001c2c87000 	/System/Library/PrivateFrameworks/CoreAUC.framework/Versions/A/CoreAUC
0x00000001c504f000 	/usr/lib/libcurl.4.dylib
0x00000001c4da5000 	/usr/lib/libcrypto.44.dylib
0x00000001c4ea3000 	/usr/lib/libssl.46.dylib
0x00000001c4d67000 	/System/Library/Frameworks/LDAP.framework/Versions/A/LDAP
0x00000001c4da3000 	/System/Library/PrivateFrameworks/TrustEvaluationAgent.framework/Versions/A/TrustEvaluationAgent
0x00000001be65d000 	/usr/lib/libsasl2.2.dylib
0x00000001c1ef6000 	/System/Library/PrivateFrameworks/CoreDaemon.framework/Versions/B/CoreDaemon
0x00000001c1ef0000 	/System/Library/PrivateFrameworks/AppleSRP.framework/Versions/A/AppleSRP
0x0000000145e90000 	/Users/endyyu/.openjfx/cache/17.0.1/libjavafx_iio.dylib


VM Arguments:
jvm_args: -javaagent:/Applications/IntelliJ IDEA CE.app/Contents/lib/idea_rt.jar=59186:/Applications/IntelliJ IDEA CE.app/Contents/bin -Dfile.encoding=UTF-8 --module-path=/Users/endyyu/.m2/repository/eu/hansolo/tilesfx/11.48/tilesfx-11.48.jar:/Users/endyyu/.m2/repository/com/gluonhq/attach/storage/4.0.9/storage-4.0.9.jar:/Users/endyyu/.m2/repository/org/controlsfx/controlsfx/11.1.1/controlsfx-11.1.1.jar:/Users/endyyu/.m2/repository/org/openjfx/javafx-fxml/17.0.1/javafx-fxml-17.0.1-mac-aarch64.jar:/Users/endyyu/.m2/repository/org/kordamp/bootstrapfx/bootstrapfx-core/0.4.0/bootstrapfx-core-0.4.0.jar:/Users/endyyu/.m2/repository/com/github/almasb/fxgl-entity/17/fxgl-entity-17.jar:/Users/endyyu/.m2/repository/com/github/almasb/fxgl-scene/17/fxgl-scene-17.jar:/Users/endyyu/.m2/repository/com/github/almasb/fxgl-core/17/fxgl-core-17.jar:/Users/endyyu/Desktop/middleware/Play_Cards/PlayCards/target/classes:/Users/endyyu/.m2/repository/com/gluonhq/attach/lifecycle/4.0.9/lifecycle-4.0.9.jar:/Users/endyyu/.m2/repository/net/synedra/validatorfx/0.2.1/validatorfx-0.2.1.jar:/Users/endyyu/.m2/repository/com/gluonhq/attach/util/4.0.9/util-4.0.9.jar:/Users/endyyu/.m2/repository/com/github/almasb/fxgl-io/17/fxgl-io-17.jar:/Users/endyyu/.m2/repository/org/kordamp/ikonli/ikonli-javafx/12.3.0/ikonli-javafx-12.3.0.jar:/Users/endyyu/.m2/repository/org/openjfx/javafx-base/17.0.1/javafx-base-17.0.1-mac-aarch64.jar:/Users/endyyu/.m2/repository/org/openjfx/javafx-graphics/17.0.1/javafx-graphics-17.0.1-mac-aarch64.jar:/Users/endyyu/.m2/repository/com/github/almasb/fxgl/17/fxgl-17.jar:/Users/endyyu/.m2/repository/com/fasterxml/jackson/core/jackson-annotations/2.14.0-rc3/jackson-annotations-2.14.0-rc3.jar:/Users/endyyu/.m2/repository/org/openjfx/javafx-web/17.0.1/javafx-web-17.0.1-mac-aarch64.jar:/Users/endyyu/.m2/repository/org/openjfx/javafx-controls/17.0.1/javafx-controls-17.0.1-mac-aarch64.jar:/Users/endyyu/.m2/repository/org/openjfx/javafx-media/17.0.1/javafx-media-17.0.1-mac-aarch64.jar:/Users/endyyu/.m2/repository/com/fasterxml/jackson/core/jackson-databind/2.14.0-rc3/jackson-databind-2.14.0-rc3.jar:/Users/endyyu/.m2/repository/com/gluonhq/at-Djdk.module.main=fr.playcards 
java_command: fr.playcards/fr.playcards.PlayCardsApplication
java_class_path (initial): /Users/endyyu/.m2/repository/org/openjfx/javafx-controls/17.0.1/javafx-controls-17.0.1.jar:/Users/endyyu/.m2/repository/org/openjfx/javafx-graphics/17.0.1/javafx-graphics-17.0.1.jar:/Users/endyyu/.m2/repository/org/openjfx/javafx-base/17.0.1/javafx-base-17.0.1.jar:/Users/endyyu/.m2/repository/org/openjfx/javafx-fxml/17.0.1/javafx-fxml-17.0.1.jar:/Users/endyyu/.m2/repository/org/openjfx/javafx-web/17.0.1/javafx-web-17.0.1.jar:/Users/endyyu/.m2/repository/org/openjfx/javafx-media/17.0.1/javafx-media-17.0.1.jar:/Users/endyyu/.m2/repository/org/jetbrains/annotations/13.0/annotations-13.0.jar:/Users/endyyu/.m2/repository/org/jetbrains/kotlin/kotlin-stdlib-common/1.5.32/kotlin-stdlib-common-1.5.32.jar
Launcher Type: SUN_STANDARD

[Global flags]
     intx CICompilerCount                          = 4                                         {product} {ergonomic}
     uint ConcGCThreads                            = 2                                         {product} {ergonomic}
     uint G1ConcRefinementThreads                  = 8                                         {product} {ergonomic}
   size_t G1HeapRegionSize                         = 1048576                                   {product} {ergonomic}
    uintx GCDrainStackTargetSize                   = 64                                        {product} {ergonomic}
   size_t InitialHeapSize                          = 134217728                                 {product} {ergonomic}
   size_t MarkStackSize                            = 4194304                                   {product} {ergonomic}
   size_t MaxHeapSize                              = 2147483648                                {product} {ergonomic}
   size_t MaxNewSize                               = 1287651328                                {product} {ergonomic}
   size_t MinHeapDeltaBytes                        = 1048576                                   {product} {ergonomic}
   size_t MinHeapSize                              = 8388608                                   {product} {ergonomic}
    uintx NonNMethodCodeHeapSize                   = 5839564                                {pd product} {ergonomic}
    uintx NonProfiledCodeHeapSize                  = 122909338                              {pd product} {ergonomic}
    uintx ProfiledCodeHeapSize                     = 122909338                              {pd product} {ergonomic}
    uintx ReservedCodeCacheSize                    = 251658240                              {pd product} {ergonomic}
     bool SegmentedCodeCache                       = true                                      {product} {ergonomic}
   size_t SoftMaxHeapSize                          = 2147483648                             {manageable} {ergonomic}
     bool UseCompressedClassPointers               = true                           {product lp64_product} {ergonomic}
     bool UseCompressedOops                        = true                           {product lp64_product} {ergonomic}
     bool UseG1GC                                  = true                                      {product} {ergonomic}
     bool UseNUMA                                  = false                                     {product} {ergonomic}
     bool UseNUMAInterleaving                      = false                                     {product} {ergonomic}

Logging:
Log output configuration:
 #0: stdout all=warning uptime,level,tags
 #1: stderr all=off uptime,level,tags

Environment Variables:
JAVA_HOME=/Library/Java/JavaVirtualMachines/jdk-11.0.14.jdk/Contents/Home
PATH=/Users/endyyu/opt/anaconda3/condabin:/Users/endyyu/Users/endyyu/Documents/instantclient_19_8/:/opt/homebrew/bin:/opt/homebrew/sbin:/usr/local/bin:/usr/bin:/bin:/usr/sbin:/sbin:/Library/TeX/texbin:/Library/Apple/usr/bin:/usr/local/mysql/bin:/Applications/Postgres.app/Contents/Versions/14/bin
SHELL=/bin/zsh
LC_CTYPE=fr_FR.UTF-8

Signal Handlers:
   SIGSEGV: _ZL13crash_handleriP9__siginfoPv in libjvm.dylib, mask=11100110000111110111111111111111, flags=SA_RESTART|SA_SIGINFO
    SIGBUS: _ZL13crash_handleriP9__siginfoPv in libjvm.dylib, mask=11100110000111110111111111111111, flags=SA_RESTART|SA_SIGINFO
    SIGFPE: _ZL13crash_handleriP9__siginfoPv in libjvm.dylib, mask=11100110000111110111111111111111, flags=SA_RESTART|SA_SIGINFO
   SIGPIPE: _ZL17javaSignalHandleriP9__siginfoPv in libjvm.dylib, mask=11100110000111110111111111111111, flags=SA_RESTART|SA_SIGINFO
   SIGXFSZ: _ZL17javaSignalHandleriP9__siginfoPv in libjvm.dylib, mask=11100110000111110111111111111111, flags=SA_RESTART|SA_SIGINFO
    SIGILL: _ZL13crash_handleriP9__siginfoPv in libjvm.dylib, mask=11100110000111110111111111111111, flags=SA_RESTART|SA_SIGINFO
   SIGUSR2: _ZL10SR_handleriP9__siginfoP17__darwin_ucontext in libjvm.dylib, mask=00100000000000000000000000000000, flags=SA_RESTART|SA_SIGINFO
    SIGHUP: _ZL11UserHandleriPvS_ in libjvm.dylib, mask=11100110000111110111111111111111, flags=SA_RESTART|SA_SIGINFO
    SIGINT: _ZL11UserHandleriPvS_ in libjvm.dylib, mask=11100110000111110111111111111111, flags=SA_RESTART|SA_SIGINFO
   SIGTERM: _ZL11UserHandleriPvS_ in libjvm.dylib, mask=11100110000111110111111111111111, flags=SA_RESTART|SA_SIGINFO
   SIGQUIT: _ZL11UserHandleriPvS_ in libjvm.dylib, mask=11100110000111110111111111111111, flags=SA_RESTART|SA_SIGINFO
   SIGTRAP: _ZL13crash_handleriP9__siginfoPv in libjvm.dylib, mask=11100110000111110111111111111111, flags=SA_RESTART|SA_SIGINFO


---------------  S Y S T E M  ---------------

OS:
uname: Darwin 21.2.0 Darwin Kernel Version 21.2.0: Sun Nov 28 20:29:10 PST 2021; root:xnu-8019.61.5~1/RELEASE_ARM64_T8101 arm64
OS uptime: 13 days 6:41 hours
rlimit (soft/hard): STACK 8176k/65520k , CORE 0k/infinity , NPROC 1333/2000 , NOFILE 10240/infinity , AS infinity/infinity , CPU infinity/infinity , DATA infinity/infinity , FSIZE infinity/infinity , MEMLOCK infinity/infinity , RSS infinity/infinity
load average: 2.40 2.20 2.08

CPU: total 8 (initial active 8) 0x61:0x0:0x1b588bb3:0, fp, simd, crc, lse

Memory: 16k page, physical 8388608k(126432k free), swap 3145728k(413440k free)

vm_info: Java HotSpot(TM) 64-Bit Server VM (17.0.1+12-LTS-39) for bsd-aarch64 JRE (17.0.1+12-LTS-39), built on Sep 27 2021 17:38:30 by "mach5one" with clang Apple LLVM 12.0.0 (clang-1200.0.32.29)

END.
